Log file open, 06/16/18 01:22:47
LogWindows: Failed to load 'aqProf.dll' (GetLastError=126)
LogWindows: File 'aqProf.dll' does not exist
LogWindows: Failed to load 'VSPerf140.dll' (GetLastError=126)
LogWindows: File 'VSPerf140.dll' does not exist
LogWindows: Failed to load 'VtuneApi.dll' (GetLastError=126)
LogWindows: File 'VtuneApi.dll' does not exist
LogWindows: Failed to load 'VtuneApi32e.dll' (GetLastError=126)
LogWindows: File 'VtuneApi32e.dll' does not exist
LogInit: Display: Running engine for game: SalemWitchTrials
LogPlatformFile: Not using cached read wrapper
LogInit: Display: RandInit(-1805340696) SRandInit(-1805340696).
LogInit: Read version file with build ID '3944462'
LogInit: Overriding engine version to CL 3944462, compatible CL 3944462
LogInit: Registered custom module enumerator with build ID '3944462'
LogTaskGraph: Started task graph with 5 named threads and 8 total threads with 3 sets of task threads.
LogStats: Stats thread started at 0.572717
LogD3D11RHI: Aftermath initialized
LogICUInternationalization: Display: ICU TimeZone Detection - Raw Offset: -5:00, Platform Override: ''
LogModuleManager: Display: Found up-to-date module file ../../../Engine/Plugins/2D/Paper2D/Binaries/Win64/UE4Editor-Paper2D.dll (API version 3944462).
LogModuleManager: Display: Found up-to-date module file ../../../Engine/Plugins/2D/Paper2D/Binaries/Win64/UE4Editor-Paper2DEditor.dll (API version 3944462).
LogModuleManager: Display: Found up-to-date module file ../../../Engine/Plugins/2D/Paper2D/Binaries/Win64/UE4Editor-PaperSpriteSheetImporter.dll (API version 3944462).
LogModuleManager: Display: Found up-to-date module file ../../../Engine/Plugins/2D/Paper2D/Binaries/Win64/UE4Editor-PaperTiledImporter.dll (API version 3944462).
LogModuleManager: Display: Found up-to-date module file ../../../Engine/Plugins/2D/Paper2D/Binaries/Win64/UE4Editor-SmartSnapping.dll (API version 3944462).
LogModuleManager: Display: Found up-to-date module file ../../../Engine/Plugins/Blendables/LightPropagationVolume/Binaries/Win64/UE4Editor-LightPropagationVolumeRuntime.dll (API version 3944462).
LogModuleManager: Display: Found up-to-date module file ../../../Engine/Plugins/Blendables/LightPropagationVolume/Binaries/Win64/UE4Editor-LightPropagationVolumeEditor.dll (API version 3944462).
LogModuleManager: Display: Found up-to-date module file ../../../Engine/Plugins/Developer/CLionSourceCodeAccess/Binaries/Win64/UE4Editor-CLionSourceCodeAccess.dll (API version 3944462).
LogModuleManager: Display: Found up-to-date module file ../../../Engine/Plugins/Developer/GitSourceControl/Binaries/Win64/UE4Editor-GitSourceControl.dll (API version 3944462).
LogModuleManager: Display: Found up-to-date module file ../../../Engine/Plugins/Developer/PerforceSourceControl/Binaries/Win64/UE4Editor-PerforceSourceControl.dll (API version 3944462).
LogModuleManager: Display: Found up-to-date module file ../../../Engine/Plugins/Developer/SubversionSourceControl/Binaries/Win64/UE4Editor-SubversionSourceControl.dll (API version 3944462).
LogModuleManager: Display: Found up-to-date module file ../../../Engine/Plugins/Developer/UObjectPlugin/Binaries/Win64/UE4Editor-UObjectPlugin.dll (API version 3944462).
LogModuleManager: Display: Found up-to-date module file ../../../Engine/Plugins/Developer/VisualStudioCodeSourceCodeAccess/Binaries/Win64/UE4Editor-VisualStudioCodeSourceCodeAccess.dll (API version 3944462).
LogModuleManager: Display: Found up-to-date module file ../../../Engine/Plugins/Developer/VisualStudioSourceCodeAccess/Binaries/Win64/UE4Editor-VisualStudioSourceCodeAccess.dll (API version 3944462).
LogModuleManager: Display: Found up-to-date module file ../../../Engine/Plugins/Editor/AssetManagerEditor/Binaries/Win64/UE4Editor-AssetManagerEditor.dll (API version 3944462).
LogModuleManager: Display: Found up-to-date module file ../../../Engine/Plugins/Editor/CryptoKeys/Binaries/Win64/UE4Editor-CryptoKeys.dll (API version 3944462).
LogModuleManager: Display: Found up-to-date module file ../../../Engine/Plugins/Editor/CryptoKeys/Binaries/Win64/UE4Editor-CryptoKeysOpenSSL.dll (API version 3944462).
LogModuleManager: Display: Found up-to-date module file ../../../Engine/Plugins/Editor/DataValidation/Binaries/Win64/UE4Editor-DataValidation.dll (API version 3944462).
LogModuleManager: Display: Found up-to-date module file ../../../Engine/Plugins/Editor/FacialAnimation/Binaries/Win64/UE4Editor-FacialAnimation.dll (API version 3944462).
LogModuleManager: Display: Found up-to-date module file ../../../Engine/Plugins/Editor/FacialAnimation/Binaries/Win64/UE4Editor-FacialAnimationEditor.dll (API version 3944462).
LogModuleManager: Display: Found up-to-date module file ../../../Engine/Plugins/Editor/GameplayTagsEditor/Binaries/Win64/UE4Editor-GameplayTagsEditor.dll (API version 3944462).
LogModuleManager: Display: Found up-to-date module file ../../../Engine/Plugins/Editor/MobileLauncherProfileWizard/Binaries/Win64/UE4Editor-MobileLauncherProfileWizard.dll (API version 3944462).
LogModuleManager: Display: Found up-to-date module file ../../../Engine/Plugins/Editor/PluginBrowser/Binaries/Win64/UE4Editor-PluginBrowser.dll (API version 3944462).
LogModuleManager: Display: Found up-to-date module file ../../../Engine/Plugins/Editor/SpeedTreeImporter/Binaries/Win64/UE4Editor-SpeedTreeImporter.dll (API version 3944462).
LogModuleManager: Display: Found up-to-date module file ../../../Engine/Plugins/Enterprise/DatasmithContent/Binaries/Win64/UE4Editor-DatasmithContent.dll (API version 3944462).
LogModuleManager: Display: Found up-to-date module file ../../../Engine/Plugins/Experimental/AlembicImporter/Binaries/Win64/UE4Editor-AlembicImporter.dll (API version 3944462).
LogModuleManager: Display: Found up-to-date module file ../../../Engine/Plugins/Experimental/AlembicImporter/Binaries/Win64/UE4Editor-AlembicLibrary.dll (API version 3944462).
LogModuleManager: Display: Found up-to-date module file ../../../Engine/Plugins/Experimental/CharacterAI/Binaries/Win64/UE4Editor-CharacterAI.dll (API version 3944462).
LogModuleManager: Display: Found up-to-date module file ../../../Engine/Plugins/Experimental/HTML5Networking/Binaries/Win64/UE4Editor-HTML5Networking.dll (API version 3944462).
LogModuleManager: Display: Found up-to-date module file ../../../Engine/Plugins/Media/AndroidMedia/Binaries/Win64/UE4Editor-AndroidMediaEditor.dll (API version 3944462).
LogModuleManager: Display: Found up-to-date module file ../../../Engine/Plugins/Media/AndroidMedia/Binaries/Win64/UE4Editor-AndroidMediaFactory.dll (API version 3944462).
LogModuleManager: Display: Found up-to-date module file ../../../Engine/Plugins/Media/AvfMedia/Binaries/Win64/UE4Editor-AvfMediaEditor.dll (API version 3944462).
LogModuleManager: Display: Found up-to-date module file ../../../Engine/Plugins/Media/AvfMedia/Binaries/Win64/UE4Editor-AvfMediaFactory.dll (API version 3944462).
LogModuleManager: Display: Found up-to-date module file ../../../Engine/Plugins/Media/AvfMedia/Binaries/Win64/UE4Editor-AvfMediaFactory.dll (API version 3944462).
LogModuleManager: Display: Found up-to-date module file ../../../Engine/Plugins/Media/ImgMedia/Binaries/Win64/UE4Editor-ImgMedia.dll (API version 3944462).
LogModuleManager: Display: Found up-to-date module file ../../../Engine/Plugins/Media/ImgMedia/Binaries/Win64/UE4Editor-ImgMediaEditor.dll (API version 3944462).
LogModuleManager: Display: Found up-to-date module file ../../../Engine/Plugins/Media/ImgMedia/Binaries/Win64/UE4Editor-ImgMediaFactory.dll (API version 3944462).
LogModuleManager: Display: Found up-to-date module file ../../../Engine/Plugins/Media/ImgMedia/Binaries/Win64/UE4Editor-ImgMediaFactory.dll (API version 3944462).
LogModuleManager: Display: Found up-to-date module file ../../../Engine/Plugins/Media/ImgMedia/Binaries/Win64/UE4Editor-OpenExrWrapper.dll (API version 3944462).
LogModuleManager: Display: Found up-to-date module file ../../../Engine/Plugins/Media/LinearTimecode/Binaries/Win64/UE4Editor-LinearTimecode.dll (API version 3944462).
LogModuleManager: Display: Found up-to-date module file ../../../Engine/Plugins/Media/MediaCompositing/Binaries/Win64/UE4Editor-MediaCompositing.dll (API version 3944462).
LogModuleManager: Display: Found up-to-date module file ../../../Engine/Plugins/Media/MediaCompositing/Binaries/Win64/UE4Editor-MediaCompositingEditor.dll (API version 3944462).
LogModuleManager: Display: Found up-to-date module file ../../../Engine/Plugins/Media/MediaPlayerEditor/Binaries/Win64/UE4Editor-MediaPlayerEditor.dll (API version 3944462).
LogModuleManager: Display: Found up-to-date module file ../../../Engine/Plugins/Media/WmfMedia/Binaries/Win64/UE4Editor-WmfMedia.dll (API version 3944462).
LogModuleManager: Display: Found up-to-date module file ../../../Engine/Plugins/Media/WmfMedia/Binaries/Win64/UE4Editor-WmfMediaEditor.dll (API version 3944462).
LogModuleManager: Display: Found up-to-date module file ../../../Engine/Plugins/Media/WmfMedia/Binaries/Win64/UE4Editor-WmfMediaFactory.dll (API version 3944462).
LogModuleManager: Display: Found up-to-date module file ../../../Engine/Plugins/Media/WmfMedia/Binaries/Win64/UE4Editor-WmfMediaFactory.dll (API version 3944462).
LogModuleManager: Display: Found up-to-date module file ../../../Engine/Plugins/Messaging/TcpMessaging/Binaries/Win64/UE4Editor-TcpMessaging.dll (API version 3944462).
LogModuleManager: Display: Found up-to-date module file ../../../Engine/Plugins/Messaging/UdpMessaging/Binaries/Win64/UE4Editor-UdpMessaging.dll (API version 3944462).
LogModuleManager: Display: Found up-to-date module file ../../../Engine/Plugins/MovieScene/ActorSequence/Binaries/Win64/UE4Editor-ActorSequence.dll (API version 3944462).
LogModuleManager: Display: Found up-to-date module file ../../../Engine/Plugins/MovieScene/LevelSequenceEditor/Binaries/Win64/UE4Editor-LevelSequenceEditor.dll (API version 3944462).
LogModuleManager: Display: Found up-to-date module file ../../../Engine/Plugins/MovieScene/MatineeToLevelSequence/Binaries/Win64/UE4Editor-MatineeToLevelSequence.dll (API version 3944462).
LogModuleManager: Display: Found up-to-date module file ../../../Engine/Plugins/NetcodeUnitTest/NetcodeUnitTest/Binaries/Win64/UE4Editor-NetcodeUnitTest.dll (API version 3944462).
LogModuleManager: Display: Found up-to-date module file ../../../Engine/Plugins/NetcodeUnitTest/NUTUnrealEngine4/Binaries/Win64/UE4Editor-NUTUnrealEngine4.dll (API version 3944462).
LogModuleManager: Display: Found up-to-date module file ../../../Engine/Plugins/Online/OnlineSubsystem/Binaries/Win64/UE4Editor-OnlineSubsystem.dll (API version 3944462).
LogModuleManager: Display: Found up-to-date module file ../../../Engine/Plugins/Runtime/AndroidPermission/Binaries/Win64/UE4Editor-AndroidPermission.dll (API version 3944462).
LogModuleManager: Display: Found up-to-date module file ../../../Engine/Plugins/Online/OnlineSubsystemNull/Binaries/Win64/UE4Editor-OnlineSubsystemNull.dll (API version 3944462).
LogModuleManager: Display: Found up-to-date module file ../../../Engine/Plugins/Online/OnlineSubsystemUtils/Binaries/Win64/UE4Editor-OnlineSubsystemUtils.dll (API version 3944462).
LogModuleManager: Display: Found up-to-date module file ../../../Engine/Plugins/Online/OnlineSubsystemUtils/Binaries/Win64/UE4Editor-OnlineBlueprintSupport.dll (API version 3944462).
LogModuleManager: Display: Found up-to-date module file ../../../Engine/Plugins/Runtime/AndroidDeviceProfileSelector/Binaries/Win64/UE4Editor-AndroidDeviceProfileSelector.dll (API version 3944462).
LogModuleManager: Display: Found up-to-date module file ../../../Engine/Plugins/Runtime/AppleARKit/Binaries/Win64/UE4Editor-AppleARKit.dll (API version 3944462).
LogModuleManager: Display: Found up-to-date module file ../../../Engine/Plugins/Runtime/ProceduralMeshComponent/Binaries/Win64/UE4Editor-ProceduralMeshComponent.dll (API version 3944462).
LogModuleManager: Display: Found up-to-date module file ../../../Engine/Plugins/Runtime/ProceduralMeshComponent/Binaries/Win64/UE4Editor-ProceduralMeshComponentEditor.dll (API version 3944462).
LogModuleManager: Display: Found up-to-date module file ../../../Engine/Plugins/Animation/LiveLink/Binaries/Win64/UE4Editor-LiveLink.dll (API version 3944462).
LogModuleManager: Display: Found up-to-date module file ../../../Engine/Plugins/Animation/LiveLink/Binaries/Win64/UE4Editor-LiveLinkEditor.dll (API version 3944462).
LogModuleManager: Display: Found up-to-date module file ../../../Engine/Plugins/Runtime/ArchVisCharacter/Binaries/Win64/UE4Editor-ArchVisCharacter.dll (API version 3944462).
LogModuleManager: Display: Found up-to-date module file ../../../Engine/Plugins/Runtime/AudioCapture/Binaries/Win64/UE4Editor-AudioCapture.dll (API version 3944462).
LogModuleManager: Display: Found up-to-date module file ../../../Engine/Plugins/Runtime/AudioCapture/Binaries/Win64/UE4Editor-AudioCaptureEditor.dll (API version 3944462).
LogModuleManager: Display: Found up-to-date module file ../../../Engine/Plugins/Runtime/CableComponent/Binaries/Win64/UE4Editor-CableComponent.dll (API version 3944462).
LogModuleManager: Display: Found up-to-date module file ../../../Engine/Plugins/Runtime/CustomMeshComponent/Binaries/Win64/UE4Editor-CustomMeshComponent.dll (API version 3944462).
LogModuleManager: Display: Found up-to-date module file ../../../Engine/Plugins/Runtime/ExampleDeviceProfileSelector/Binaries/Win64/UE4Editor-ExampleDeviceProfileSelector.dll (API version 3944462).
LogModuleManager: Display: Found up-to-date module file ../../../Engine/Plugins/Runtime/ImmediatePhysics/Binaries/Win64/UE4Editor-ImmediatePhysics.dll (API version 3944462).
LogModuleManager: Display: Found up-to-date module file ../../../Engine/Plugins/Runtime/ImmediatePhysics/Binaries/Win64/UE4Editor-ImmediatePhysicsEditor.dll (API version 3944462).
LogModuleManager: Display: Found up-to-date module file ../../../Engine/Plugins/Runtime/LocationServicesBPLibrary/Binaries/Win64/UE4Editor-LocationServicesBPLibrary.dll (API version 3944462).
LogModuleManager: Display: Found up-to-date module file ../../../Engine/Plugins/Runtime/MobilePatchingUtils/Binaries/Win64/UE4Editor-MobilePatchingUtils.dll (API version 3944462).
LogModuleManager: Display: Found up-to-date module file ../../../Engine/Plugins/Runtime/Oculus/OculusVR/Binaries/Win64/UE4Editor-OculusHMD.dll (API version 3944462).
LogModuleManager: Display: Found up-to-date module file ../../../Engine/Plugins/Runtime/Oculus/OculusVR/Binaries/Win64/UE4Editor-OculusInput.dll (API version 3944462).
LogModuleManager: Display: Found up-to-date module file ../../../Engine/Plugins/Runtime/Oculus/OculusVR/Binaries/Win64/UE4Editor-OculusEditor.dll (API version 3944462).
LogModuleManager: Display: Found up-to-date module file ../../../Engine/Plugins/Runtime/PhysXVehicles/Binaries/Win64/UE4Editor-PhysXVehicles.dll (API version 3944462).
LogModuleManager: Display: Found up-to-date module file ../../../Engine/Plugins/Runtime/PhysXVehicles/Binaries/Win64/UE4Editor-PhysXVehiclesEditor.dll (API version 3944462).
LogModuleManager: Display: Found up-to-date module file ../../../Engine/Plugins/Runtime/RuntimePhysXCooking/Binaries/Win64/UE4Editor-RuntimePhysXCooking.dll (API version 3944462).
LogModuleManager: Display: Found up-to-date module file ../../../Engine/Plugins/Runtime/Steam/SteamVR/Binaries/Win64/UE4Editor-SteamVR.dll (API version 3944462).
LogModuleManager: Display: Found up-to-date module file ../../../Engine/Plugins/Runtime/Steam/SteamVR/Binaries/Win64/UE4Editor-SteamVRController.dll (API version 3944462).
LogModuleManager: Display: Found up-to-date module file ../../../Engine/Plugins/Runtime/WindowsMoviePlayer/Binaries/Win64/UE4Editor-WindowsMoviePlayer.dll (API version 3944462).
LogPluginManager: Mounting plugin Paper2D
LogPluginManager: Mounting plugin LiveLink
LogPluginManager: Mounting plugin LightPropagationVolume
LogPluginManager: Mounting plugin CLionSourceCodeAccess
LogPluginManager: Mounting plugin CodeLiteSourceCodeAccess
LogPluginManager: Mounting plugin GitSourceControl
LogPluginManager: Mounting plugin KDevelopSourceCodeAccess
LogPluginManager: Mounting plugin NullSourceCodeAccess
LogPluginManager: Mounting plugin PerforceSourceControl
LogPluginManager: Mounting plugin SubversionSourceControl
LogPluginManager: Mounting plugin UObjectPlugin
LogPluginManager: Mounting plugin VisualStudioCodeSourceCodeAccess
LogPluginManager: Mounting plugin VisualStudioSourceCodeAccess
LogPluginManager: Mounting plugin XCodeSourceCodeAccess
LogPluginManager: Mounting plugin AssetManagerEditor
LogPluginManager: Mounting plugin CryptoKeys
LogPluginManager: Mounting plugin DataValidation
LogPluginManager: Mounting plugin FacialAnimation
LogPluginManager: Mounting plugin GameplayTagsEditor
LogPluginManager: Mounting plugin MobileLauncherProfileWizard
LogPluginManager: Mounting plugin PluginBrowser
LogPluginManager: Mounting plugin SpeedTreeImporter
LogPluginManager: Mounting plugin DatasmithContent
LogPluginManager: Mounting plugin AlembicImporter
LogPluginManager: Mounting plugin CharacterAI
LogPluginManager: Mounting plugin HTML5Networking
LogPluginManager: Mounting plugin AndroidMedia
LogPluginManager: Mounting plugin AvfMedia
LogPluginManager: Mounting plugin ImgMedia
LogPluginManager: Mounting plugin LinearTimecode
LogPluginManager: Mounting plugin MediaCompositing
LogPluginManager: Mounting plugin MediaPlayerEditor
LogPluginManager: Mounting plugin WmfMedia
LogPluginManager: Mounting plugin TcpMessaging
LogPluginManager: Mounting plugin UdpMessaging
LogPluginManager: Mounting plugin ActorSequence
LogPluginManager: Mounting plugin LevelSequenceEditor
LogPluginManager: Mounting plugin MatineeToLevelSequence
LogPluginManager: Mounting plugin NetcodeUnitTest
LogPluginManager: Mounting plugin NUTUnrealEngine4
LogPluginManager: Mounting plugin OnlineSubsystemGooglePlay
LogPluginManager: Mounting plugin OnlineSubsystemIOS
LogPluginManager: Mounting plugin OnlineSubsystem
LogPluginManager: Mounting plugin OnlineSubsystemNull
LogPluginManager: Mounting plugin OnlineSubsystemUtils
LogPluginManager: Mounting plugin AndroidDeviceProfileSelector
LogPluginManager: Mounting plugin AndroidMoviePlayer
LogPluginManager: Mounting plugin AndroidPermission
LogPluginManager: Mounting plugin AppleARKit
LogPluginManager: Mounting plugin AppleMoviePlayer
LogPluginManager: Mounting plugin ArchVisCharacter
LogPluginManager: Mounting plugin AudioCapture
LogPluginManager: Mounting plugin CableComponent
LogPluginManager: Mounting plugin CustomMeshComponent
LogPluginManager: Mounting plugin ExampleDeviceProfileSelector
LogPluginManager: Mounting plugin GoogleCloudMessaging
LogPluginManager: Mounting plugin ImmediatePhysics
LogPluginManager: Mounting plugin IOSDeviceProfileSelector
LogPluginManager: Mounting plugin LinuxDeviceProfileSelector
LogPluginManager: Mounting plugin LocationServicesBPLibrary
LogPluginManager: Mounting plugin MobilePatchingUtils
LogPluginManager: Mounting plugin OculusVR
LogPluginManager: Plugin shader directory ../../../Engine/Plugins/Runtime/Oculus/OculusVR/Shaders found
LogPluginManager: Mapping shader source directory ../../../Engine/Plugins/Runtime/Oculus/OculusVR/Shaders to virtual directory /Plugin/OculusVR
LogPluginManager: Mounting plugin PhysXVehicles
LogPluginManager: Mounting plugin ProceduralMeshComponent
LogPluginManager: Mounting plugin RuntimePhysXCooking
LogPluginManager: Mounting plugin SteamVR
LogPluginManager: Mounting plugin WindowsMoviePlayer
LogStreaming: Display: Took  2.164s to configure plugins.
LogInit: Using libcurl 7.47.1
LogInit:  - built for x86_64-pc-win32
LogInit:  - supports SSL with OpenSSL/1.0.2g
LogInit:  - supports HTTP deflate (compression) using libz 1.2.8
LogInit:  - other features:
LogInit:      CURL_VERSION_SSL
LogInit:      CURL_VERSION_LIBZ
LogInit:      CURL_VERSION_IPV6
LogInit:      CURL_VERSION_ASYNCHDNS
LogInit:      CURL_VERSION_LARGEFILE
LogInit:      CURL_VERSION_IDN
LogInit:  CurlRequestOptions (configurable via config and command line):
LogInit:  - bVerifyPeer = false  - Libcurl will NOT verify peer certificate
LogInit:  - bUseHttpProxy = false  - Libcurl will NOT use HTTP proxy
LogInit:  - bDontReuseConnections = false  - Libcurl will reuse connections
LogInit:  - CertBundlePath = nullptr  - Libcurl will use whatever was configured at build time.
LogInit:  - MaxHostConnections = 16  - Libcurl will limit the number of connections to a host
LogInit:  - LocalHostAddr = Default
LogInit: WinSock: version 1.1 (2.2), MaxSocks=32767, MaxUdp=65467
LogInit: WinSock: I am DESKTOP-BJL68CN (10.0.0.134:0)
LogInit: Build: ++UE4+Release-4.19-CL-3944462
LogInit: Engine Version: 4.19.0-3944462+++UE4+Release-4.19
LogInit: Compatible Engine Version: 4.19.0-3944462+++UE4+Release-4.19
LogInit: Net CL: 3944462
LogDevObjectVersion: Number of dev versions registered: 18
LogDevObjectVersion:   Dev-Blueprints (B0D832E4-1F89-4F0D-ACCF-7EB736FD4AA2): 10
LogDevObjectVersion:   Dev-Build (E1C64328-A22C-4D53-A36C-8E866417BD8C): 0
LogDevObjectVersion:   Dev-Core (375EC13C-06E4-48FB-B500-84F0262A717E): 2
LogDevObjectVersion:   Dev-Editor (E4B068ED-F494-42E9-A231-DA0B2E46BB41): 23
LogDevObjectVersion:   Dev-Framework (CFFC743F-43B0-4480-9391-14DF171D2073): 33
LogDevObjectVersion:   Dev-Mobile (B02B49B5-BB20-44E9-A304-32B752E40360): 2
LogDevObjectVersion:   Dev-Networking (A4E4105C-59A1-49B5-A7C5-40C4547EDFEE): 0
LogDevObjectVersion:   Dev-Online (39C831C9-5AE6-47DC-9A44-9C173E1C8E7C): 0
LogDevObjectVersion:   Dev-Physics (78F01B33-EBEA-4F98-B9B4-84EACCB95AA2): 0
LogDevObjectVersion:   Dev-Platform (6631380F-2D4D-43E0-8009-CF276956A95A): 0
LogDevObjectVersion:   Dev-Rendering (12F88B9F-8875-4AFC-A67C-D90C383ABD29): 25
LogDevObjectVersion:   Dev-Sequencer (7B5AE74C-D270-4C10-A958-57980B212A5A): 6
LogDevObjectVersion:   Dev-VR (D7296918-1DD6-4BDD-9DE2-64A83CC13884): 1
LogDevObjectVersion:   Dev-LoadTimes (C2A15278-BFE7-4AFE-6C17-90FF531DF755): 1
LogDevObjectVersion:   Private-Geometry (6EACA3D4-40EC-4CC1-B786-8BED09428FC5): 2
LogDevObjectVersion:   Dev-AnimPhys (29E575DD-E0A3-4627-9D10-D276232CDCEA): 16
LogDevObjectVersion:   Dev-ReflectionCapture (6B266CEC-1EC7-4B8F-A30B-E4D90942FC07): 1
LogDevObjectVersion:   Dev-Automation (0DF73D61-A23F-47EA-B727-89E90C41499A): 1
LogInit: Compiled (64-bit): Mar 13 2018 23:12:32
LogInit: Compiled with Visual C++: 19.00.24215.01
LogInit: Build Configuration: Development
LogInit: Branch Name: ++UE4+Release-4.19
LogInit: Command Line:  
LogInit: Base Directory: C:/Program Files/Epic Games/UE_4.19/Engine/Binaries/Win64/
LogInit: Installed Engine Build: 1
LogStreaming: Display: Took  0.001s to delete old logs.
LogInit: Presizing for max 8388607 objects, including 0 objects not considered by GC, pre-allocating 0 bytes for permanent pool.
LogInit: Object subsystem initialized
[2018.06.16-05.22.49:620][  0]LogInit: Selected Device Profile: [Windows]
[2018.06.16-05.22.49:620][  0]LogInit: Applying CVar settings loaded from the selected device profile: [Windows]
[2018.06.16-05.22.49:649][  0]LogInit: Computer: DESKTOP-BJL68CN
[2018.06.16-05.22.49:649][  0]LogInit: User: Tyrone
[2018.06.16-05.22.49:649][  0]LogInit: CPU Page size=4096, Cores=2
[2018.06.16-05.22.49:649][  0]LogInit: High frequency timer resolution =3.124994 MHz
[2018.06.16-05.22.49:650][  0]LogMemory: Memory total: Physical=3.9GB (4GB approx)
[2018.06.16-05.22.49:650][  0]LogMemory: Platform Memory Stats for Windows
[2018.06.16-05.22.49:650][  0]LogMemory: Process Physical Memory: 272.45 MB used, 272.45 MB peak
[2018.06.16-05.22.49:650][  0]LogMemory: Process Virtual Memory: 265.82 MB used, 265.82 MB peak
[2018.06.16-05.22.49:650][  0]LogMemory: Physical Memory: 2473.36 MB used,  1559.61 MB free, 4032.97 MB total
[2018.06.16-05.22.49:650][  0]LogMemory: Virtual Memory: 4778.51 MB used,  1559.61 MB free, 134217728.00 MB total
[2018.06.16-05.22.49:950][  0]LogInit: Using OS detected language (en-US).
[2018.06.16-05.22.49:950][  0]LogInit: Using OS detected locale (en-US).
[2018.06.16-05.22.50:018][  0]LogTextLocalizationManager: No specific localization for 'en-US' exists, so the 'en' localization will be used.
[2018.06.16-05.22.50:500][  0]LogStreaming: Display: Took  0.550s to EndInitTextLocalization.
[2018.06.16-05.22.50:501][  0]LogInit: Setting process to per monitor DPI aware
[2018.06.16-05.22.50:629][  0]LogSlate: New Slate User Created.  User Index 0, Is Virtual User: 0
[2018.06.16-05.22.50:629][  0]LogSlate: Slate User Registered.  User Index 0, Is Virtual User: 0
[2018.06.16-05.22.52:771][  0]LogD3D11RHI: D3D11 adapters:
[2018.06.16-05.22.52:923][  0]LogD3D11RHI:    0. 'NVIDIA GeForce GT 1030' (Feature Level 11_0)
[2018.06.16-05.22.52:923][  0]LogD3D11RHI:       1982/0/2016 MB DedicatedVideo/DedicatedSystem/SharedSystem, Outputs:2, VendorId:0x10de
[2018.06.16-05.22.52:929][  0]LogD3D11RHI:    1. 'Microsoft Basic Render Driver' (Feature Level 11_0)
[2018.06.16-05.22.52:929][  0]LogD3D11RHI:       0/0/2016 MB DedicatedVideo/DedicatedSystem/SharedSystem, Outputs:0, VendorId:0x1414
[2018.06.16-05.22.52:929][  0]LogD3D11RHI: Chosen D3D11 Adapter: 0
[2018.06.16-05.22.52:937][  0]LogD3D11RHI: Creating new Direct3DDevice
[2018.06.16-05.22.52:937][  0]LogD3D11RHI:     GPU DeviceId: 0x1d01 (for the marketing name, search the web for "GPU Device Id")
[2018.06.16-05.22.52:937][  0]LogWindows: EnumDisplayDevices:
[2018.06.16-05.22.52:937][  0]LogWindows:    0. 'NVIDIA GeForce GT 1030' (P:1 D:1)
[2018.06.16-05.22.52:937][  0]LogWindows:    1. 'NVIDIA GeForce GT 1030' (P:0 D:1)
[2018.06.16-05.22.52:938][  0]LogWindows: DebugString: GetVideoDriverDetailsInvalid PrimaryIsNotTheChoosenAdapter GetVideoDriverDetailsInvalid PrimaryIsNotTheChoosenAdapter FoundDriverCount:0 
[2018.06.16-05.22.52:938][  0]LogD3D11RHI:     Adapter Name: NVIDIA GeForce GT 1030
[2018.06.16-05.22.52:938][  0]LogD3D11RHI:   Driver Version: Unknown (internal:Unknown, unified:Unknown)
[2018.06.16-05.22.52:938][  0]LogD3D11RHI:      Driver Date: Unknown
[2018.06.16-05.22.52:938][  0]LogRHI: Texture pool is 1387 MB (70% of 1982 MB)
[2018.06.16-05.22.52:982][  0]LogD3D11RHI: [Aftermath] Aftermath enabled and primed
[2018.06.16-05.22.52:982][  0]LogD3D11RHI: Async texture creation enabled
[2018.06.16-05.22.53:022][  0]LogD3D11RHI: GPU Timing Frequency: 1000.000000 (Debug: 2 2)
[2018.06.16-05.22.53:122][  0]LogShaderCompilers: Guid format shader working directory is -21 characters bigger than the processId version (../../../../../../Users/Tyrone/Documents/TankBattle/SalemWitchTrials/Intermediate/Shaders/WorkingDirectory/8500/).
[2018.06.16-05.22.53:122][  0]LogShaderCompilers: Cleaned the shader compiler working directory 'C:/Users/Tyrone/AppData/Local/Temp/UnrealShaderWorkingDir/183216894DB2846919CFFA923701F81B/'.
[2018.06.16-05.22.54:588][  0]LogTemp: Display: Loaded TP AllDesktopTargetPlatform
[2018.06.16-05.22.54:601][  0]LogTemp: Display: Loaded TP MacClientTargetPlatform
[2018.06.16-05.22.54:614][  0]LogTemp: Display: Loaded TP MacNoEditorTargetPlatform
[2018.06.16-05.22.54:627][  0]LogTemp: Display: Loaded TP MacServerTargetPlatform
[2018.06.16-05.22.54:654][  0]LogTemp: Display: Loaded TP MacTargetPlatform
[2018.06.16-05.22.54:668][  0]LogTemp: Display: Loaded TP WindowsClientTargetPlatform
[2018.06.16-05.22.54:681][  0]LogTemp: Display: Loaded TP WindowsNoEditorTargetPlatform
[2018.06.16-05.22.54:694][  0]LogTemp: Display: Loaded TP WindowsServerTargetPlatform
[2018.06.16-05.22.54:701][  0]LogTemp: Display: Loaded TP WindowsTargetPlatform
[2018.06.16-05.22.54:712][  0]LogTemp: Display: Loaded TP Android_ASTCTargetPlatform
[2018.06.16-05.22.54:723][  0]LogTemp: Display: Loaded TP Android_ATCTargetPlatform
[2018.06.16-05.22.54:735][  0]LogTemp: Display: Loaded TP Android_DXTTargetPlatform
[2018.06.16-05.22.54:746][  0]LogTemp: Display: Loaded TP Android_ETC1aTargetPlatform
[2018.06.16-05.22.54:758][  0]LogTemp: Display: Loaded TP Android_ETC1TargetPlatform
[2018.06.16-05.22.54:769][  0]LogTemp: Display: Loaded TP Android_ETC2TargetPlatform
[2018.06.16-05.22.54:793][  0]LogTemp: Display: Loaded TP Android_MultiTargetPlatform
[2018.06.16-05.22.54:793][  0]LogTemp: Display: Loaded TP Android_PVRTCTargetPlatform
[2018.06.16-05.22.54:810][  0]LogTemp: Display: Loaded TP AndroidTargetPlatform
[2018.06.16-05.22.54:811][  0]LogTemp: Display: Loaded TP HTML5TargetPlatform
[2018.06.16-05.22.54:871][  0]LogTemp: Display: Loaded TP IOSTargetPlatform
[2018.06.16-05.22.54:882][  0]LogTemp: Display: Loaded TP TVOSTargetPlatform
[2018.06.16-05.22.54:893][  0]LogTemp: Display: Loaded TP LinuxClientTargetPlatform
[2018.06.16-05.22.54:904][  0]LogTemp: Display: Loaded TP LinuxNoEditorTargetPlatform
[2018.06.16-05.22.54:916][  0]LogTemp: Display: Loaded TP LinuxServerTargetPlatform
[2018.06.16-05.22.54:932][  0]LogTemp: Display: Loaded TP LinuxTargetPlatform
[2018.06.16-05.22.54:932][  0]LogTargetPlatformManager: Display: Building Assets For Windows
[2018.06.16-05.22.55:311][  0]LogXGEController: Cleaning working directory: C:/Users/Tyrone/AppData/Local/Temp/UnrealXGEWorkingDir/
[2018.06.16-05.22.55:322][  0]LogShaderCompilers: Display: Using XGE Shader Compiler (Interception Interface).
[2018.06.16-05.22.57:025][  0]LogDerivedDataCache: Display: Max Cache Size: 512 MB
[2018.06.16-05.22.57:292][  0]LogDerivedDataCache: Loaded boot cache 0.27s 74MB C:/Users/Tyrone/AppData/Local/UnrealEngine/4.19/DerivedDataCache/Boot.ddc.
[2018.06.16-05.22.57:292][  0]LogDerivedDataCache: Display: Loaded Boot cache: C:/Users/Tyrone/AppData/Local/UnrealEngine/4.19/DerivedDataCache/Boot.ddc
[2018.06.16-05.22.57:293][  0]LogDerivedDataCache: FDerivedDataBackendGraph:  Pak pak cache file ../../../../../../Users/Tyrone/Documents/TankBattle/SalemWitchTrials/DerivedDataCache/DDC.ddp not found, will not use a pak cache.
[2018.06.16-05.22.57:293][  0]LogDerivedDataCache: Unable to find inner node Pak for hierarchical cache Hierarchy.
[2018.06.16-05.22.57:293][  0]LogDerivedDataCache: FDerivedDataBackendGraph:  CompressedPak pak cache file ../../../../../../Users/Tyrone/Documents/TankBattle/SalemWitchTrials/DerivedDataCache/Compressed.ddp not found, will not use a pak cache.
[2018.06.16-05.22.57:293][  0]LogDerivedDataCache: Unable to find inner node CompressedPak for hierarchical cache Hierarchy.
[2018.06.16-05.22.57:322][  0]LogDerivedDataCache: Display: Pak cache opened for reading ../../../Engine/DerivedDataCache/Compressed.ddp.
[2018.06.16-05.22.57:334][  0]LogDerivedDataCache: Using Local data cache path C:/Users/Tyrone/AppData/Local/UnrealEngine/Common/DerivedDataCache: Writable
[2018.06.16-05.22.57:351][  0]LogMaterial: Verifying Global Shaders for PCD3D_SM5
[2018.06.16-05.22.57:355][  0]LogSlate: Using Freetype 2.6.0
[2018.06.16-05.22.57:372][  0]LogSlate: SlateFontCache - WITH_FREETYPE: 1, WITH_HARFBUZZ: 1
[2018.06.16-05.22.57:372][  0]LogSlate: SlateFontCache - WITH_FREETYPE: 1, WITH_HARFBUZZ: 1
[2018.06.16-05.22.59:871][  0]LogAssetRegistry: FAssetRegistry took 0.0294 seconds to start up
[2018.06.16-05.23.00:453][  0]LogInit: Selected Device Profile: [Windows]
[2018.06.16-05.23.00:979][  0]LogSimplygon: Simplygon DLL not present - disabling.
[2018.06.16-05.23.00:984][  0]LogMeshReduction: Using SimplygonSwarm for distributed automatic mesh merging
[2018.06.16-05.23.00:985][  0]LogMeshReduction: Using QuadricMeshReduction for automatic static mesh reduction
[2018.06.16-05.23.00:985][  0]LogMeshReduction: No automatic skeletal mesh reduction module available
[2018.06.16-05.23.00:985][  0]LogMeshReduction: No automatic mesh merging module available
[2018.06.16-05.23.00:985][  0]LogMeshMerging: No automatic mesh merging module available
[2018.06.16-05.23.01:077][  0]LogNetVersion: SalemWitchTrials , NetCL: 3944462, EngineNetVer: 2, GameNetVer: 0 (Checksum: 3240327049)
[2018.06.16-05.23.02:411][  0]LogPackageLocalizationCache: Processed 9 localized package path(s) for 2 prioritized culture(s) in 0.102557 seconds
[2018.06.16-05.23.02:419][  0]LogUObjectArray: 36728 objects as part of root set at end of initial load.
[2018.06.16-05.23.02:419][  0]LogUObjectAllocator: 7314312 out of 0 bytes used by permanent object pool.
[2018.06.16-05.23.02:419][  0]LogUObjectArray: CloseDisregardForGC: 0/0 objects in disregard for GC pool
[2018.06.16-05.23.07:753][  0]LogTcpMessaging: Initializing TcpMessaging bridge
[2018.06.16-05.23.07:789][  0]LogUdpMessaging: Initializing bridge on interface 0.0.0.0:0 to multicast group 230.0.0.1:6666.
[2018.06.16-05.23.08:282][  0]SourceControl: Source control is disabled
[2018.06.16-05.23.09:813][  0]LogAndroidPermission: UAndroidPermissionCallbackProxy::GetInstance
[2018.06.16-05.23.10:022][  0]LogOcInput: OculusInput pre-init called
[2018.06.16-05.23.10:192][  0]LogEngine: Initializing Engine...
[2018.06.16-05.23.10:199][  0]LogHMD: Failed to initialize OpenVR with code 110
[2018.06.16-05.23.10:202][  0]LogStats: UGameplayTagsManager::ConstructGameplayTagTree: Construct from data asset -  0.000 s
[2018.06.16-05.23.10:203][  0]LogStats: UGameplayTagsManager::ConstructGameplayTagTree: GameplayTagTreeChangedEvent.Broadcast -  0.000 s
[2018.06.16-05.23.10:653][  0]LogAIModule: Creating AISystem for world Untitled
[2018.06.16-05.23.10:694][  0]LogInit: XAudio2 using 'Speakers (Realtek High Definition Audio)' : 2 channels at 48 kHz using 32 bits per sample (channel mask 0x3)
[2018.06.16-05.23.10:716][  0]LogInit: FAudioDevice initialized.
[2018.06.16-05.23.10:792][  0]LogDerivedDataCache: Saved boot cache 0.07s 74MB C:/Users/Tyrone/AppData/Local/UnrealEngine/4.19/DerivedDataCache/Boot.ddc.
[2018.06.16-05.23.10:807][  0]LogInit: Texture streaming: Enabled
[2018.06.16-05.23.10:835][  0]LogEngineSessionManager: EngineSessionManager initialized
[2018.06.16-05.23.10:859][  0]LogInit: Transaction tracking system initialized
[2018.06.16-05.23.10:949][  0]BlueprintLog: New page: Editor Load
[2018.06.16-05.23.11:129][  0]LocalizationService: Localization service is disabled
[2018.06.16-05.23.11:318][  0]LogConsoleResponse: Display: 
[2018.06.16-05.23.11:756][  0]LogCook: Display: Max memory allowance for cook 16384mb min free memory 0mb
[2018.06.16-05.23.11:757][  0]LogCook: Display: Mobile HDR setting 1
[2018.06.16-05.23.11:757][  0]LogGameplayTags: Display: UGameplayTagsManager::DoneAddingNativeTags. DelegateIsBound: 0
[2018.06.16-05.23.11:758][  0]LogStats: UGameplayTagsManager::ConstructGameplayTagTree: Construct from data asset -  0.000 s
[2018.06.16-05.23.11:758][  0]LogStats: UGameplayTagsManager::ConstructGameplayTagTree: GameplayTagTreeChangedEvent.Broadcast -  0.000 s
[2018.06.16-05.23.12:323][  0]LogFileCache: Scanning file cache for directory 'C:/Users/Tyrone/Documents/TankBattle/SalemWitchTrials/Content/' took 0.02s
[2018.06.16-05.23.12:323][  0]Cmd: MAP LOAD FILE="../../../../../../Users/Tyrone/Documents/TankBattle/SalemWitchTrials/Content/StarterContent/Maps/Minimal_Default.umap" TEMPLATE=0 SHOWPROGRESS=1 FEATURELEVEL=3
[2018.06.16-05.23.12:329][  0]LightingResults: New page: Lighting Build
[2018.06.16-05.23.12:342][  0]MapCheck: New page: Map Check
[2018.06.16-05.23.12:342][  0]LightingResults: New page: Lighting Build
[2018.06.16-05.23.12:812][  0]LogAIModule: Creating AISystem for world Minimal_Default
[2018.06.16-05.23.12:841][  0]LogEditorServer: Finished looking for orphan Actors (0.000 secs)
[2018.06.16-05.23.12:862][  0]Cmd: MAP CHECKDEP NOCLEARLOG
[2018.06.16-05.23.12:912][  0]MapCheck: Map check complete: 0 Error(s), 0 Warning(s), took 49.918ms to complete.
[2018.06.16-05.23.12:913][  0]LogFileHelpers: Loading map 'Minimal_Default' took 0.590
[2018.06.16-05.23.13:325][  0]LogCollectionManager: Loaded 0 collections in 0.001964 seconds
[2018.06.16-05.23.13:400][  0]LogFileCache: Scanning file cache for directory 'C:/Users/Tyrone/Documents/TankBattle/SalemWitchTrials/Saved/Collections/' took 0.01s
[2018.06.16-05.23.13:400][  0]LogFileCache: Scanning file cache for directory 'C:/Users/Tyrone/Documents/TankBattle/SalemWitchTrials/Content/Developers/Tyrone/Collections/' took 0.01s
[2018.06.16-05.23.13:400][  0]LogFileCache: Scanning file cache for directory 'C:/Users/Tyrone/Documents/TankBattle/SalemWitchTrials/Content/Collections/' took 0.01s
[2018.06.16-05.23.13:400][  0]LogCollectionManager: Rebuilt the GUID cache for 0 collections in 0.000000 seconds
[2018.06.16-05.23.13:412][  0]LogContentBrowser: Native class hierarchy populated in 0.0109 seconds. Added 2453 classes and 560 folders.
[2018.06.16-05.23.13:426][  0]LogContentBrowser: Native class hierarchy updated for 'WidgetCarousel' in 0.0002 seconds. Added 0 classes and 0 folders.
[2018.06.16-05.23.13:840][  0]LogContentBrowser: Native class hierarchy updated for 'AddContentDialog' in 0.0002 seconds. Added 0 classes and 0 folders.
[2018.06.16-05.23.13:857][  0]LogSlate: Took 0.007109 seconds to synchronously load lazily loaded font '../../../Engine/Content/Slate/Fonts/Roboto-Regular.ttf' (155K)
[2018.06.16-05.23.13:868][  0]LogSlate: Took 0.004307 seconds to synchronously load lazily loaded font '../../../Engine/Content/Slate/Fonts/Roboto-Bold.ttf' (160K)
[2018.06.16-05.23.13:879][  0]LogSlate: Took 0.004826 seconds to synchronously load lazily loaded font '../../../Engine/Content/Editor/Slate/Fonts/FontAwesome.ttf' (139K)
[2018.06.16-05.23.14:014][  0]LogRenderer: Reallocating scene render targets to support 1068x908 Format 10 NumSamples 1 (Frame:1).
[2018.06.16-05.23.14:311][  0]LogContentBrowser: Native class hierarchy updated for 'HierarchicalLODOutliner' in 0.0002 seconds. Added 0 classes and 0 folders.
[2018.06.16-05.23.14:311][  0]LogLoad: (Engine Initialization) Total time: 29.86 seconds
[2018.06.16-05.23.14:312][  0]LogLoad: (Engine Initialization) Total Blueprint compile time: 0.00 seconds
[2018.06.16-05.23.14:355][  0]LogContentStreaming: Texture pool size now 3000 MB
[2018.06.16-05.23.14:393][  0]LogSlate: Took 0.005278 seconds to synchronously load lazily loaded font '../../../Engine/Content/Slate/Fonts/Roboto-Light.ttf' (167K)
[2018.06.16-05.23.14:421][  1]LogAssetRegistry: Asset discovery search completed in 14.5733 seconds
[2018.06.16-05.23.14:425][  1]LogCollectionManager: Rebuilt the object cache for 0 collections in 0.000001 seconds (found 0 objects)
[2018.06.16-05.23.14:425][  1]LogCollectionManager: Fixed up redirectors for 0 collections in 0.000548 seconds (updated 0 objects)
[2018.06.16-05.23.16:597][155]LogSlate: FSceneViewport::OnFocusLost() reason 0
[2018.06.16-05.23.38:270][650]LogTexture: Display: Building textures: T_Soul_FlatRock_N (BC5, 2048X2048)
[2018.06.16-05.23.38:270][650]LogTexture: Display: Building textures: T_Soul_FlatRock_D (AutoDXT, 2048X2048)
[2018.06.16-05.23.38:270][650]LogMaterial: Missing cached shader map for material M_Cave_FlatRock, compiling. 
[2018.06.16-05.23.38:342][650]LogSlate: Took 0.000230 seconds to synchronously load lazily loaded font '../../../Engine/Content/Slate/Fonts/Roboto-Light.ttf' (167K)
[2018.06.16-05.23.38:363][650]LogMaterial: Missing cached shader map for material M_Cave_FlatRock, compiling. 
[2018.06.16-05.23.38:870][650]LogMaterial: Missing cached shader map for material M_Cave_FlatRock, compiling. 
[2018.06.16-05.23.38:884][650]LogMaterial: Missing cached shader map for material M_Cave_FlatRock, compiling. 
[2018.06.16-05.23.38:928][650]LogMaterial: Missing cached shader map for material FMatExpressionPreview MaterialExpressionTextureSampleParameter2D_5, compiling. 
[2018.06.16-05.23.38:933][650]LogMaterial: Missing cached shader map for material FMatExpressionPreview MaterialExpressionVectorParameter_3, compiling. 
[2018.06.16-05.23.38:937][650]LogMaterial: Missing cached shader map for material FMatExpressionPreview MaterialExpressionVectorParameter_6, compiling. 
[2018.06.16-05.23.38:941][650]LogMaterial: Missing cached shader map for material FMatExpressionPreview MaterialExpressionTextureSampleParameter2D_7, compiling. 
[2018.06.16-05.23.38:945][650]LogMaterial: Missing cached shader map for material FMatExpressionPreview MaterialExpressionVectorParameter_9, compiling. 
[2018.06.16-05.23.38:949][650]LogMaterial: Missing cached shader map for material FMatExpressionPreview MaterialExpressionTextureSample_0, compiling. 
[2018.06.16-05.23.38:962][650]LogMaterial: Missing cached shader map for material Material_0, compiling. 
[2018.06.16-05.23.39:024][650]LogSlate: Took 0.022871 seconds to synchronously load lazily loaded font '../../../Engine/Content/Slate/Fonts/Roboto-BoldCondensed.ttf' (158K)
[2018.06.16-05.23.39:590][660]LogSlate: Took 0.004302 seconds to synchronously load lazily loaded font '../../../Engine/Content/Slate/Fonts/Roboto-Italic.ttf' (157K)
[2018.06.16-05.23.59:734][150]MaterialEditorStats: Base pass shader: 149 instructions
[2018.06.16-05.23.59:734][150]MaterialEditorStats: Base pass shader with Surface Lightmap: 166 instructions
[2018.06.16-05.23.59:734][150]MaterialEditorStats: Base pass shader with Volumetric Lightmap: 222 instructions
[2018.06.16-05.23.59:734][150]MaterialEditorStats: Vertex shader: 38 instructions
[2018.06.16-05.23.59:734][150]MaterialEditorStats: Texture samplers: 8/16
[2018.06.16-05.23.59:734][150]MaterialEditorStats: User interpolators: 2/4 Scalars (1/4 Vectors) (TexCoords: 2, Custom: 0)
[2018.06.16-05.24.19:575][351]LogSlate: Window 'M_Cave_FlatRock' being destroyed
[2018.06.16-05.24.19:578][351]LogSlate: Window 'M_Cave_FlatRock' being destroyed
[2018.06.16-05.24.23:382][443]LogTexture: Display: Building textures: T_Cave_Dirt_N (BC5, 1024X1024)
[2018.06.16-05.24.23:382][443]LogTexture: Display: Building textures: T_Cave_Dirt_D (AutoDXT, 1024X1024)
[2018.06.16-05.24.23:484][443]LogMaterial: Missing cached shader map for material Material_1, compiling. 
[2018.06.16-05.24.23:490][443]LogMaterial: Missing cached shader map for material PreviewMaterial_0, compiling. 
[2018.06.16-05.24.23:502][443]LogMaterial: Missing cached shader map for material Material_1, compiling. 
[2018.06.16-05.24.23:511][443]LogMaterial: Missing cached shader map for material PreviewMaterial_0, compiling. 
[2018.06.16-05.24.23:526][443]LogMaterial: Missing cached shader map for material Material_1, compiling. 
[2018.06.16-05.24.23:559][443]LogMaterial: Missing cached shader map for material FMatExpressionPreview MaterialExpressionFunctionOutput_0, compiling. 
[2018.06.16-05.24.23:564][443]LogMaterial: Missing cached shader map for material FMatExpressionPreview MaterialExpressionTextureSample_10, compiling. 
[2018.06.16-05.24.23:567][443]LogMaterial: Missing cached shader map for material FMatExpressionPreview MaterialExpressionFunctionInput_4, compiling. 
[2018.06.16-05.24.23:570][443]LogMaterial: Missing cached shader map for material FMatExpressionPreview MaterialExpressionTextureSample_9, compiling. 
[2018.06.16-05.24.23:574][443]LogMaterial: Missing cached shader map for material FMatExpressionPreview MaterialExpressionFunctionInput_33, compiling. 
[2018.06.16-05.24.23:577][443]LogMaterial: Missing cached shader map for material FMatExpressionPreview MaterialExpressionConstant3Vector_8, compiling. 
[2018.06.16-05.24.23:582][443]LogMaterial: Missing cached shader map for material FMatExpressionPreview MaterialExpressionConstant3Vector_13, compiling. 
[2018.06.16-05.24.23:589][443]LogMaterial: Missing cached shader map for material Material_2, compiling. 
[2018.06.16-05.25.20:947][317]LogMaterial: Missing cached shader map for material PreviewMaterial_0, compiling. 
[2018.06.16-05.25.20:960][317]LogMaterial: Missing cached shader map for material Material_1, compiling. 
[2018.06.16-05.25.20:974][317]LogMaterial: Missing cached shader map for material FMatExpressionPreview MaterialExpressionFunctionInput_33, compiling. 
[2018.06.16-05.25.21:593][353]LogMaterial: Missing cached shader map for material PreviewMaterial_0, compiling. 
[2018.06.16-05.25.21:606][353]LogMaterial: Missing cached shader map for material Material_1, compiling. 
[2018.06.16-05.25.21:614][353]LogMaterial: Missing cached shader map for material FMatExpressionPreview MaterialExpressionFunctionInput_33, compiling. 
[2018.06.16-05.25.23:064][438]LogMaterial: Missing cached shader map for material PreviewMaterial_0, compiling. 
[2018.06.16-05.25.23:077][438]LogMaterial: Missing cached shader map for material Material_1, compiling. 
[2018.06.16-05.25.23:089][438]LogMaterial: Missing cached shader map for material FMatExpressionPreview MaterialExpressionFunctionInput_33, compiling. 
[2018.06.16-05.25.23:115][438]LogSlate: Window 'Color Picker' being destroyed
[2018.06.16-05.26.07:090][587]LogMaterial: Missing cached shader map for material PreviewMaterial_0, compiling. 
[2018.06.16-05.26.07:103][587]LogMaterial: Missing cached shader map for material Material_1, compiling. 
[2018.06.16-05.26.07:117][587]LogMaterial: Missing cached shader map for material FMatExpressionPreview MaterialExpressionFunctionInput_33, compiling. 
[2018.06.16-05.26.08:555][671]LogMaterial: Missing cached shader map for material PreviewMaterial_0, compiling. 
[2018.06.16-05.26.08:569][671]LogMaterial: Missing cached shader map for material Material_1, compiling. 
[2018.06.16-05.26.08:583][671]LogMaterial: Missing cached shader map for material FMatExpressionPreview MaterialExpressionFunctionInput_33, compiling. 
[2018.06.16-05.26.08:608][671]LogSlate: Window 'Color Picker' being destroyed
[2018.06.16-05.26.12:120][878]LogMaterial: Missing cached shader map for material PreviewMaterial_0, compiling. 
[2018.06.16-05.26.12:134][878]LogMaterial: Missing cached shader map for material Material_1, compiling. 
[2018.06.16-05.26.12:148][878]LogMaterial: Missing cached shader map for material FMatExpressionPreview MaterialExpressionConstant3Vector_8, compiling. 
[2018.06.16-05.26.13:485][954]LogMaterial: Missing cached shader map for material PreviewMaterial_0, compiling. 
[2018.06.16-05.26.13:499][954]LogMaterial: Missing cached shader map for material Material_1, compiling. 
[2018.06.16-05.26.13:511][954]LogMaterial: Missing cached shader map for material FMatExpressionPreview MaterialExpressionConstant3Vector_8, compiling. 
[2018.06.16-05.26.13:537][954]LogSlate: Window 'Color Picker' being destroyed
[2018.06.16-05.27.03:096][349]LogMaterialEditor: Saving and Compiling material MF_Cave_Dirt
[2018.06.16-05.27.04:300][349]LogMaterial: Missing cached shader map for material PreviewMaterial_0, compiling. 
[2018.06.16-05.27.04:341][349]LogMaterial: Missing cached shader map for material Material_1, compiling. 
[2018.06.16-05.27.04:695][349]LogMaterial: Missing cached shader map for material Material_3, compiling. 
[2018.06.16-05.27.04:959][349]LogSavePackage: Save=25.16ms
[2018.06.16-05.27.04:959][349]LogSavePackage: Moving '../../../../../../Users/Tyrone/Documents/TankBattle/SalemWitchTrials/Saved/MF_Cave_DirtC9A01E9F408F1BE43DA556B04CC151E5.tmp' to '../../../../../../Users/Tyrone/Documents/TankBattle/SalemWitchTrials/Content/SoulCave/Environment/Materials/Rocks/MF_Cave_Dirt.uasset'
[2018.06.16-05.27.04:966][349]LogSavePackage: Display: Finished SavePackage ../../../../../../Users/Tyrone/Documents/TankBattle/SalemWitchTrials/Content/SoulCave/Environment/Materials/Rocks/MF_Cave_Dirt.uasset
[2018.06.16-05.27.08:968][565]LogSlate: Window 'MF_Cave_Dirt' being destroyed
[2018.06.16-05.27.34:949][389]LogTexture: Display: Building textures: Texture2D_2 (G8, 128X128)
[2018.06.16-05.27.44:489][ 56]LogSlate: FSceneViewport::OnFocusLost() reason 0
[2018.06.16-05.27.46:733][240]LogRenderer: Reallocating scene render targets to support 1072x908 Format 10 NumSamples 1 (Frame:8352).
[2018.06.16-05.27.46:788][241]LogRenderer: Reallocating scene render targets to support 1104x908 Format 10 NumSamples 1 (Frame:8354).
[2018.06.16-05.27.46:844][242]LogRenderer: Reallocating scene render targets to support 1140x908 Format 10 NumSamples 1 (Frame:8356).
[2018.06.16-05.27.47:031][243]LogRenderer: Reallocating scene render targets to support 1148x908 Format 10 NumSamples 1 (Frame:8358).
[2018.06.16-05.27.47:127][244]LogRenderer: Reallocating scene render targets to support 1228x908 Format 10 NumSamples 1 (Frame:8360).
[2018.06.16-05.27.47:275][245]LogRenderer: Reallocating scene render targets to support 1252x908 Format 10 NumSamples 1 (Frame:8362).
[2018.06.16-05.27.57:994][928]LogSlate: FSceneViewport::OnFocusLost() reason 2
[2018.06.16-05.28.02:751][294]LogSlate: FSceneViewport::OnFocusLost() reason 2
[2018.06.16-05.28.09:333][859]LogSlate: FSceneViewport::OnFocusLost() reason 2
[2018.06.16-05.28.16:572][415]LogSlate: FSceneViewport::OnFocusLost() reason 2
[2018.06.16-05.28.38:189][964]LogSlate: FSceneViewport::OnFocusLost() reason 0
[2018.06.16-05.29.10:775][ 72]LogMaterial: Missing cached shader map for material Material_4, compiling. 
[2018.06.16-05.29.10:896][ 73]LogMaterial: Missing cached shader map for material Material_5, compiling. 
[2018.06.16-05.29.15:530][360]LogTexture: Display: Building textures: Texture2D_0 (BGRA8, 512X512)
[2018.06.16-05.29.15:548][360]LogTexture: Display: Building textures: Texture2D_1 (BGRA8, 128X512)
[2018.06.16-05.29.15:554][360]LogTexture: Display: Building textures: Texture2D_2 (BGRA8, 512X128)
[2018.06.16-05.29.15:560][360]LogTexture: Display: Building textures: Texture2D_3 (BGRA8, 128X128)
[2018.06.16-05.29.15:566][360]LogMaterial: Missing cached shader map for material M_Cave_Rock_MASTER_VertexPaint_Moss, compiling. 
[2018.06.16-05.29.24:472][895]LogSlate: FSceneViewport::OnFocusLost() reason 0
[2018.06.16-05.30.07:918][806]LogSlate: FSceneViewport::OnFocusLost() reason 0
[2018.06.16-05.30.16:484][287]LogSlate: FSceneViewport::OnFocusLost() reason 0
[2018.06.16-05.30.21:649][676]LogSlate: FSceneViewport::OnFocusLost() reason 0
[2018.06.16-05.30.22:278][714]LogEditorViewport: Clicking on Actor (LMB): Landscape (Landscape)
[2018.06.16-05.30.23:242][758]Cmd: DELETE
[2018.06.16-05.30.23:243][758]Cmd: ACTOR DELETE
[2018.06.16-05.30.23:259][758]LogEditorActor: Deleted Actor: Landscape
[2018.06.16-05.30.23:285][758]LogEditorActor: Deleted 1 Actors (0.035 secs)
[2018.06.16-05.30.24:997][871]LogSlate: FSceneViewport::OnFocusLost() reason 0
[2018.06.16-05.30.31:088][166]LogTexture: Display: Building textures: T_Cave_Rock_Medium_M (AutoDXT, 1024X1024)
[2018.06.16-05.30.31:088][166]LogTexture: Display: Building textures: T_Cave_Rock_Medium_N (BC5, 2048X2048)
[2018.06.16-05.30.37:937][564]LogSlate: FSceneViewport::OnFocusLost() reason 0
[2018.06.16-05.30.38:119][573]LogTexture: Display: Building textures: Texture2D_4 (BGRA8, 512X512)
[2018.06.16-05.30.38:131][573]LogTexture: Display: Building textures: Texture2D_5 (BGRA8, 128X512)
[2018.06.16-05.30.38:137][573]LogTexture: Display: Building textures: Texture2D_6 (BGRA8, 512X128)
[2018.06.16-05.30.38:142][573]LogTexture: Display: Building textures: Texture2D_7 (BGRA8, 128X128)
[2018.06.16-05.30.46:300][ 18]LogSlate: FSceneViewport::OnFocusLost() reason 0
[2018.06.16-05.30.46:938][ 56]LogEditorViewport: Clicking on Actor (LMB): Landscape (Landscape1)
[2018.06.16-05.30.47:732][ 94]Cmd: DELETE
[2018.06.16-05.30.47:732][ 94]Cmd: ACTOR DELETE
[2018.06.16-05.30.47:737][ 94]LogEditorActor: Deleted Actor: Landscape
[2018.06.16-05.30.47:769][ 94]LogEditorActor: Deleted 1 Actors (0.037 secs)
[2018.06.16-05.30.49:354][197]LogSlate: FSceneViewport::OnFocusLost() reason 0
[2018.06.16-05.30.59:071][493]LogTexture: Display: Building textures: T_Cave_Rock_Large_M (AutoDXT, 1024X1024)
[2018.06.16-05.30.59:071][493]LogTexture: Display: Building textures: T_Cave_Rock_Large_N (BC5, 2048X2048)
[2018.06.16-05.31.03:840][845]LogTexture: Display: Building textures: Texture2D_8 (BGRA8, 512X512)
[2018.06.16-05.31.03:853][845]LogTexture: Display: Building textures: Texture2D_9 (BGRA8, 128X512)
[2018.06.16-05.31.03:858][845]LogTexture: Display: Building textures: Texture2D_10 (BGRA8, 512X128)
[2018.06.16-05.31.03:864][845]LogTexture: Display: Building textures: Texture2D_11 (BGRA8, 128X128)
[2018.06.16-05.31.08:423][ 87]LogSlate: FSceneViewport::OnFocusLost() reason 0
[2018.06.16-05.31.29:754][612]LogSlate: FSceneViewport::OnFocusLost() reason 0
[2018.06.16-05.31.30:615][662]LogEditorViewport: Clicking on Actor (LMB): Landscape (Landscape2)
[2018.06.16-05.31.31:216][688]Cmd: DELETE
[2018.06.16-05.31.31:216][688]Cmd: ACTOR DELETE
[2018.06.16-05.31.31:221][688]LogEditorActor: Deleted Actor: Landscape
[2018.06.16-05.31.31:254][688]LogEditorActor: Deleted 1 Actors (0.038 secs)
[2018.06.16-05.31.32:243][753]LogSlate: FSceneViewport::OnFocusLost() reason 0
[2018.06.16-05.31.32:881][797]LogActorComponent: UnregisterComponent: (/Engine/Transient.SphereBrushComponent) Not registered. Aborting.
[2018.06.16-05.31.50:017][610]LogSlate: Window 'Save Asset As' being destroyed
[2018.06.16-05.31.51:076][652]LogSlate: FSceneViewport::OnFocusLost() reason 2
[2018.06.16-05.32.16:676][  1]LogTexture: Display: Building textures: Texture2D_12 (BGRA8, 512X512)
[2018.06.16-05.32.16:688][  1]LogTexture: Display: Building textures: Texture2D_13 (BGRA8, 128X512)
[2018.06.16-05.32.16:695][  1]LogTexture: Display: Building textures: Texture2D_14 (BGRA8, 512X128)
[2018.06.16-05.32.16:700][  1]LogTexture: Display: Building textures: Texture2D_15 (BGRA8, 128X128)
[2018.06.16-05.32.18:275][ 81]LogSlate: FSceneViewport::OnFocusLost() reason 0
[2018.06.16-05.32.19:547][ 92]LogSlate: Window 'Save Content' being destroyed
[2018.06.16-05.32.19:915][ 92]LogSavePackage: Save=179.38ms
[2018.06.16-05.32.19:915][ 92]LogSavePackage: Moving '../../../../../../Users/Tyrone/Documents/TankBattle/SalemWitchTrials/Saved/Minimal_DefaultDD0A57F243A709849A3BEDA524EB203D.tmp' to '../../../../../../Users/Tyrone/Documents/TankBattle/SalemWitchTrials/Content/StarterContent/Maps/Minimal_Default.umap'
[2018.06.16-05.32.19:918][ 92]LogSavePackage: Display: Finished SavePackage ../../../../../../Users/Tyrone/Documents/TankBattle/SalemWitchTrials/Content/StarterContent/Maps/Minimal_Default.umap
[2018.06.16-05.32.19:947][ 92]LogFileHelpers: Saving map 'Minimal_Default' took 0.319
[2018.06.16-05.32.20:026][ 92]LogSlate: Window 'Content Browser' being destroyed
[2018.06.16-05.32.20:053][ 92]LogSlate: Window 'Modes' being destroyed
[2018.06.16-05.32.20:066][ 92]LogSlate: Window 'SalemWitchTrials - Unreal Editor' being destroyed
[2018.06.16-05.32.20:072][ 92]LogWindowsTextInputMethodSystem: Display: IME system now deactivated.
[2018.06.16-05.32.20:351][ 93]Cmd: QUIT_EDITOR
[2018.06.16-05.32.20:412][ 93]LogSlate: Slate User Destroyed.  User Index 0, Is Virtual User: 0
[2018.06.16-05.32.20:412][ 93]LogExit: Preparing to exit.
[2018.06.16-05.32.21:175][ 93]LogDirectoryWatcher: A directory notification for 'C:/Users/Tyrone/Documents/TankBattle/SalemWitchTrials/Content/' was aborted.
[2018.06.16-05.32.21:205][ 93]LogExit: Editor shut down
[2018.06.16-05.32.21:209][ 93]LogExit: Transaction tracking system shut down
[2018.06.16-05.32.21:396][ 93]LogDirectoryWatcher: A directory notification for '../../../Engine/Content/' was aborted.
[2018.06.16-05.32.21:396][ 93]LogDirectoryWatcher: A directory notification for '../../../../../../Users/Tyrone/Documents/TankBattle/SalemWitchTrials/Content/' was aborted.
[2018.06.16-05.32.21:396][ 93]LogDirectoryWatcher: A directory notification for '../../Plugins/2D/Paper2D/Content/' was aborted.
[2018.06.16-05.32.21:397][ 93]LogDirectoryWatcher: A directory notification for '../../Plugins/Enterprise/DatasmithContent/Content/' was aborted.
[2018.06.16-05.32.21:397][ 93]LogDirectoryWatcher: A directory notification for '../../Plugins/Media/MediaCompositing/Content/' was aborted.
[2018.06.16-05.32.21:397][ 93]LogDirectoryWatcher: A directory notification for '../../Plugins/Runtime/AppleARKit/Content/' was aborted.
[2018.06.16-05.32.21:397][ 93]LogDirectoryWatcher: A directory notification for '../../Plugins/Runtime/Oculus/OculusVR/Content/' was aborted.
[2018.06.16-05.32.21:397][ 93]LogDirectoryWatcher: A directory notification for '../../Plugins/Runtime/Steam/SteamVR/Content/' was aborted.
[2018.06.16-05.32.21:506][ 93]LogExit: Object subsystem successfully closed.
[2018.06.16-05.32.21:536][ 93]LogShaderCompilers: Display: Shaders left to compile 0
[2018.06.16-05.32.21:541][ 93]LogD3D11RHI: Shutdown
[2018.06.16-05.32.21:541][ 93]LogD3D11RHI: CleanupD3DDevice
[2018.06.16-05.32.21:544][ 93]LogD3D11RHI: ~FD3D11DynamicRHI
[2018.06.16-05.32.21:580][ 93]LogModuleManager: Shutting down and abandoning module HierarchicalLODOutliner (574)
[2018.06.16-05.32.21:580][ 93]LogModuleManager: Shutting down and abandoning module AddContentDialog (572)
[2018.06.16-05.32.21:581][ 93]LogDirectoryWatcher: A directory notification for 'C:/Program Files/Epic Games/UE_4.19/FeaturePacks/' was aborted.
[2018.06.16-05.32.21:582][ 93]LogModuleManager: Shutting down and abandoning module WidgetCarousel (571)
[2018.06.16-05.32.21:582][ 93]LogModuleManager: Shutting down and abandoning module EditorWidgets (568)
[2018.06.16-05.32.21:582][ 93]LogModuleManager: Shutting down and abandoning module CollectionManager (566)
[2018.06.16-05.32.21:583][ 93]LogDirectoryWatcher: A directory notification for 'C:/Users/Tyrone/Documents/TankBattle/SalemWitchTrials/Content/Collections/' was aborted.
[2018.06.16-05.32.21:583][ 93]LogDirectoryWatcher: A directory notification for 'C:/Users/Tyrone/Documents/TankBattle/SalemWitchTrials/Content/Developers/Tyrone/Collections/' was aborted.
[2018.06.16-05.32.21:583][ 93]LogDirectoryWatcher: A directory notification for 'C:/Users/Tyrone/Documents/TankBattle/SalemWitchTrials/Saved/Collections/' was aborted.
[2018.06.16-05.32.21:583][ 93]LogModuleManager: Shutting down and abandoning module SceneOutliner (564)
[2018.06.16-05.32.21:583][ 93]LogModuleManager: Shutting down and abandoning module StatsViewer (562)
[2018.06.16-05.32.21:583][ 93]LogModuleManager: Shutting down and abandoning module FoliageEdit (560)
[2018.06.16-05.32.21:583][ 93]LogModuleManager: Shutting down and abandoning module LandscapeEditor (558)
[2018.06.16-05.32.21:584][ 93]LogModuleManager: Shutting down and abandoning module MeshPaintMode (556)
[2018.06.16-05.32.21:584][ 93]LogModuleManager: Shutting down and abandoning module SceneDepthPickerMode (554)
[2018.06.16-05.32.21:584][ 93]LogModuleManager: Shutting down and abandoning module ActorPickerMode (552)
[2018.06.16-05.32.21:584][ 93]LogModuleManager: Shutting down and abandoning module GeometryMode (550)
[2018.06.16-05.32.21:585][ 93]LogModuleManager: Shutting down and abandoning module TextureAlignMode (548)
[2018.06.16-05.32.21:585][ 93]LogModuleManager: Shutting down and abandoning module BspMode (546)
[2018.06.16-05.32.21:585][ 93]LogModuleManager: Shutting down and abandoning module PIEPreviewDeviceProfileSelector (544)
[2018.06.16-05.32.21:585][ 93]LogModuleManager: Shutting down and abandoning module HardwareSurvey (542)
[2018.06.16-05.32.21:585][ 93]LogModuleManager: Shutting down and abandoning module SequenceRecorderSections (540)
[2018.06.16-05.32.21:585][ 93]LogModuleManager: Shutting down and abandoning module AutomationWorker (538)
[2018.06.16-05.32.21:585][ 93]LogModuleManager: Shutting down and abandoning module AudioCaptureEditor (536)
[2018.06.16-05.32.21:585][ 93]LogModuleManager: Shutting down and abandoning module SequenceRecorder (535)
[2018.06.16-05.32.21:585][ 93]LogModuleManager: Shutting down and abandoning module MatineeToLevelSequence (532)
[2018.06.16-05.32.21:585][ 93]LogModuleManager: Shutting down and abandoning module LevelSequenceEditor (530)
[2018.06.16-05.32.21:587][ 93]LogModuleManager: Shutting down and abandoning module PlacementMode (529)
[2018.06.16-05.32.21:587][ 93]LogModuleManager: Shutting down and abandoning module MaterialEditor (528)
[2018.06.16-05.32.21:587][ 93]LogModuleManager: Shutting down and abandoning module WmfMediaFactory (524)
[2018.06.16-05.32.21:587][ 93]LogModuleManager: Shutting down and abandoning module WmfMediaEditor (522)
[2018.06.16-05.32.21:587][ 93]LogModuleManager: Shutting down and abandoning module MediaPlayerEditor (520)
[2018.06.16-05.32.21:588][ 93]LogModuleManager: Shutting down and abandoning module OpenExrWrapper (518)
[2018.06.16-05.32.21:588][ 93]LogModuleManager: Shutting down and abandoning module ImgMediaFactory (516)
[2018.06.16-05.32.21:588][ 93]LogModuleManager: Shutting down and abandoning module ImgMediaEditor (514)
[2018.06.16-05.32.21:588][ 93]LogModuleManager: Shutting down and abandoning module AvfMediaFactory (512)
[2018.06.16-05.32.21:588][ 93]LogModuleManager: Shutting down and abandoning module AvfMediaEditor (510)
[2018.06.16-05.32.21:588][ 93]LogModuleManager: Shutting down and abandoning module AndroidMediaFactory (508)
[2018.06.16-05.32.21:588][ 93]LogModuleManager: Shutting down and abandoning module AndroidMediaEditor (506)
[2018.06.16-05.32.21:588][ 93]LogModuleManager: Shutting down and abandoning module CharacterAI (504)
[2018.06.16-05.32.21:588][ 93]LogModuleManager: Shutting down and abandoning module SmartSnapping (502)
[2018.06.16-05.32.21:588][ 93]LogModuleManager: Shutting down and abandoning module SessionServices (500)
[2018.06.16-05.32.21:588][ 93]LogModuleManager: Shutting down and abandoning module ViewportSnapping (498)
[2018.06.16-05.32.21:588][ 93]LogModuleManager: Shutting down and abandoning module ViewportInteraction (496)
[2018.06.16-05.32.21:588][ 93]LogModuleManager: Shutting down and abandoning module ClothPainter (494)
[2018.06.16-05.32.21:589][ 93]LogModuleManager: Shutting down and abandoning module SkeletalMeshEditor (493)
[2018.06.16-05.32.21:590][ 93]LogModuleManager: Shutting down and abandoning module LogVisualizer (490)
[2018.06.16-05.32.21:591][ 93]LogModuleManager: Shutting down and abandoning module IntroTutorials (488)
[2018.06.16-05.32.21:596][ 93]LogModuleManager: Shutting down and abandoning module GameProjectGeneration (487)
[2018.06.16-05.32.21:598][ 93]LogModuleManager: Shutting down and abandoning module IOSPlatformEditor (484)
[2018.06.16-05.32.21:599][ 93]LogModuleManager: Shutting down and abandoning module HTML5PlatformEditor (482)
[2018.06.16-05.32.21:599][ 93]LogModuleManager: Shutting down and abandoning module AndroidPlatformEditor (480)
[2018.06.16-05.32.21:599][ 93]LogModuleManager: Shutting down and abandoning module AndroidDeviceDetection (479)
[2018.06.16-05.32.21:849][ 93]LogModuleManager: Shutting down and abandoning module WindowsPlatformEditor (476)
[2018.06.16-05.32.21:849][ 93]LogModuleManager: Shutting down and abandoning module IOSRuntimeSettings (474)
[2018.06.16-05.32.21:849][ 93]LogModuleManager: Shutting down and abandoning module AndroidRuntimeSettings (472)
[2018.06.16-05.32.21:849][ 93]LogModuleManager: Shutting down and abandoning module InputBindingEditor (470)
[2018.06.16-05.32.21:850][ 93]LogModuleManager: Shutting down and abandoning module MergeActors (468)
[2018.06.16-05.32.21:850][ 93]LogModuleManager: Shutting down and abandoning module LocalizationDashboard (466)
[2018.06.16-05.32.21:851][ 93]LogModuleManager: Shutting down and abandoning module LocalizationService (465)
[2018.06.16-05.32.21:851][ 93]LogModuleManager: Shutting down and abandoning module HardwareTargeting (462)
[2018.06.16-05.32.21:851][ 93]LogModuleManager: Shutting down and abandoning module DeviceProfileEditor (460)
[2018.06.16-05.32.21:851][ 93]LogModuleManager: Shutting down and abandoning module UndoHistory (458)
[2018.06.16-05.32.21:851][ 93]LogModuleManager: Shutting down and abandoning module XmlParser (456)
[2018.06.16-05.32.21:851][ 93]LogModuleManager: Shutting down and abandoning module Blutility (454)
[2018.06.16-05.32.21:851][ 93]LogModuleManager: Shutting down and abandoning module ProjectSettingsViewer (452)
[2018.06.16-05.32.21:851][ 93]LogModuleManager: Shutting down and abandoning module ProjectTargetPlatformEditor (451)
[2018.06.16-05.32.21:852][ 93]LogModuleManager: Shutting down and abandoning module EditorSettingsViewer (448)
[2018.06.16-05.32.21:852][ 93]LogModuleManager: Shutting down and abandoning module SettingsEditor (446)
[2018.06.16-05.32.21:853][ 93]LogModuleManager: Shutting down and abandoning module ProjectLauncher (444)
[2018.06.16-05.32.21:853][ 93]LogModuleManager: Shutting down and abandoning module SessionFrontend (442)
[2018.06.16-05.32.21:853][ 93]LogModuleManager: Shutting down and abandoning module ProfilerClient (440)
[2018.06.16-05.32.21:853][ 93]LogModuleManager: Shutting down and abandoning module DeviceManager (438)
[2018.06.16-05.32.21:854][ 93]LogModuleManager: Shutting down and abandoning module TargetDeviceServices (437)
[2018.06.16-05.32.21:909][ 93]LogModuleManager: Shutting down and abandoning module AutomationController (434)
[2018.06.16-05.32.21:910][ 93]LogModuleManager: Shutting down and abandoning module AutomationWindow (432)
[2018.06.16-05.32.21:911][ 93]LogModuleManager: Shutting down and abandoning module Layers (430)
[2018.06.16-05.32.21:913][ 93]LogModuleManager: Shutting down and abandoning module ComponentVisualizers (428)
[2018.06.16-05.32.21:913][ 93]LogModuleManager: Shutting down and abandoning module DetailCustomizations (426)
[2018.06.16-05.32.21:913][ 93]LogModuleManager: Shutting down and abandoning module PackagesDialog (424)
[2018.06.16-05.32.21:913][ 93]LogModuleManager: Shutting down and abandoning module Persona (422)
[2018.06.16-05.32.21:914][ 93]LogModuleManager: Shutting down and abandoning module AdvancedPreviewScene (421)
[2018.06.16-05.32.21:914][ 93]LogModuleManager: Shutting down and abandoning module AnimGraph (419)
[2018.06.16-05.32.21:914][ 93]LogModuleManager: Shutting down and abandoning module Kismet (416)
[2018.06.16-05.32.21:915][ 93]LogModuleManager: Shutting down and abandoning module GraphEditor (414)
[2018.06.16-05.32.21:915][ 93]LogModuleManager: Shutting down and abandoning module ClassViewer (412)
[2018.06.16-05.32.21:915][ 93]LogModuleManager: Shutting down and abandoning module Toolbox (410)
[2018.06.16-05.32.21:915][ 93]LogModuleManager: Shutting down and abandoning module ModuleUI (408)
[2018.06.16-05.32.21:915][ 93]LogModuleManager: Shutting down and abandoning module MovieSceneTools (406)
[2018.06.16-05.32.21:916][ 93]LogModuleManager: Shutting down and abandoning module OutputLog (404)
[2018.06.16-05.32.21:916][ 93]LogModuleManager: Shutting down and abandoning module GammaUI (402)
[2018.06.16-05.32.21:916][ 93]LogModuleManager: Shutting down and abandoning module Documentation (400)
[2018.06.16-05.32.21:916][ 93]LogModuleManager: Shutting down and abandoning module MovieSceneTracks (398)
[2018.06.16-05.32.21:916][ 93]LogModuleManager: Shutting down and abandoning module MovieScene (396)
[2018.06.16-05.32.21:916][ 93]LogModuleManager: Shutting down and abandoning module StreamingPauseRendering (394)
[2018.06.16-05.32.21:916][ 93]LogModuleManager: Shutting down and abandoning module LauncherPlatform (392)
[2018.06.16-05.32.21:916][ 93]LogModuleManager: Shutting down and abandoning module AnalyticsET (390)
[2018.06.16-05.32.21:916][ 93]LogModuleManager: Shutting down and abandoning module PortalServices (388)
[2018.06.16-05.32.21:916][ 93]LogModuleManager: Shutting down and abandoning module PortalRpc (386)
[2018.06.16-05.32.21:916][ 93]LogModuleManager: Shutting down and abandoning module MessagingRpc (384)
[2018.06.16-05.32.21:916][ 93]LogModuleManager: Shutting down and abandoning module AIModule (382)
[2018.06.16-05.32.21:916][ 93]LogModuleManager: Shutting down and abandoning module GameplayDebugger (381)
[2018.06.16-05.32.21:916][ 93]LogModuleManager: Shutting down and abandoning module AITestSuite (379)
[2018.06.16-05.32.21:917][ 93]LogModuleManager: Shutting down and abandoning module DesktopPlatform (376)
[2018.06.16-05.32.21:917][ 93]LogModuleManager: Shutting down and abandoning module ProfilerService (374)
[2018.06.16-05.32.21:977][ 93]LogModuleManager: Shutting down and abandoning module TaskGraph (372)
[2018.06.16-05.32.21:978][ 93]LogModuleManager: Shutting down and abandoning module SteamVRController (370)
[2018.06.16-05.32.21:978][ 93]LogModuleManager: Shutting down and abandoning module ProceduralMeshComponentEditor (368)
[2018.06.16-05.32.21:978][ 93]LogModuleManager: Shutting down and abandoning module ProceduralMeshComponent (366)
[2018.06.16-05.32.21:978][ 93]LogModuleManager: Shutting down and abandoning module OculusInput (364)
[2018.06.16-05.32.21:979][ 93]LogModuleManager: Shutting down and abandoning module MobilePatchingUtils (362)
[2018.06.16-05.32.21:979][ 93]LogModuleManager: Shutting down and abandoning module CustomMeshComponent (360)
[2018.06.16-05.32.21:979][ 93]LogModuleManager: Shutting down and abandoning module CableComponent (358)
[2018.06.16-05.32.21:979][ 93]LogModuleManager: Shutting down and abandoning module AudioCapture (356)
[2018.06.16-05.32.21:979][ 93]LogModuleManager: Shutting down and abandoning module ArchVisCharacter (354)
[2018.06.16-05.32.21:979][ 93]LogModuleManager: Shutting down and abandoning module AndroidPermission (352)
[2018.06.16-05.32.21:979][ 93]LogModuleManager: Shutting down and abandoning module NUTUnrealEngine4 (348)
[2018.06.16-05.32.21:979][ 93]LogModuleManager: Shutting down and abandoning module NetcodeUnitTest (346)
[2018.06.16-05.32.21:980][ 93]LogModuleManager: Shutting down and abandoning module MediaCompositingEditor (344)
[2018.06.16-05.32.21:980][ 93]LogModuleManager: Shutting down and abandoning module MediaCompositing (342)
[2018.06.16-05.32.21:980][ 93]LogModuleManager: Shutting down and abandoning module LinearTimecode (340)
[2018.06.16-05.32.21:980][ 93]LogModuleManager: Shutting down and abandoning module ImgMedia (338)
[2018.06.16-05.32.21:983][ 93]LogModuleManager: Shutting down and abandoning module HTML5Networking (336)
[2018.06.16-05.32.21:983][ 93]LogModuleManager: Shutting down and abandoning module AlembicImporter (334)
[2018.06.16-05.32.21:983][ 93]LogModuleManager: Shutting down and abandoning module AlembicLibrary (333)
[2018.06.16-05.32.21:983][ 93]LogModuleManager: Shutting down and abandoning module GeometryCache (332)
[2018.06.16-05.32.21:983][ 93]LogModuleManager: Shutting down and abandoning module GeometryCacheEd (331)
[2018.06.16-05.32.21:983][ 93]LogModuleManager: Shutting down and abandoning module DatasmithContent (326)
[2018.06.16-05.32.21:983][ 93]LogModuleManager: Shutting down and abandoning module SpeedTreeImporter (324)
[2018.06.16-05.32.21:983][ 93]LogModuleManager: Shutting down and abandoning module PluginBrowser (322)
[2018.06.16-05.32.21:985][ 93]LogModuleManager: Shutting down and abandoning module MobileLauncherProfileWizard (320)
[2018.06.16-05.32.21:985][ 93]LogModuleManager: Shutting down and abandoning module CryptoKeysOpenSSL (318)
[2018.06.16-05.32.21:985][ 93]LogModuleManager: Shutting down and abandoning module CryptoKeys (316)
[2018.06.16-05.32.21:985][ 93]LogModuleManager: Shutting down and abandoning module VisualStudioSourceCodeAccess (314)
[2018.06.16-05.32.21:985][ 93]LogModuleManager: Shutting down and abandoning module VisualStudioCodeSourceCodeAccess (312)
[2018.06.16-05.32.21:986][ 93]LogModuleManager: Shutting down and abandoning module UObjectPlugin (310)
[2018.06.16-05.32.21:986][ 93]LogModuleManager: Shutting down and abandoning module SubversionSourceControl (308)
[2018.06.16-05.32.21:986][ 93]LogModuleManager: Shutting down and abandoning module PerforceSourceControl (306)
[2018.06.16-05.32.21:987][ 93]LogModuleManager: Shutting down and abandoning module GitSourceControl (304)
[2018.06.16-05.32.21:987][ 93]LogModuleManager: Shutting down and abandoning module SourceControl (303)
[2018.06.16-05.32.21:987][ 93]LogModuleManager: Shutting down and abandoning module CLionSourceCodeAccess (300)
[2018.06.16-05.32.21:987][ 93]LogModuleManager: Shutting down and abandoning module LightPropagationVolumeEditor (298)
[2018.06.16-05.32.21:987][ 93]LogModuleManager: Shutting down and abandoning module PaperTiledImporter (296)
[2018.06.16-05.32.21:987][ 93]LogModuleManager: Shutting down and abandoning module PaperSpriteSheetImporter (294)
[2018.06.16-05.32.21:987][ 93]LogModuleManager: Shutting down and abandoning module Paper2DEditor (292)
[2018.06.16-05.32.21:988][ 93]LogModuleManager: Shutting down and abandoning module MeshPaint (291)
[2018.06.16-05.32.21:988][ 93]LogModuleManager: Shutting down and abandoning module RuntimePhysXCooking (288)
[2018.06.16-05.32.21:988][ 93]LogModuleManager: Shutting down and abandoning module PhysXVehiclesEditor (286)
[2018.06.16-05.32.21:988][ 93]LogModuleManager: Shutting down and abandoning module PhysXVehicles (284)
[2018.06.16-05.32.21:988][ 93]LogModuleManager: Shutting down and abandoning module OculusEditor (282)
[2018.06.16-05.32.21:988][ 93]LogModuleManager: Shutting down and abandoning module LocationServicesBPLibrary (280)
[2018.06.16-05.32.21:988][ 93]LogModuleManager: Shutting down and abandoning module ImmediatePhysicsEditor (278)
[2018.06.16-05.32.21:988][ 93]LogModuleManager: Shutting down and abandoning module ImmediatePhysics (276)
[2018.06.16-05.32.21:989][ 93]LogModuleManager: Shutting down and abandoning module ActorSequence (274)
[2018.06.16-05.32.21:989][ 93]LogModuleManager: Shutting down and abandoning module UdpMessaging (272)
[2018.06.16-05.32.22:090][ 93]LogModuleManager: Shutting down and abandoning module TcpMessaging (270)
[2018.06.16-05.32.22:191][ 93]LogModuleManager: Shutting down and abandoning module GameplayTagsEditor (268)
[2018.06.16-05.32.22:191][ 93]LogModuleManager: Shutting down and abandoning module FacialAnimationEditor (266)
[2018.06.16-05.32.22:191][ 93]LogModuleManager: Shutting down and abandoning module FacialAnimation (264)
[2018.06.16-05.32.22:191][ 93]LogModuleManager: Shutting down and abandoning module DataValidation (262)
[2018.06.16-05.32.22:193][ 93]LogModuleManager: Shutting down and abandoning module AssetManagerEditor (260)
[2018.06.16-05.32.22:193][ 93]LogModuleManager: Shutting down and abandoning module LevelEditor (259)
[2018.06.16-05.32.22:194][ 93]LogModuleManager: Shutting down and abandoning module PixelInspectorModule (258)
[2018.06.16-05.32.22:194][ 93]LogModuleManager: Shutting down and abandoning module CommonMenuExtensions (256)
[2018.06.16-05.32.22:194][ 93]LogModuleManager: Shutting down and abandoning module MainFrame (254)
[2018.06.16-05.32.22:195][ 93]LogModuleManager: Shutting down and abandoning module HotReload (253)
[2018.06.16-05.32.22:195][ 93]LogModuleManager: Shutting down and abandoning module ContentBrowser (249)
[2018.06.16-05.32.22:196][ 93]LogModuleManager: Shutting down and abandoning module TreeMap (247)
[2018.06.16-05.32.22:197][ 93]LogModuleManager: Shutting down and abandoning module LightPropagationVolumeRuntime (244)
[2018.06.16-05.32.22:197][ 93]LogModuleManager: Shutting down and abandoning module LiveLinkEditor (242)
[2018.06.16-05.32.22:197][ 93]LogModuleManager: Shutting down and abandoning module LiveLink (240)
[2018.06.16-05.32.22:741][ 93]LogModuleManager: Shutting down and abandoning module Paper2D (238)
[2018.06.16-05.32.22:741][ 93]LogModuleManager: Shutting down and abandoning module WindowsMoviePlayer (236)
[2018.06.16-05.32.22:742][ 93]LogModuleManager: Shutting down and abandoning module WmfMedia (234)
[2018.06.16-05.32.22:744][ 93]LogModuleManager: Shutting down and abandoning module PacketHandler (232)
[2018.06.16-05.32.22:744][ 93]LogModuleManager: Shutting down and abandoning module ClothingSystemEditor (230)
[2018.06.16-05.32.22:745][ 93]LogModuleManager: Shutting down and abandoning module ClothingSystemRuntime (228)
[2018.06.16-05.32.22:745][ 93]LogModuleManager: Shutting down and abandoning module MediaAssets (226)
[2018.06.16-05.32.22:745][ 93]LogModuleManager: Shutting down and abandoning module Media (225)
[2018.06.16-05.32.22:751][ 93]LogModuleManager: Shutting down and abandoning module Overlay (222)
[2018.06.16-05.32.22:751][ 93]LogModuleManager: Shutting down and abandoning module OverlayEditor (221)
[2018.06.16-05.32.22:751][ 93]LogModuleManager: Shutting down and abandoning module VREditor (218)
[2018.06.16-05.32.22:752][ 93]LogModuleManager: Shutting down and abandoning module StringTableEditor (216)
[2018.06.16-05.32.22:752][ 93]LogModuleManager: Shutting down and abandoning module GameplayTasksEditor (214)
[2018.06.16-05.32.22:752][ 93]LogModuleManager: Shutting down and abandoning module BehaviorTreeEditor (212)
[2018.06.16-05.32.22:754][ 93]LogModuleManager: Shutting down and abandoning module FunctionalTesting (210)
[2018.06.16-05.32.22:754][ 93]LogModuleManager: Shutting down and abandoning module CollisionAnalyzer (208)
[2018.06.16-05.32.22:755][ 93]LogModuleManager: Shutting down and abandoning module WorkspaceMenuStructure (207)
[2018.06.16-05.32.22:755][ 93]LogModuleManager: Shutting down and abandoning module UMG (204)
[2018.06.16-05.32.22:756][ 93]LogModuleManager: Shutting down and abandoning module UMGEditor (203)
[2018.06.16-05.32.22:757][ 93]LogModuleManager: Shutting down and abandoning module Sequencer (202)
[2018.06.16-05.32.22:758][ 93]LogModuleManager: Shutting down and abandoning module MessageLog (199)
[2018.06.16-05.32.22:758][ 93]LogModuleManager: Shutting down and abandoning module SlateReflector (194)
[2018.06.16-05.32.22:761][ 93]LogModuleManager: Shutting down and abandoning module Slate (192)
[2018.06.16-05.32.22:761][ 93]LogModuleManager: Shutting down and abandoning module EditorStyle (190)
[2018.06.16-05.32.22:763][ 93]LogModuleManager: Shutting down and abandoning module MRMesh (188)
[2018.06.16-05.32.22:763][ 93]LogModuleManager: Shutting down and abandoning module SourceCodeAccess (186)
[2018.06.16-05.32.22:763][ 93]LogModuleManager: Shutting down and abandoning module HeadMountedDisplay (184)
[2018.06.16-05.32.22:763][ 93]LogModuleManager: Shutting down and abandoning module XAudio2 (182)
[2018.06.16-05.32.22:763][ 93]LogModuleManager: Shutting down and abandoning module Networking (180)
[2018.06.16-05.32.22:763][ 93]LogModuleManager: Shutting down and abandoning module Core (178)
[2018.06.16-05.32.22:763][ 93]LogModuleManager: Shutting down and abandoning module LevelSequence (176)
[2018.06.16-05.32.22:763][ 93]LogModuleManager: Shutting down and abandoning module KismetCompiler (174)
[2018.06.16-05.32.22:763][ 93]LogModuleManager: Shutting down and abandoning module MeshUtilities (172)
[2018.06.16-05.32.22:764][ 93]LogModuleManager: Shutting down and abandoning module MeshMergeUtilities (171)
[2018.06.16-05.32.22:764][ 93]LogModuleManager: Shutting down and abandoning module MeshReductionInterface (170)
[2018.06.16-05.32.22:764][ 93]LogModuleManager: Shutting down and abandoning module SimplygonSwarm (169)
[2018.06.16-05.32.22:764][ 93]LogModuleManager: Shutting down and abandoning module SimplygonMeshReduction (167)
[2018.06.16-05.32.22:764][ 93]LogModuleManager: Shutting down and abandoning module QuadricMeshReduction (165)
[2018.06.16-05.32.22:765][ 93]LogModuleManager: Shutting down and abandoning module MaterialBaking (161)
[2018.06.16-05.32.22:765][ 93]LogModuleManager: Shutting down and abandoning module DirectoryWatcher (157)
[2018.06.16-05.32.22:766][ 93]LogModuleManager: Shutting down and abandoning module DerivedDataCache (154)
[2018.06.16-05.32.22:793][ 93]LogDerivedDataCache: Shutdown
[2018.06.16-05.32.22:793][ 93]LogModuleManager: Shutting down and abandoning module XGEController (152)
[2018.06.16-05.32.22:793][ 93]LogXGEController: Cleaning working directory: C:/Users/Tyrone/AppData/Local/Temp/UnrealXGEWorkingDir/
[2018.06.16-05.32.22:794][ 93]LogModuleManager: Shutting down and abandoning module TargetPlatform (150)
[2018.06.16-05.32.22:794][ 93]LogModuleManager: Shutting down and abandoning module VulkanShaderFormat (149)
[2018.06.16-05.32.22:794][ 93]LogModuleManager: Shutting down and abandoning module ShaderFormatVectorVM (147)
[2018.06.16-05.32.22:794][ 93]LogModuleManager: Shutting down and abandoning module ShaderFormatOpenGL (145)
[2018.06.16-05.32.22:795][ 93]LogModuleManager: Shutting down and abandoning module ShaderFormatD3D (143)
[2018.06.16-05.32.22:795][ 93]LogModuleManager: Shutting down and abandoning module MetalShaderFormat (141)
[2018.06.16-05.32.22:795][ 93]LogModuleManager: Shutting down and abandoning module TextureFormatUncompressed (139)
[2018.06.16-05.32.22:795][ 93]LogModuleManager: Shutting down and abandoning module TextureFormatPVR (137)
[2018.06.16-05.32.22:795][ 93]LogModuleManager: Shutting down and abandoning module TextureFormatDXT (135)
[2018.06.16-05.32.22:795][ 93]LogModuleManager: Shutting down and abandoning module TextureFormatIntelISPCTexComp (133)
[2018.06.16-05.32.22:795][ 93]LogModuleManager: Shutting down and abandoning module TextureFormatASTC (131)
[2018.06.16-05.32.22:795][ 93]LogModuleManager: Shutting down and abandoning module ImageWrapper (130)
[2018.06.16-05.32.22:795][ 93]LogModuleManager: Shutting down and abandoning module TextureFormatAndroid (127)
[2018.06.16-05.32.22:796][ 93]LogModuleManager: Shutting down and abandoning module AudioFormatOpus (125)
[2018.06.16-05.32.22:796][ 93]LogModuleManager: Shutting down and abandoning module AudioFormatOgg (123)
[2018.06.16-05.32.22:796][ 93]LogModuleManager: Shutting down and abandoning module AudioFormatADPCM (121)
[2018.06.16-05.32.22:796][ 93]LogModuleManager: Shutting down and abandoning module LinuxTargetPlatform (119)
[2018.06.16-05.32.22:796][ 93]LogModuleManager: Shutting down and abandoning module LinuxServerTargetPlatform (117)
[2018.06.16-05.32.22:796][ 93]LogModuleManager: Shutting down and abandoning module LinuxNoEditorTargetPlatform (115)
[2018.06.16-05.32.22:796][ 93]LogModuleManager: Shutting down and abandoning module LinuxClientTargetPlatform (113)
[2018.06.16-05.32.22:796][ 93]LogModuleManager: Shutting down and abandoning module TVOSTargetPlatform (111)
[2018.06.16-05.32.22:796][ 93]LogModuleManager: Shutting down and abandoning module Messaging (109)
[2018.06.16-05.32.22:796][ 93]LogModuleManager: Shutting down and abandoning module IOSTargetPlatform (107)
[2018.06.16-05.32.22:796][ 93]LogModuleManager: Shutting down and abandoning module HTML5TargetPlatform (105)
[2018.06.16-05.32.22:796][ 93]LogModuleManager: Shutting down and abandoning module AndroidTargetPlatform (103)
[2018.06.16-05.32.22:796][ 93]LogModuleManager: Shutting down and abandoning module Android_PVRTCTargetPlatform (101)
[2018.06.16-05.32.22:796][ 93]LogModuleManager: Shutting down and abandoning module Android_MultiTargetPlatform (99)
[2018.06.16-05.32.22:796][ 93]LogModuleManager: Shutting down and abandoning module Android_ETC2TargetPlatform (97)
[2018.06.16-05.32.22:796][ 93]LogModuleManager: Shutting down and abandoning module Android_ETC1TargetPlatform (95)
[2018.06.16-05.32.22:796][ 93]LogModuleManager: Shutting down and abandoning module Android_ETC1aTargetPlatform (93)
[2018.06.16-05.32.22:796][ 93]LogModuleManager: Shutting down and abandoning module Android_DXTTargetPlatform (91)
[2018.06.16-05.32.22:796][ 93]LogModuleManager: Shutting down and abandoning module Android_ATCTargetPlatform (89)
[2018.06.16-05.32.22:796][ 93]LogModuleManager: Shutting down and abandoning module Android_ASTCTargetPlatform (87)
[2018.06.16-05.32.22:796][ 93]LogModuleManager: Shutting down and abandoning module WindowsTargetPlatform (85)
[2018.06.16-05.32.22:796][ 93]LogModuleManager: Shutting down and abandoning module WindowsServerTargetPlatform (83)
[2018.06.16-05.32.22:796][ 93]LogModuleManager: Shutting down and abandoning module WindowsNoEditorTargetPlatform (81)
[2018.06.16-05.32.22:796][ 93]LogModuleManager: Shutting down and abandoning module WindowsClientTargetPlatform (79)
[2018.06.16-05.32.22:796][ 93]LogModuleManager: Shutting down and abandoning module MacTargetPlatform (77)
[2018.06.16-05.32.22:796][ 93]LogModuleManager: Shutting down and abandoning module MacServerTargetPlatform (75)
[2018.06.16-05.32.22:796][ 93]LogModuleManager: Shutting down and abandoning module MacNoEditorTargetPlatform (73)
[2018.06.16-05.32.22:796][ 93]LogModuleManager: Shutting down and abandoning module MacClientTargetPlatform (71)
[2018.06.16-05.32.22:796][ 93]LogModuleManager: Shutting down and abandoning module AllDesktopTargetPlatform (69)
[2018.06.16-05.32.22:796][ 93]LogModuleManager: Shutting down and abandoning module InputCore (66)
[2018.06.16-05.32.22:796][ 93]LogModuleManager: Shutting down and abandoning module Settings (64)
[2018.06.16-05.32.22:796][ 93]LogModuleManager: Shutting down and abandoning module PhysXCooking (62)
[2018.06.16-05.32.22:796][ 93]LogModuleManager: Shutting down and abandoning module SteamVR (60)
[2018.06.16-05.32.22:796][ 93]LogModuleManager: Shutting down and abandoning module OculusHMD (58)
[2018.06.16-05.32.22:796][ 93]LogModuleManager: Shutting down and abandoning module ExampleDeviceProfileSelector (56)
[2018.06.16-05.32.22:796][ 93]LogModuleManager: Shutting down and abandoning module AppleARKit (54)
[2018.06.16-05.32.22:796][ 93]LogModuleManager: Shutting down and abandoning module AugmentedReality (51)
[2018.06.16-05.32.22:796][ 93]LogModuleManager: Shutting down and abandoning module OnlineBlueprintSupport (48)
[2018.06.16-05.32.22:796][ 93]LogModuleManager: Shutting down and abandoning module OnlineSubsystem (44)
[2018.06.16-05.32.22:797][ 93]LogModuleManager: Shutting down and abandoning module XMPP (43)
[2018.06.16-05.32.22:798][ 93]LogModuleManager: Shutting down and abandoning module HTTP (41)
[2018.06.16-05.32.22:798][ 93]LogHttp: Display: Http module shutting down, but needs to wait on 1 outstanding Http requests:
[2018.06.16-05.32.22:798][ 93]LogHttp: Display: 	verb=[POST] url=[https://datarouter.ol.epicgames.com/datarouter/api/v1/public/data?SessionID=%7BED7A4939-486C-1EAC-0581-8582B56B3807%7D&AppID=UEEditor.Rocket.Release&AppVersion=4.19.0-3944462%2B%2B%2BUE4%2BRelease-4.19&UserID=7604bb244ac4635f854ff4957451a75c%7C4f43e5917cc24c80aa80b74866912d9d%7C651f25d6-3cca-4a0b-9c9a-74cefa8a7ded&AppEnvironment=datacollector-binary&UploadType=eteventstream] status=Processing
[2018.06.16-05.32.22:822][ 93]LogModuleManager: Shutting down and abandoning module SSL (40)
[2018.06.16-05.32.22:824][ 93]LogModuleManager: Shutting down and abandoning module AnimationModifiers (36)
[2018.06.16-05.32.22:825][ 93]LogModuleManager: Shutting down and abandoning module PropertyEditor (35)
[2018.06.16-05.32.22:825][ 93]LogModuleManager: Shutting down and abandoning module AudioEditor (32)
[2018.06.16-05.32.22:826][ 93]LogModuleManager: Shutting down and abandoning module TextureCompressor (30)
[2018.06.16-05.32.22:826][ 93]LogModuleManager: Shutting down and abandoning module ShaderCore (28)
[2018.06.16-05.32.22:826][ 93]LogModuleManager: Shutting down and abandoning module Landscape (26)
[2018.06.16-05.32.22:826][ 93]LogModuleManager: Shutting down and abandoning module SlateRHIRenderer (24)
[2018.06.16-05.32.22:827][ 93]LogModuleManager: Shutting down and abandoning module OpenGLDrv (22)
[2018.06.16-05.32.22:828][ 93]LogModuleManager: Shutting down and abandoning module D3D11RHI (20)
[2018.06.16-05.32.22:828][ 93]LogModuleManager: Shutting down and abandoning module AnimGraphRuntime (18)
[2018.06.16-05.32.22:828][ 93]LogModuleManager: Shutting down and abandoning module Renderer (16)
[2018.06.16-05.32.22:828][ 93]LogModuleManager: Shutting down and abandoning module Engine (14)
[2018.06.16-05.32.22:828][ 93]LogModuleManager: Shutting down and abandoning module CoreUObject (12)
[2018.06.16-05.32.22:828][ 93]LogModuleManager: Shutting down and abandoning module NetworkFile (10)
[2018.06.16-05.32.22:828][ 93]LogModuleManager: Shutting down and abandoning module CookedIterativeFile (8)
[2018.06.16-05.32.22:828][ 93]LogModuleManager: Shutting down and abandoning module StreamingFile (6)
[2018.06.16-05.32.22:828][ 93]LogModuleManager: Shutting down and abandoning module SandboxFile (4)
[2018.06.16-05.32.22:828][ 93]LogModuleManager: Shutting down and abandoning module PakFile (2)
[2018.06.16-05.32.22:832][ 93]LogExit: Exiting.
[2018.06.16-05.32.22:847][ 93]Log file closed, 06/16/18 01:32:22
