Log file open, 06/15/18 23:59:40
LogWindows: Failed to load 'aqProf.dll' (GetLastError=126)
LogWindows: File 'aqProf.dll' does not exist
LogWindows: Failed to load 'VSPerf140.dll' (GetLastError=126)
LogWindows: File 'VSPerf140.dll' does not exist
LogWindows: Failed to load 'VtuneApi.dll' (GetLastError=126)
LogWindows: File 'VtuneApi.dll' does not exist
LogWindows: Failed to load 'VtuneApi32e.dll' (GetLastError=126)
LogWindows: File 'VtuneApi32e.dll' does not exist
LogInit: Display: Running engine for game: SalemWitchTrials
LogPlatformFile: Not using cached read wrapper
LogInit: Display: RandInit(-207932002) SRandInit(-207932002).
LogInit: Read version file with build ID '3944462'
LogInit: Overriding engine version to CL 3944462, compatible CL 3944462
LogInit: Registered custom module enumerator with build ID '3944462'
LogTaskGraph: Started task graph with 5 named threads and 8 total threads with 3 sets of task threads.
LogStats: Stats thread started at 0.566679
LogD3D11RHI: Aftermath initialized
LogICUInternationalization: Display: ICU TimeZone Detection - Raw Offset: -5:00, Platform Override: ''
LogModuleManager: Display: Found up-to-date module file ../../../Engine/Plugins/2D/Paper2D/Binaries/Win64/UE4Editor-Paper2D.dll (API version 3944462).
LogModuleManager: Display: Found up-to-date module file ../../../Engine/Plugins/2D/Paper2D/Binaries/Win64/UE4Editor-Paper2DEditor.dll (API version 3944462).
LogModuleManager: Display: Found up-to-date module file ../../../Engine/Plugins/2D/Paper2D/Binaries/Win64/UE4Editor-PaperSpriteSheetImporter.dll (API version 3944462).
LogModuleManager: Display: Found up-to-date module file ../../../Engine/Plugins/2D/Paper2D/Binaries/Win64/UE4Editor-PaperTiledImporter.dll (API version 3944462).
LogModuleManager: Display: Found up-to-date module file ../../../Engine/Plugins/2D/Paper2D/Binaries/Win64/UE4Editor-SmartSnapping.dll (API version 3944462).
LogModuleManager: Display: Found up-to-date module file ../../../Engine/Plugins/Blendables/LightPropagationVolume/Binaries/Win64/UE4Editor-LightPropagationVolumeRuntime.dll (API version 3944462).
LogModuleManager: Display: Found up-to-date module file ../../../Engine/Plugins/Blendables/LightPropagationVolume/Binaries/Win64/UE4Editor-LightPropagationVolumeEditor.dll (API version 3944462).
LogModuleManager: Display: Found up-to-date module file ../../../Engine/Plugins/Developer/CLionSourceCodeAccess/Binaries/Win64/UE4Editor-CLionSourceCodeAccess.dll (API version 3944462).
LogModuleManager: Display: Found up-to-date module file ../../../Engine/Plugins/Developer/GitSourceControl/Binaries/Win64/UE4Editor-GitSourceControl.dll (API version 3944462).
LogModuleManager: Display: Found up-to-date module file ../../../Engine/Plugins/Developer/PerforceSourceControl/Binaries/Win64/UE4Editor-PerforceSourceControl.dll (API version 3944462).
LogModuleManager: Display: Found up-to-date module file ../../../Engine/Plugins/Developer/SubversionSourceControl/Binaries/Win64/UE4Editor-SubversionSourceControl.dll (API version 3944462).
LogModuleManager: Display: Found up-to-date module file ../../../Engine/Plugins/Developer/UObjectPlugin/Binaries/Win64/UE4Editor-UObjectPlugin.dll (API version 3944462).
LogModuleManager: Display: Found up-to-date module file ../../../Engine/Plugins/Developer/VisualStudioCodeSourceCodeAccess/Binaries/Win64/UE4Editor-VisualStudioCodeSourceCodeAccess.dll (API version 3944462).
LogModuleManager: Display: Found up-to-date module file ../../../Engine/Plugins/Developer/VisualStudioSourceCodeAccess/Binaries/Win64/UE4Editor-VisualStudioSourceCodeAccess.dll (API version 3944462).
LogModuleManager: Display: Found up-to-date module file ../../../Engine/Plugins/Editor/AssetManagerEditor/Binaries/Win64/UE4Editor-AssetManagerEditor.dll (API version 3944462).
LogModuleManager: Display: Found up-to-date module file ../../../Engine/Plugins/Editor/CryptoKeys/Binaries/Win64/UE4Editor-CryptoKeys.dll (API version 3944462).
LogModuleManager: Display: Found up-to-date module file ../../../Engine/Plugins/Editor/CryptoKeys/Binaries/Win64/UE4Editor-CryptoKeysOpenSSL.dll (API version 3944462).
LogModuleManager: Display: Found up-to-date module file ../../../Engine/Plugins/Editor/DataValidation/Binaries/Win64/UE4Editor-DataValidation.dll (API version 3944462).
LogModuleManager: Display: Found up-to-date module file ../../../Engine/Plugins/Editor/FacialAnimation/Binaries/Win64/UE4Editor-FacialAnimation.dll (API version 3944462).
LogModuleManager: Display: Found up-to-date module file ../../../Engine/Plugins/Editor/FacialAnimation/Binaries/Win64/UE4Editor-FacialAnimationEditor.dll (API version 3944462).
LogModuleManager: Display: Found up-to-date module file ../../../Engine/Plugins/Editor/GameplayTagsEditor/Binaries/Win64/UE4Editor-GameplayTagsEditor.dll (API version 3944462).
LogModuleManager: Display: Found up-to-date module file ../../../Engine/Plugins/Editor/MobileLauncherProfileWizard/Binaries/Win64/UE4Editor-MobileLauncherProfileWizard.dll (API version 3944462).
LogModuleManager: Display: Found up-to-date module file ../../../Engine/Plugins/Editor/PluginBrowser/Binaries/Win64/UE4Editor-PluginBrowser.dll (API version 3944462).
LogModuleManager: Display: Found up-to-date module file ../../../Engine/Plugins/Editor/SpeedTreeImporter/Binaries/Win64/UE4Editor-SpeedTreeImporter.dll (API version 3944462).
LogModuleManager: Display: Found up-to-date module file ../../../Engine/Plugins/Enterprise/DatasmithContent/Binaries/Win64/UE4Editor-DatasmithContent.dll (API version 3944462).
LogModuleManager: Display: Found up-to-date module file ../../../Engine/Plugins/Experimental/AlembicImporter/Binaries/Win64/UE4Editor-AlembicImporter.dll (API version 3944462).
LogModuleManager: Display: Found up-to-date module file ../../../Engine/Plugins/Experimental/AlembicImporter/Binaries/Win64/UE4Editor-AlembicLibrary.dll (API version 3944462).
LogModuleManager: Display: Found up-to-date module file ../../../Engine/Plugins/Experimental/CharacterAI/Binaries/Win64/UE4Editor-CharacterAI.dll (API version 3944462).
LogModuleManager: Display: Found up-to-date module file ../../../Engine/Plugins/Experimental/HTML5Networking/Binaries/Win64/UE4Editor-HTML5Networking.dll (API version 3944462).
LogModuleManager: Display: Found up-to-date module file ../../../Engine/Plugins/Media/AndroidMedia/Binaries/Win64/UE4Editor-AndroidMediaEditor.dll (API version 3944462).
LogModuleManager: Display: Found up-to-date module file ../../../Engine/Plugins/Media/AndroidMedia/Binaries/Win64/UE4Editor-AndroidMediaFactory.dll (API version 3944462).
LogModuleManager: Display: Found up-to-date module file ../../../Engine/Plugins/Media/AvfMedia/Binaries/Win64/UE4Editor-AvfMediaEditor.dll (API version 3944462).
LogModuleManager: Display: Found up-to-date module file ../../../Engine/Plugins/Media/AvfMedia/Binaries/Win64/UE4Editor-AvfMediaFactory.dll (API version 3944462).
LogModuleManager: Display: Found up-to-date module file ../../../Engine/Plugins/Media/AvfMedia/Binaries/Win64/UE4Editor-AvfMediaFactory.dll (API version 3944462).
LogModuleManager: Display: Found up-to-date module file ../../../Engine/Plugins/Media/ImgMedia/Binaries/Win64/UE4Editor-ImgMedia.dll (API version 3944462).
LogModuleManager: Display: Found up-to-date module file ../../../Engine/Plugins/Media/ImgMedia/Binaries/Win64/UE4Editor-ImgMediaEditor.dll (API version 3944462).
LogModuleManager: Display: Found up-to-date module file ../../../Engine/Plugins/Media/ImgMedia/Binaries/Win64/UE4Editor-ImgMediaFactory.dll (API version 3944462).
LogModuleManager: Display: Found up-to-date module file ../../../Engine/Plugins/Media/ImgMedia/Binaries/Win64/UE4Editor-ImgMediaFactory.dll (API version 3944462).
LogModuleManager: Display: Found up-to-date module file ../../../Engine/Plugins/Media/ImgMedia/Binaries/Win64/UE4Editor-OpenExrWrapper.dll (API version 3944462).
LogModuleManager: Display: Found up-to-date module file ../../../Engine/Plugins/Media/LinearTimecode/Binaries/Win64/UE4Editor-LinearTimecode.dll (API version 3944462).
LogModuleManager: Display: Found up-to-date module file ../../../Engine/Plugins/Media/MediaCompositing/Binaries/Win64/UE4Editor-MediaCompositing.dll (API version 3944462).
LogModuleManager: Display: Found up-to-date module file ../../../Engine/Plugins/Media/MediaCompositing/Binaries/Win64/UE4Editor-MediaCompositingEditor.dll (API version 3944462).
LogModuleManager: Display: Found up-to-date module file ../../../Engine/Plugins/Media/MediaPlayerEditor/Binaries/Win64/UE4Editor-MediaPlayerEditor.dll (API version 3944462).
LogModuleManager: Display: Found up-to-date module file ../../../Engine/Plugins/Media/WmfMedia/Binaries/Win64/UE4Editor-WmfMedia.dll (API version 3944462).
LogModuleManager: Display: Found up-to-date module file ../../../Engine/Plugins/Media/WmfMedia/Binaries/Win64/UE4Editor-WmfMediaEditor.dll (API version 3944462).
LogModuleManager: Display: Found up-to-date module file ../../../Engine/Plugins/Media/WmfMedia/Binaries/Win64/UE4Editor-WmfMediaFactory.dll (API version 3944462).
LogModuleManager: Display: Found up-to-date module file ../../../Engine/Plugins/Media/WmfMedia/Binaries/Win64/UE4Editor-WmfMediaFactory.dll (API version 3944462).
LogModuleManager: Display: Found up-to-date module file ../../../Engine/Plugins/Messaging/TcpMessaging/Binaries/Win64/UE4Editor-TcpMessaging.dll (API version 3944462).
LogModuleManager: Display: Found up-to-date module file ../../../Engine/Plugins/Messaging/UdpMessaging/Binaries/Win64/UE4Editor-UdpMessaging.dll (API version 3944462).
LogModuleManager: Display: Found up-to-date module file ../../../Engine/Plugins/MovieScene/ActorSequence/Binaries/Win64/UE4Editor-ActorSequence.dll (API version 3944462).
LogModuleManager: Display: Found up-to-date module file ../../../Engine/Plugins/MovieScene/LevelSequenceEditor/Binaries/Win64/UE4Editor-LevelSequenceEditor.dll (API version 3944462).
LogModuleManager: Display: Found up-to-date module file ../../../Engine/Plugins/MovieScene/MatineeToLevelSequence/Binaries/Win64/UE4Editor-MatineeToLevelSequence.dll (API version 3944462).
LogModuleManager: Display: Found up-to-date module file ../../../Engine/Plugins/NetcodeUnitTest/NetcodeUnitTest/Binaries/Win64/UE4Editor-NetcodeUnitTest.dll (API version 3944462).
LogModuleManager: Display: Found up-to-date module file ../../../Engine/Plugins/NetcodeUnitTest/NUTUnrealEngine4/Binaries/Win64/UE4Editor-NUTUnrealEngine4.dll (API version 3944462).
LogModuleManager: Display: Found up-to-date module file ../../../Engine/Plugins/Online/OnlineSubsystem/Binaries/Win64/UE4Editor-OnlineSubsystem.dll (API version 3944462).
LogModuleManager: Display: Found up-to-date module file ../../../Engine/Plugins/Runtime/AndroidPermission/Binaries/Win64/UE4Editor-AndroidPermission.dll (API version 3944462).
LogModuleManager: Display: Found up-to-date module file ../../../Engine/Plugins/Online/OnlineSubsystemNull/Binaries/Win64/UE4Editor-OnlineSubsystemNull.dll (API version 3944462).
LogModuleManager: Display: Found up-to-date module file ../../../Engine/Plugins/Online/OnlineSubsystemUtils/Binaries/Win64/UE4Editor-OnlineSubsystemUtils.dll (API version 3944462).
LogModuleManager: Display: Found up-to-date module file ../../../Engine/Plugins/Online/OnlineSubsystemUtils/Binaries/Win64/UE4Editor-OnlineBlueprintSupport.dll (API version 3944462).
LogModuleManager: Display: Found up-to-date module file ../../../Engine/Plugins/Runtime/AndroidDeviceProfileSelector/Binaries/Win64/UE4Editor-AndroidDeviceProfileSelector.dll (API version 3944462).
LogModuleManager: Display: Found up-to-date module file ../../../Engine/Plugins/Runtime/AppleARKit/Binaries/Win64/UE4Editor-AppleARKit.dll (API version 3944462).
LogModuleManager: Display: Found up-to-date module file ../../../Engine/Plugins/Runtime/ProceduralMeshComponent/Binaries/Win64/UE4Editor-ProceduralMeshComponent.dll (API version 3944462).
LogModuleManager: Display: Found up-to-date module file ../../../Engine/Plugins/Runtime/ProceduralMeshComponent/Binaries/Win64/UE4Editor-ProceduralMeshComponentEditor.dll (API version 3944462).
LogModuleManager: Display: Found up-to-date module file ../../../Engine/Plugins/Animation/LiveLink/Binaries/Win64/UE4Editor-LiveLink.dll (API version 3944462).
LogModuleManager: Display: Found up-to-date module file ../../../Engine/Plugins/Animation/LiveLink/Binaries/Win64/UE4Editor-LiveLinkEditor.dll (API version 3944462).
LogModuleManager: Display: Found up-to-date module file ../../../Engine/Plugins/Runtime/ArchVisCharacter/Binaries/Win64/UE4Editor-ArchVisCharacter.dll (API version 3944462).
LogModuleManager: Display: Found up-to-date module file ../../../Engine/Plugins/Runtime/AudioCapture/Binaries/Win64/UE4Editor-AudioCapture.dll (API version 3944462).
LogModuleManager: Display: Found up-to-date module file ../../../Engine/Plugins/Runtime/AudioCapture/Binaries/Win64/UE4Editor-AudioCaptureEditor.dll (API version 3944462).
LogModuleManager: Display: Found up-to-date module file ../../../Engine/Plugins/Runtime/CableComponent/Binaries/Win64/UE4Editor-CableComponent.dll (API version 3944462).
LogModuleManager: Display: Found up-to-date module file ../../../Engine/Plugins/Runtime/CustomMeshComponent/Binaries/Win64/UE4Editor-CustomMeshComponent.dll (API version 3944462).
LogModuleManager: Display: Found up-to-date module file ../../../Engine/Plugins/Runtime/ExampleDeviceProfileSelector/Binaries/Win64/UE4Editor-ExampleDeviceProfileSelector.dll (API version 3944462).
LogModuleManager: Display: Found up-to-date module file ../../../Engine/Plugins/Runtime/ImmediatePhysics/Binaries/Win64/UE4Editor-ImmediatePhysics.dll (API version 3944462).
LogModuleManager: Display: Found up-to-date module file ../../../Engine/Plugins/Runtime/ImmediatePhysics/Binaries/Win64/UE4Editor-ImmediatePhysicsEditor.dll (API version 3944462).
LogModuleManager: Display: Found up-to-date module file ../../../Engine/Plugins/Runtime/LocationServicesBPLibrary/Binaries/Win64/UE4Editor-LocationServicesBPLibrary.dll (API version 3944462).
LogModuleManager: Display: Found up-to-date module file ../../../Engine/Plugins/Runtime/MobilePatchingUtils/Binaries/Win64/UE4Editor-MobilePatchingUtils.dll (API version 3944462).
LogModuleManager: Display: Found up-to-date module file ../../../Engine/Plugins/Runtime/Oculus/OculusVR/Binaries/Win64/UE4Editor-OculusHMD.dll (API version 3944462).
LogModuleManager: Display: Found up-to-date module file ../../../Engine/Plugins/Runtime/Oculus/OculusVR/Binaries/Win64/UE4Editor-OculusInput.dll (API version 3944462).
LogModuleManager: Display: Found up-to-date module file ../../../Engine/Plugins/Runtime/Oculus/OculusVR/Binaries/Win64/UE4Editor-OculusEditor.dll (API version 3944462).
LogModuleManager: Display: Found up-to-date module file ../../../Engine/Plugins/Runtime/PhysXVehicles/Binaries/Win64/UE4Editor-PhysXVehicles.dll (API version 3944462).
LogModuleManager: Display: Found up-to-date module file ../../../Engine/Plugins/Runtime/PhysXVehicles/Binaries/Win64/UE4Editor-PhysXVehiclesEditor.dll (API version 3944462).
LogModuleManager: Display: Found up-to-date module file ../../../Engine/Plugins/Runtime/RuntimePhysXCooking/Binaries/Win64/UE4Editor-RuntimePhysXCooking.dll (API version 3944462).
LogModuleManager: Display: Found up-to-date module file ../../../Engine/Plugins/Runtime/Steam/SteamVR/Binaries/Win64/UE4Editor-SteamVR.dll (API version 3944462).
LogModuleManager: Display: Found up-to-date module file ../../../Engine/Plugins/Runtime/Steam/SteamVR/Binaries/Win64/UE4Editor-SteamVRController.dll (API version 3944462).
LogModuleManager: Display: Found up-to-date module file ../../../Engine/Plugins/Runtime/WindowsMoviePlayer/Binaries/Win64/UE4Editor-WindowsMoviePlayer.dll (API version 3944462).
LogPluginManager: Mounting plugin Paper2D
LogPluginManager: Mounting plugin LiveLink
LogPluginManager: Mounting plugin LightPropagationVolume
LogPluginManager: Mounting plugin CLionSourceCodeAccess
LogPluginManager: Mounting plugin CodeLiteSourceCodeAccess
LogPluginManager: Mounting plugin GitSourceControl
LogPluginManager: Mounting plugin KDevelopSourceCodeAccess
LogPluginManager: Mounting plugin NullSourceCodeAccess
LogPluginManager: Mounting plugin PerforceSourceControl
LogPluginManager: Mounting plugin SubversionSourceControl
LogPluginManager: Mounting plugin UObjectPlugin
LogPluginManager: Mounting plugin VisualStudioCodeSourceCodeAccess
LogPluginManager: Mounting plugin VisualStudioSourceCodeAccess
LogPluginManager: Mounting plugin XCodeSourceCodeAccess
LogPluginManager: Mounting plugin AssetManagerEditor
LogPluginManager: Mounting plugin CryptoKeys
LogPluginManager: Mounting plugin DataValidation
LogPluginManager: Mounting plugin FacialAnimation
LogPluginManager: Mounting plugin GameplayTagsEditor
LogPluginManager: Mounting plugin MobileLauncherProfileWizard
LogPluginManager: Mounting plugin PluginBrowser
LogPluginManager: Mounting plugin SpeedTreeImporter
LogPluginManager: Mounting plugin DatasmithContent
LogPluginManager: Mounting plugin AlembicImporter
LogPluginManager: Mounting plugin CharacterAI
LogPluginManager: Mounting plugin HTML5Networking
LogPluginManager: Mounting plugin AndroidMedia
LogPluginManager: Mounting plugin AvfMedia
LogPluginManager: Mounting plugin ImgMedia
LogPluginManager: Mounting plugin LinearTimecode
LogPluginManager: Mounting plugin MediaCompositing
LogPluginManager: Mounting plugin MediaPlayerEditor
LogPluginManager: Mounting plugin WmfMedia
LogPluginManager: Mounting plugin TcpMessaging
LogPluginManager: Mounting plugin UdpMessaging
LogPluginManager: Mounting plugin ActorSequence
LogPluginManager: Mounting plugin LevelSequenceEditor
LogPluginManager: Mounting plugin MatineeToLevelSequence
LogPluginManager: Mounting plugin NetcodeUnitTest
LogPluginManager: Mounting plugin NUTUnrealEngine4
LogPluginManager: Mounting plugin OnlineSubsystemGooglePlay
LogPluginManager: Mounting plugin OnlineSubsystemIOS
LogPluginManager: Mounting plugin OnlineSubsystem
LogPluginManager: Mounting plugin OnlineSubsystemNull
LogPluginManager: Mounting plugin OnlineSubsystemUtils
LogPluginManager: Mounting plugin AndroidDeviceProfileSelector
LogPluginManager: Mounting plugin AndroidMoviePlayer
LogPluginManager: Mounting plugin AndroidPermission
LogPluginManager: Mounting plugin AppleARKit
LogPluginManager: Mounting plugin AppleMoviePlayer
LogPluginManager: Mounting plugin ArchVisCharacter
LogPluginManager: Mounting plugin AudioCapture
LogPluginManager: Mounting plugin CableComponent
LogPluginManager: Mounting plugin CustomMeshComponent
LogPluginManager: Mounting plugin ExampleDeviceProfileSelector
LogPluginManager: Mounting plugin GoogleCloudMessaging
LogPluginManager: Mounting plugin ImmediatePhysics
LogPluginManager: Mounting plugin IOSDeviceProfileSelector
LogPluginManager: Mounting plugin LinuxDeviceProfileSelector
LogPluginManager: Mounting plugin LocationServicesBPLibrary
LogPluginManager: Mounting plugin MobilePatchingUtils
LogPluginManager: Mounting plugin OculusVR
LogPluginManager: Plugin shader directory ../../../Engine/Plugins/Runtime/Oculus/OculusVR/Shaders found
LogPluginManager: Mapping shader source directory ../../../Engine/Plugins/Runtime/Oculus/OculusVR/Shaders to virtual directory /Plugin/OculusVR
LogPluginManager: Mounting plugin PhysXVehicles
LogPluginManager: Mounting plugin ProceduralMeshComponent
LogPluginManager: Mounting plugin RuntimePhysXCooking
LogPluginManager: Mounting plugin SteamVR
LogPluginManager: Mounting plugin WindowsMoviePlayer
LogStreaming: Display: Took  2.122s to configure plugins.
LogInit: Using libcurl 7.47.1
LogInit:  - built for x86_64-pc-win32
LogInit:  - supports SSL with OpenSSL/1.0.2g
LogInit:  - supports HTTP deflate (compression) using libz 1.2.8
LogInit:  - other features:
LogInit:      CURL_VERSION_SSL
LogInit:      CURL_VERSION_LIBZ
LogInit:      CURL_VERSION_IPV6
LogInit:      CURL_VERSION_ASYNCHDNS
LogInit:      CURL_VERSION_LARGEFILE
LogInit:      CURL_VERSION_IDN
LogInit:  CurlRequestOptions (configurable via config and command line):
LogInit:  - bVerifyPeer = false  - Libcurl will NOT verify peer certificate
LogInit:  - bUseHttpProxy = false  - Libcurl will NOT use HTTP proxy
LogInit:  - bDontReuseConnections = false  - Libcurl will reuse connections
LogInit:  - CertBundlePath = nullptr  - Libcurl will use whatever was configured at build time.
LogInit:  - MaxHostConnections = 16  - Libcurl will limit the number of connections to a host
LogInit:  - LocalHostAddr = Default
LogInit: WinSock: version 1.1 (2.2), MaxSocks=32767, MaxUdp=65467
LogInit: WinSock: I am DESKTOP-BJL68CN (10.0.0.134:0)
LogInit: Build: ++UE4+Release-4.19-CL-3944462
LogInit: Engine Version: 4.19.0-3944462+++UE4+Release-4.19
LogInit: Compatible Engine Version: 4.19.0-3944462+++UE4+Release-4.19
LogInit: Net CL: 3944462
LogDevObjectVersion: Number of dev versions registered: 18
LogDevObjectVersion:   Dev-Blueprints (B0D832E4-1F89-4F0D-ACCF-7EB736FD4AA2): 10
LogDevObjectVersion:   Dev-Build (E1C64328-A22C-4D53-A36C-8E866417BD8C): 0
LogDevObjectVersion:   Dev-Core (375EC13C-06E4-48FB-B500-84F0262A717E): 2
LogDevObjectVersion:   Dev-Editor (E4B068ED-F494-42E9-A231-DA0B2E46BB41): 23
LogDevObjectVersion:   Dev-Framework (CFFC743F-43B0-4480-9391-14DF171D2073): 33
LogDevObjectVersion:   Dev-Mobile (B02B49B5-BB20-44E9-A304-32B752E40360): 2
LogDevObjectVersion:   Dev-Networking (A4E4105C-59A1-49B5-A7C5-40C4547EDFEE): 0
LogDevObjectVersion:   Dev-Online (39C831C9-5AE6-47DC-9A44-9C173E1C8E7C): 0
LogDevObjectVersion:   Dev-Physics (78F01B33-EBEA-4F98-B9B4-84EACCB95AA2): 0
LogDevObjectVersion:   Dev-Platform (6631380F-2D4D-43E0-8009-CF276956A95A): 0
LogDevObjectVersion:   Dev-Rendering (12F88B9F-8875-4AFC-A67C-D90C383ABD29): 25
LogDevObjectVersion:   Dev-Sequencer (7B5AE74C-D270-4C10-A958-57980B212A5A): 6
LogDevObjectVersion:   Dev-VR (D7296918-1DD6-4BDD-9DE2-64A83CC13884): 1
LogDevObjectVersion:   Dev-LoadTimes (C2A15278-BFE7-4AFE-6C17-90FF531DF755): 1
LogDevObjectVersion:   Private-Geometry (6EACA3D4-40EC-4CC1-B786-8BED09428FC5): 2
LogDevObjectVersion:   Dev-AnimPhys (29E575DD-E0A3-4627-9D10-D276232CDCEA): 16
LogDevObjectVersion:   Dev-ReflectionCapture (6B266CEC-1EC7-4B8F-A30B-E4D90942FC07): 1
LogDevObjectVersion:   Dev-Automation (0DF73D61-A23F-47EA-B727-89E90C41499A): 1
LogInit: Compiled (64-bit): Mar 13 2018 23:12:32
LogInit: Compiled with Visual C++: 19.00.24215.01
LogInit: Build Configuration: Development
LogInit: Branch Name: ++UE4+Release-4.19
LogInit: Command Line:  
LogInit: Base Directory: C:/Program Files/Epic Games/UE_4.19/Engine/Binaries/Win64/
LogInit: Installed Engine Build: 1
LogStreaming: Display: Took  0.000s to delete old logs.
LogInit: Presizing for max 8388607 objects, including 0 objects not considered by GC, pre-allocating 0 bytes for permanent pool.
LogInit: Object subsystem initialized
[2018.06.16-03.59.42:790][  0]LogInit: Selected Device Profile: [Windows]
[2018.06.16-03.59.42:790][  0]LogInit: Applying CVar settings loaded from the selected device profile: [Windows]
[2018.06.16-03.59.42:820][  0]LogInit: Computer: DESKTOP-BJL68CN
[2018.06.16-03.59.42:820][  0]LogInit: User: Tyrone
[2018.06.16-03.59.42:820][  0]LogInit: CPU Page size=4096, Cores=2
[2018.06.16-03.59.42:820][  0]LogInit: High frequency timer resolution =3.124994 MHz
[2018.06.16-03.59.42:821][  0]LogMemory: Memory total: Physical=3.9GB (4GB approx)
[2018.06.16-03.59.42:821][  0]LogMemory: Platform Memory Stats for Windows
[2018.06.16-03.59.42:821][  0]LogMemory: Process Physical Memory: 272.32 MB used, 272.32 MB peak
[2018.06.16-03.59.42:821][  0]LogMemory: Process Virtual Memory: 265.78 MB used, 265.78 MB peak
[2018.06.16-03.59.42:821][  0]LogMemory: Physical Memory: 3065.24 MB used,  967.73 MB free, 4032.97 MB total
[2018.06.16-03.59.42:821][  0]LogMemory: Virtual Memory: 4778.51 MB used,  967.73 MB free, 134217728.00 MB total
[2018.06.16-03.59.43:028][  0]LogInit: Using OS detected language (en-US).
[2018.06.16-03.59.43:028][  0]LogInit: Using OS detected locale (en-US).
[2018.06.16-03.59.43:092][  0]LogTextLocalizationManager: No specific localization for 'en-US' exists, so the 'en' localization will be used.
[2018.06.16-03.59.43:582][  0]LogStreaming: Display: Took  0.555s to EndInitTextLocalization.
[2018.06.16-03.59.43:583][  0]LogInit: Setting process to per monitor DPI aware
[2018.06.16-03.59.43:695][  0]LogSlate: New Slate User Created.  User Index 0, Is Virtual User: 0
[2018.06.16-03.59.43:695][  0]LogSlate: Slate User Registered.  User Index 0, Is Virtual User: 0
[2018.06.16-03.59.45:905][  0]LogD3D11RHI: D3D11 adapters:
[2018.06.16-03.59.46:041][  0]LogD3D11RHI:    0. 'NVIDIA GeForce GT 1030' (Feature Level 11_0)
[2018.06.16-03.59.46:042][  0]LogD3D11RHI:       1982/0/2016 MB DedicatedVideo/DedicatedSystem/SharedSystem, Outputs:2, VendorId:0x10de
[2018.06.16-03.59.46:048][  0]LogD3D11RHI:    1. 'Microsoft Basic Render Driver' (Feature Level 11_0)
[2018.06.16-03.59.46:048][  0]LogD3D11RHI:       0/0/2016 MB DedicatedVideo/DedicatedSystem/SharedSystem, Outputs:0, VendorId:0x1414
[2018.06.16-03.59.46:048][  0]LogD3D11RHI: Chosen D3D11 Adapter: 0
[2018.06.16-03.59.46:056][  0]LogD3D11RHI: Creating new Direct3DDevice
[2018.06.16-03.59.46:056][  0]LogD3D11RHI:     GPU DeviceId: 0x1d01 (for the marketing name, search the web for "GPU Device Id")
[2018.06.16-03.59.46:056][  0]LogWindows: EnumDisplayDevices:
[2018.06.16-03.59.46:056][  0]LogWindows:    0. 'NVIDIA GeForce GT 1030' (P:1 D:1)
[2018.06.16-03.59.46:056][  0]LogWindows:    1. 'NVIDIA GeForce GT 1030' (P:0 D:1)
[2018.06.16-03.59.46:056][  0]LogWindows: DebugString: GetVideoDriverDetailsInvalid PrimaryIsNotTheChoosenAdapter GetVideoDriverDetailsInvalid PrimaryIsNotTheChoosenAdapter FoundDriverCount:0 
[2018.06.16-03.59.46:056][  0]LogD3D11RHI:     Adapter Name: NVIDIA GeForce GT 1030
[2018.06.16-03.59.46:056][  0]LogD3D11RHI:   Driver Version: Unknown (internal:Unknown, unified:Unknown)
[2018.06.16-03.59.46:056][  0]LogD3D11RHI:      Driver Date: Unknown
[2018.06.16-03.59.46:057][  0]LogRHI: Texture pool is 1387 MB (70% of 1982 MB)
[2018.06.16-03.59.46:097][  0]LogD3D11RHI: [Aftermath] Aftermath enabled and primed
[2018.06.16-03.59.46:098][  0]LogD3D11RHI: Async texture creation enabled
[2018.06.16-03.59.46:134][  0]LogD3D11RHI: GPU Timing Frequency: 1000.000000 (Debug: 2 2)
[2018.06.16-03.59.46:233][  0]LogShaderCompilers: Guid format shader working directory is -21 characters bigger than the processId version (../../../../../../Users/Tyrone/Documents/TankBattle/SalemWitchTrials/Intermediate/Shaders/WorkingDirectory/4296/).
[2018.06.16-03.59.46:234][  0]LogShaderCompilers: Cleaned the shader compiler working directory 'C:/Users/Tyrone/AppData/Local/Temp/UnrealShaderWorkingDir/7D92A73C497EAEA612C810ACAF7C9786/'.
[2018.06.16-03.59.47:155][  0]LogTemp: Display: Loaded TP AllDesktopTargetPlatform
[2018.06.16-03.59.47:168][  0]LogTemp: Display: Loaded TP MacClientTargetPlatform
[2018.06.16-03.59.47:180][  0]LogTemp: Display: Loaded TP MacNoEditorTargetPlatform
[2018.06.16-03.59.47:193][  0]LogTemp: Display: Loaded TP MacServerTargetPlatform
[2018.06.16-03.59.47:211][  0]LogTemp: Display: Loaded TP MacTargetPlatform
[2018.06.16-03.59.47:223][  0]LogTemp: Display: Loaded TP WindowsClientTargetPlatform
[2018.06.16-03.59.47:237][  0]LogTemp: Display: Loaded TP WindowsNoEditorTargetPlatform
[2018.06.16-03.59.47:251][  0]LogTemp: Display: Loaded TP WindowsServerTargetPlatform
[2018.06.16-03.59.47:257][  0]LogTemp: Display: Loaded TP WindowsTargetPlatform
[2018.06.16-03.59.47:269][  0]LogTemp: Display: Loaded TP Android_ASTCTargetPlatform
[2018.06.16-03.59.47:280][  0]LogTemp: Display: Loaded TP Android_ATCTargetPlatform
[2018.06.16-03.59.47:292][  0]LogTemp: Display: Loaded TP Android_DXTTargetPlatform
[2018.06.16-03.59.47:303][  0]LogTemp: Display: Loaded TP Android_ETC1aTargetPlatform
[2018.06.16-03.59.47:314][  0]LogTemp: Display: Loaded TP Android_ETC1TargetPlatform
[2018.06.16-03.59.47:326][  0]LogTemp: Display: Loaded TP Android_ETC2TargetPlatform
[2018.06.16-03.59.47:349][  0]LogTemp: Display: Loaded TP Android_MultiTargetPlatform
[2018.06.16-03.59.47:349][  0]LogTemp: Display: Loaded TP Android_PVRTCTargetPlatform
[2018.06.16-03.59.47:366][  0]LogTemp: Display: Loaded TP AndroidTargetPlatform
[2018.06.16-03.59.47:367][  0]LogTemp: Display: Loaded TP HTML5TargetPlatform
[2018.06.16-03.59.47:426][  0]LogTemp: Display: Loaded TP IOSTargetPlatform
[2018.06.16-03.59.47:441][  0]LogTemp: Display: Loaded TP TVOSTargetPlatform
[2018.06.16-03.59.47:453][  0]LogTemp: Display: Loaded TP LinuxClientTargetPlatform
[2018.06.16-03.59.47:464][  0]LogTemp: Display: Loaded TP LinuxNoEditorTargetPlatform
[2018.06.16-03.59.47:476][  0]LogTemp: Display: Loaded TP LinuxServerTargetPlatform
[2018.06.16-03.59.47:492][  0]LogTemp: Display: Loaded TP LinuxTargetPlatform
[2018.06.16-03.59.47:492][  0]LogTargetPlatformManager: Display: Building Assets For Windows
[2018.06.16-03.59.47:857][  0]LogXGEController: Cleaning working directory: C:/Users/Tyrone/AppData/Local/Temp/UnrealXGEWorkingDir/
[2018.06.16-03.59.47:869][  0]LogShaderCompilers: Display: Using XGE Shader Compiler (Interception Interface).
[2018.06.16-03.59.49:602][  0]LogDerivedDataCache: Display: Max Cache Size: 512 MB
[2018.06.16-03.59.49:948][  0]LogDerivedDataCache: Loaded boot cache 0.35s 74MB C:/Users/Tyrone/AppData/Local/UnrealEngine/4.19/DerivedDataCache/Boot.ddc.
[2018.06.16-03.59.49:949][  0]LogDerivedDataCache: Display: Loaded Boot cache: C:/Users/Tyrone/AppData/Local/UnrealEngine/4.19/DerivedDataCache/Boot.ddc
[2018.06.16-03.59.49:949][  0]LogDerivedDataCache: FDerivedDataBackendGraph:  Pak pak cache file ../../../../../../Users/Tyrone/Documents/TankBattle/SalemWitchTrials/DerivedDataCache/DDC.ddp not found, will not use a pak cache.
[2018.06.16-03.59.49:949][  0]LogDerivedDataCache: Unable to find inner node Pak for hierarchical cache Hierarchy.
[2018.06.16-03.59.49:949][  0]LogDerivedDataCache: FDerivedDataBackendGraph:  CompressedPak pak cache file ../../../../../../Users/Tyrone/Documents/TankBattle/SalemWitchTrials/DerivedDataCache/Compressed.ddp not found, will not use a pak cache.
[2018.06.16-03.59.49:949][  0]LogDerivedDataCache: Unable to find inner node CompressedPak for hierarchical cache Hierarchy.
[2018.06.16-03.59.49:974][  0]LogDerivedDataCache: Display: Pak cache opened for reading ../../../Engine/DerivedDataCache/Compressed.ddp.
[2018.06.16-03.59.49:986][  0]LogDerivedDataCache: Using Local data cache path C:/Users/Tyrone/AppData/Local/UnrealEngine/Common/DerivedDataCache: Writable
[2018.06.16-03.59.50:001][  0]LogMaterial: Verifying Global Shaders for PCD3D_SM5
[2018.06.16-03.59.50:005][  0]LogSlate: Using Freetype 2.6.0
[2018.06.16-03.59.50:022][  0]LogSlate: SlateFontCache - WITH_FREETYPE: 1, WITH_HARFBUZZ: 1
[2018.06.16-03.59.50:022][  0]LogSlate: SlateFontCache - WITH_FREETYPE: 1, WITH_HARFBUZZ: 1
[2018.06.16-03.59.52:576][  0]LogAssetRegistry: FAssetRegistry took 0.0289 seconds to start up
[2018.06.16-03.59.53:088][  0]LogInit: Selected Device Profile: [Windows]
[2018.06.16-03.59.53:474][  0]LogSimplygon: Simplygon DLL not present - disabling.
[2018.06.16-03.59.53:478][  0]LogMeshReduction: Using SimplygonSwarm for distributed automatic mesh merging
[2018.06.16-03.59.53:478][  0]LogMeshReduction: Using QuadricMeshReduction for automatic static mesh reduction
[2018.06.16-03.59.53:479][  0]LogMeshReduction: No automatic skeletal mesh reduction module available
[2018.06.16-03.59.53:479][  0]LogMeshReduction: No automatic mesh merging module available
[2018.06.16-03.59.53:479][  0]LogMeshMerging: No automatic mesh merging module available
[2018.06.16-03.59.53:572][  0]LogNetVersion: SalemWitchTrials , NetCL: 3944462, EngineNetVer: 2, GameNetVer: 0 (Checksum: 3240327049)
[2018.06.16-03.59.54:897][  0]LogPackageLocalizationCache: Processed 9 localized package path(s) for 2 prioritized culture(s) in 0.091584 seconds
[2018.06.16-03.59.54:904][  0]LogUObjectArray: 36728 objects as part of root set at end of initial load.
[2018.06.16-03.59.54:904][  0]LogUObjectAllocator: 7314312 out of 0 bytes used by permanent object pool.
[2018.06.16-03.59.54:904][  0]LogUObjectArray: CloseDisregardForGC: 0/0 objects in disregard for GC pool
[2018.06.16-03.59.59:861][  0]LogTcpMessaging: Initializing TcpMessaging bridge
[2018.06.16-03.59.59:891][  0]LogUdpMessaging: Initializing bridge on interface 0.0.0.0:0 to multicast group 230.0.0.1:6666.
[2018.06.16-04.00.00:402][  0]SourceControl: Source control is disabled
[2018.06.16-04.00.01:997][  0]LogAndroidPermission: UAndroidPermissionCallbackProxy::GetInstance
[2018.06.16-04.00.02:206][  0]LogOcInput: OculusInput pre-init called
[2018.06.16-04.00.02:381][  0]LogEngine: Initializing Engine...
[2018.06.16-04.00.02:388][  0]LogHMD: Failed to initialize OpenVR with code 110
[2018.06.16-04.00.02:391][  0]LogStats: UGameplayTagsManager::ConstructGameplayTagTree: Construct from data asset -  0.000 s
[2018.06.16-04.00.02:392][  0]LogStats: UGameplayTagsManager::ConstructGameplayTagTree: GameplayTagTreeChangedEvent.Broadcast -  0.000 s
[2018.06.16-04.00.02:920][  0]LogAIModule: Creating AISystem for world Untitled
[2018.06.16-04.00.02:962][  0]LogInit: XAudio2 using 'Speakers (Realtek High Definition Audio)' : 2 channels at 48 kHz using 32 bits per sample (channel mask 0x3)
[2018.06.16-04.00.03:031][  0]LogInit: FAudioDevice initialized.
[2018.06.16-04.00.03:117][  0]LogDerivedDataCache: Saved boot cache 0.08s 74MB C:/Users/Tyrone/AppData/Local/UnrealEngine/4.19/DerivedDataCache/Boot.ddc.
[2018.06.16-04.00.03:131][  0]LogInit: Texture streaming: Enabled
[2018.06.16-04.00.03:166][  0]LogEngineSessionManager: EngineSessionManager initialized
[2018.06.16-04.00.03:194][  0]LogInit: Transaction tracking system initialized
[2018.06.16-04.00.03:271][  0]BlueprintLog: New page: Editor Load
[2018.06.16-04.00.03:743][  0]LocalizationService: Localization service is disabled
[2018.06.16-04.00.04:033][  0]LogConsoleResponse: Display: 
[2018.06.16-04.00.04:768][  0]LogCook: Display: Max memory allowance for cook 16384mb min free memory 0mb
[2018.06.16-04.00.04:768][  0]LogCook: Display: Mobile HDR setting 1
[2018.06.16-04.00.04:769][  0]LogFileCache: Scanning file cache for directory 'C:/Users/Tyrone/Documents/TankBattle/SalemWitchTrials/Content/' took 0.02s
[2018.06.16-04.00.04:769][  0]LogGameplayTags: Display: UGameplayTagsManager::DoneAddingNativeTags. DelegateIsBound: 0
[2018.06.16-04.00.04:769][  0]LogStats: UGameplayTagsManager::ConstructGameplayTagTree: Construct from data asset -  0.000 s
[2018.06.16-04.00.04:769][  0]LogStats: UGameplayTagsManager::ConstructGameplayTagTree: GameplayTagTreeChangedEvent.Broadcast -  0.000 s
[2018.06.16-04.00.06:392][  0]Cmd: MAP LOAD FILE="../../../../../../Users/Tyrone/Documents/TankBattle/SalemWitchTrials/Content/StarterContent/Maps/Minimal_Default.umap" TEMPLATE=0 SHOWPROGRESS=1 FEATURELEVEL=3
[2018.06.16-04.00.06:398][  0]LightingResults: New page: Lighting Build
[2018.06.16-04.00.06:412][  0]MapCheck: New page: Map Check
[2018.06.16-04.00.06:412][  0]LightingResults: New page: Lighting Build
[2018.06.16-04.00.07:188][  0]LogAIModule: Creating AISystem for world Minimal_Default
[2018.06.16-04.00.07:236][  0]LogEditorServer: Finished looking for orphan Actors (0.000 secs)
[2018.06.16-04.00.07:267][  0]Cmd: MAP CHECKDEP NOCLEARLOG
[2018.06.16-04.00.07:332][  0]MapCheck: Map check complete: 0 Error(s), 0 Warning(s), took 65.562ms to complete.
[2018.06.16-04.00.07:332][  0]LogFileHelpers: Loading map 'Minimal_Default' took 0.941
[2018.06.16-04.00.07:760][  0]LogCollectionManager: Loaded 0 collections in 0.002140 seconds
[2018.06.16-04.00.07:825][  0]LogFileCache: Scanning file cache for directory 'C:/Users/Tyrone/Documents/TankBattle/SalemWitchTrials/Saved/Collections/' took 0.01s
[2018.06.16-04.00.07:825][  0]LogFileCache: Scanning file cache for directory 'C:/Users/Tyrone/Documents/TankBattle/SalemWitchTrials/Content/Developers/Tyrone/Collections/' took 0.01s
[2018.06.16-04.00.07:825][  0]LogFileCache: Scanning file cache for directory 'C:/Users/Tyrone/Documents/TankBattle/SalemWitchTrials/Content/Collections/' took 0.01s
[2018.06.16-04.00.07:825][  0]LogCollectionManager: Rebuilt the GUID cache for 0 collections in 0.000000 seconds
[2018.06.16-04.00.07:839][  0]LogContentBrowser: Native class hierarchy populated in 0.0114 seconds. Added 2453 classes and 560 folders.
[2018.06.16-04.00.07:853][  0]LogContentBrowser: Native class hierarchy updated for 'WidgetCarousel' in 0.0002 seconds. Added 0 classes and 0 folders.
[2018.06.16-04.00.08:309][  0]LogContentBrowser: Native class hierarchy updated for 'AddContentDialog' in 0.0002 seconds. Added 0 classes and 0 folders.
[2018.06.16-04.00.08:325][  0]LogSlate: Took 0.007355 seconds to synchronously load lazily loaded font '../../../Engine/Content/Slate/Fonts/Roboto-Regular.ttf' (155K)
[2018.06.16-04.00.08:335][  0]LogSlate: Took 0.005249 seconds to synchronously load lazily loaded font '../../../Engine/Content/Slate/Fonts/Roboto-Bold.ttf' (160K)
[2018.06.16-04.00.08:359][  0]LogSlate: Took 0.018373 seconds to synchronously load lazily loaded font '../../../Engine/Content/Editor/Slate/Fonts/FontAwesome.ttf' (139K)
[2018.06.16-04.00.08:486][  0]LogRenderer: Reallocating scene render targets to support 1036x908 Format 9 NumSamples 1 (Frame:1).
[2018.06.16-04.00.08:863][  0]LogContentBrowser: Native class hierarchy updated for 'HierarchicalLODOutliner' in 0.0002 seconds. Added 0 classes and 0 folders.
[2018.06.16-04.00.08:863][  0]LogLoad: (Engine Initialization) Total time: 31.35 seconds
[2018.06.16-04.00.08:863][  0]LogLoad: (Engine Initialization) Total Blueprint compile time: 0.00 seconds
[2018.06.16-04.00.08:920][  0]LogContentStreaming: Texture pool size now 800 MB
[2018.06.16-04.00.08:967][  0]LogSlate: Took 0.005157 seconds to synchronously load lazily loaded font '../../../Engine/Content/Slate/Fonts/Roboto-Light.ttf' (167K)
[2018.06.16-04.00.08:989][  1]LogAssetRegistry: Asset discovery search completed in 16.4339 seconds
[2018.06.16-04.00.08:992][  1]LogCollectionManager: Rebuilt the object cache for 0 collections in 0.000000 seconds (found 0 objects)
[2018.06.16-04.00.08:992][  1]LogCollectionManager: Fixed up redirectors for 0 collections in 0.000500 seconds (updated 0 objects)
[2018.06.16-04.00.18:473][733]LogSlate: FSceneViewport::OnFocusLost() reason 0
[2018.06.16-04.00.27:865][443]LogSlate: FSceneViewport::OnFocusLost() reason 0
[2018.06.16-04.00.31:822][819]LogSlate: Took 0.000288 seconds to synchronously load lazily loaded font '../../../Engine/Content/Slate/Fonts/Roboto-Light.ttf' (167K)
[2018.06.16-04.00.31:947][819]LogSavePackage: Save=91.17ms
[2018.06.16-04.00.31:947][819]LogSavePackage: Moving '../../../../../../Users/Tyrone/Documents/TankBattle/SalemWitchTrials/Saved/Minimal_Default73C6B2EB4D0A42D30A7790A89579D59B.tmp' to '../../../../../../Users/Tyrone/Documents/TankBattle/SalemWitchTrials/Content/StarterContent/Maps/Minimal_Default.umap'
[2018.06.16-04.00.31:953][819]LogSavePackage: Display: Finished SavePackage ../../../../../../Users/Tyrone/Documents/TankBattle/SalemWitchTrials/Content/StarterContent/Maps/Minimal_Default.umap
[2018.06.16-04.00.32:116][819]LogSavePackage: Save=72.64ms
[2018.06.16-04.00.32:116][819]LogSavePackage: Moving '../../../../../../Users/Tyrone/Documents/TankBattle/SalemWitchTrials/Saved/Minimal_Default_BuiltDataDE0ABB2F43EF6160D0604EBBDB2FCE75.tmp' to '../../../../../../Users/Tyrone/Documents/TankBattle/SalemWitchTrials/Content/StarterContent/Maps/Minimal_Default_BuiltData.uasset'
[2018.06.16-04.00.32:117][819]LogSavePackage: Display: Finished SavePackage ../../../../../../Users/Tyrone/Documents/TankBattle/SalemWitchTrials/Content/StarterContent/Maps/Minimal_Default_BuiltData.uasset
[2018.06.16-04.00.43:949][966]LogActorFactory: Actor Factory created SM_TableRound
[2018.06.16-04.00.44:536][ 13]LogActorFactory: Actor Factory created SM_TableRound
[2018.06.16-04.00.46:941][189]LogSlate: FSceneViewport::OnFocusLost() reason 2
[2018.06.16-04.00.48:287][331]LogSlate: FSceneViewport::OnFocusLost() reason 2
[2018.06.16-04.00.48:351][331]LogSlate: FSceneViewport::OnFocusLost() reason 2
[2018.06.16-04.00.48:443][331]LogSavePackage: Save=71.93ms
[2018.06.16-04.00.48:443][331]LogSavePackage: Moving '../../../../../../Users/Tyrone/Documents/TankBattle/SalemWitchTrials/Saved/Minimal_Default608BD292419C56072A110595E184F82C.tmp' to '../../../../../../Users/Tyrone/Documents/TankBattle/SalemWitchTrials/Content/StarterContent/Maps/Minimal_Default.umap'
[2018.06.16-04.00.48:446][331]LogSavePackage: Display: Finished SavePackage ../../../../../../Users/Tyrone/Documents/TankBattle/SalemWitchTrials/Content/StarterContent/Maps/Minimal_Default.umap
[2018.06.16-04.00.48:586][331]LogSavePackage: Save=61.49ms
[2018.06.16-04.00.48:586][331]LogSavePackage: Moving '../../../../../../Users/Tyrone/Documents/TankBattle/SalemWitchTrials/Saved/Minimal_Default_BuiltDataD539052B4AEF4CCE12F9EAA13DFA7DDB.tmp' to '../../../../../../Users/Tyrone/Documents/TankBattle/SalemWitchTrials/Content/StarterContent/Maps/Minimal_Default_BuiltData.uasset'
[2018.06.16-04.00.48:588][331]LogSavePackage: Display: Finished SavePackage ../../../../../../Users/Tyrone/Documents/TankBattle/SalemWitchTrials/Content/StarterContent/Maps/Minimal_Default_BuiltData.uasset
[2018.06.16-04.01.05:223][664]LogSlate: FSceneViewport::OnFocusLost() reason 2
[2018.06.16-04.01.07:303][861]SourceControl: fatal: C:/Program Files/Epic Games/UE_4.19/Engine/Content: 'C:/Program Files/Epic Games/UE_4.19/Engine/Content' is outside repository
[2018.06.16-04.01.07:498][861]LogSlate: FSceneViewport::OnFocusLost() reason 2
[2018.06.16-04.01.22:127][861]LogSlate: Window 'Submit Files' being destroyed
[2018.06.16-04.01.22:136][861]LogSlate: FSceneViewport::OnFocusLost() reason 2
[2018.06.16-04.01.22:201][861]LogSlate: FSceneViewport::OnFocusLost() reason 2
[2018.06.16-04.01.22:998][861]LogSourceControl: commit successful: [master f437428] Added table
[2018.06.16-04.01.23:042][861]SourceControl: [master f437428] Added table
[2018.06.16-04.01.23:042][861]SourceControl:  1 file changed, 0 insertions(+), 0 deletions(-)
[2018.06.16-04.01.23:048][861]SourceControl: Commited [master f437428] Added table.
[2018.06.16-04.01.26:354][ 70]LogSlate: FSceneViewport::OnFocusLost() reason 0
[2018.06.16-04.10.32:903][717]LogSlate: FSceneViewport::OnFocusLost() reason 2
[2018.06.16-04.10.35:599][926]LogSlate: FSceneViewport::OnFocusLost() reason 2
[2018.06.16-04.10.37:393][ 87]SourceControl: fatal: C:/Program Files/Epic Games/UE_4.19/Engine/Content: 'C:/Program Files/Epic Games/UE_4.19/Engine/Content' is outside repository
[2018.06.16-04.10.37:505][ 87]EditorErrors: Warning: No assets to check in!
[2018.06.16-04.13.25:216][770]LogEditorViewport: Clicking on Actor (LMB): StaticMeshActor (Floor)
[2018.06.16-04.17.39:957][166]LogSlate: FSceneViewport::OnFocusLost() reason 0
[2018.06.16-04.23.47:672][269]LogSlate: FSceneViewport::OnFocusLost() reason 2
[2018.06.16-04.23.55:138][680]Cmd: DELETE
[2018.06.16-04.23.55:138][680]Cmd: ACTOR DELETE
[2018.06.16-04.23.55:176][680]LogEditorActor: Deleted Actor: StaticMeshActor
[2018.06.16-04.23.55:192][680]LogEditorActor: Deleted 1 Actors (0.026 secs)
[2018.06.16-04.23.56:101][761]LogEditorViewport: Clicking on Actor (LMB): StaticMeshActor (SM_TableRound)
[2018.06.16-04.23.56:406][781]Cmd: DELETE
[2018.06.16-04.23.56:406][781]Cmd: ACTOR DELETE
[2018.06.16-04.23.56:410][781]LogEditorActor: Deleted Actor: StaticMeshActor
[2018.06.16-04.23.56:423][781]LogEditorActor: Deleted 1 Actors (0.017 secs)
[2018.06.16-04.23.56:919][826]LogEditorViewport: Clicking on Actor (LMB): StaticMeshActor (Table)
[2018.06.16-04.23.57:153][841]Cmd: DELETE
[2018.06.16-04.23.57:153][841]Cmd: ACTOR DELETE
[2018.06.16-04.23.57:156][841]LogEditorActor: Deleted Actor: StaticMeshActor
[2018.06.16-04.23.57:170][841]LogEditorActor: Deleted 1 Actors (0.017 secs)
[2018.06.16-04.23.57:650][885]LogEditorViewport: Clicking on Actor (LMB): StaticMeshActor (Floor)
[2018.06.16-04.23.57:826][894]Cmd: DELETE
[2018.06.16-04.23.57:826][894]Cmd: ACTOR DELETE
[2018.06.16-04.23.57:827][894]LogEditorActor: Deleted Actor: StaticMeshActor
[2018.06.16-04.23.57:840][894]LogEditorActor: Deleted 1 Actors (0.014 secs)
[2018.06.16-04.23.58:215][928]LogEditorViewport: Clicking on Actor (LMB): StaticMeshActor (Chair)
[2018.06.16-04.23.58:543][951]Cmd: DELETE
[2018.06.16-04.23.58:543][951]Cmd: ACTOR DELETE
[2018.06.16-04.23.58:544][951]LogEditorActor: Deleted Actor: StaticMeshActor
[2018.06.16-04.23.58:558][951]LogEditorActor: Deleted 1 Actors (0.015 secs)
[2018.06.16-04.23.59:199][ 10]LogEditorViewport: Clicking on Actor (LMB): StaticMeshActor (Chair)
[2018.06.16-04.23.59:361][ 18]Cmd: DELETE
[2018.06.16-04.23.59:361][ 18]Cmd: ACTOR DELETE
[2018.06.16-04.23.59:363][ 18]LogEditorActor: Deleted Actor: StaticMeshActor
[2018.06.16-04.23.59:376][ 18]LogEditorActor: Deleted 1 Actors (0.014 secs)
[2018.06.16-04.24.20:958][963]LogSlate: FSceneViewport::OnFocusLost() reason 0
[2018.06.16-04.25.17:298][ 93]LogSlate: FSceneViewport::OnFocusLost() reason 2
[2018.06.16-04.26.50:522][300]LogSlate: FSceneViewport::OnFocusLost() reason 0
[2018.06.16-04.34.22:022][663]LogSavePackage: Save=81.56ms
[2018.06.16-04.34.22:022][663]LogSavePackage: Moving '../../../../../../Users/Tyrone/Documents/TankBattle/SalemWitchTrials/Saved/Minimal_Default_Auto15D3B6F3E4F75827D8E4EA7930E9914D4.tmp' to '../../../../../../Users/Tyrone/Documents/TankBattle/SalemWitchTrials/Saved/Autosaves/Game/StarterContent/Maps/Minimal_Default_Auto1.umap'
[2018.06.16-04.34.22:023][663]LogSavePackage: Display: Finished SavePackage ../../../../../../Users/Tyrone/Documents/TankBattle/SalemWitchTrials/Saved/Autosaves/Game/StarterContent/Maps/Minimal_Default_Auto1.umap
[2018.06.16-04.34.22:028][663]LogFileHelpers: Editor autosave (incl. sublevels) for '/Game/StarterContent/Maps/Minimal_Default' took 0.119
[2018.06.16-04.34.22:028][663]LogFileHelpers: Editor autosave (incl. sublevels) for all levels took 0.119
[2018.06.16-04.35.34:819][883]LogSlate: FSceneViewport::OnFocusLost() reason 2
[2018.06.16-04.35.38:484][185]LogEditorViewport: Clicking on Actor (LMB): BP_Sky_Sphere_C (BP_Sky_Sphere)
[2018.06.16-04.35.55:398][619]LogSlate: FSceneViewport::OnFocusLost() reason 0
[2018.06.16-04.36.16:051][266]LogSlate: Window 'Color Picker' being destroyed
[2018.06.16-04.36.17:567][393]LogSlate: FSceneViewport::OnFocusLost() reason 0
[2018.06.16-04.36.22:415][769]LogSlate: Window 'Color Picker' being destroyed
[2018.06.16-04.36.23:365][843]LogSlate: FSceneViewport::OnFocusLost() reason 2
[2018.06.16-04.36.26:125][ 55]LogSlate: Window 'Color Picker' being destroyed
[2018.06.16-04.36.27:051][129]LogSlate: FSceneViewport::OnFocusLost() reason 2
[2018.06.16-04.36.31:858][487]LogSlate: Window 'Color Picker' being destroyed
[2018.06.16-04.36.33:375][604]LogSlate: FSceneViewport::OnFocusLost() reason 0
[2018.06.16-04.36.39:664][121]LogEditorViewport: Clicking on Actor (LMB): BP_Sky_Sphere_C (BP_Sky_Sphere)
[2018.06.16-04.36.42:394][333]LogEditorViewport: Clicking on Component (context menu): StaticMeshComponent (Sky Sphere mesh)
[2018.06.16-04.36.42:461][333]LogSlate: FSceneViewport::OnFocusLost() reason 2
[2018.06.16-04.37.08:746][417]LogEditorViewport: Clicking on Component (LMB): StaticMeshComponent (Sky Sphere mesh)
[2018.06.16-04.37.11:227][620]LogSlate: Took 0.005004 seconds to synchronously load lazily loaded font '../../../Engine/Content/Slate/Fonts/Roboto-Italic.ttf' (157K)
[2018.06.16-04.37.16:646][952]LogEditorViewport: Clicking on Component (LMB): StaticMeshComponent (Sky Sphere mesh)
[2018.06.16-04.37.19:637][147]LogSlate: FSceneViewport::OnFocusLost() reason 0
[2018.06.16-04.37.33:560][246]LogEditorViewport: Clicking on Component (LMB): StaticMeshComponent (Sky Sphere mesh)
[2018.06.16-04.37.36:826][513]LogSlate: FSceneViewport::OnFocusLost() reason 0
[2018.06.16-04.37.37:669][588]LogEditorActor: Deleted Actor: BP_Sky_Sphere_C
[2018.06.16-04.37.37:683][588]LogEditorActor: Deleted 1 Actors (0.016 secs)
[2018.06.16-04.37.40:922][926]LogEditorViewport: Clicking Background
[2018.06.16-04.37.41:537][989]LogEditorViewport: Clicking Background
[2018.06.16-04.37.41:863][ 23]LogEditorViewport: Clicking Background
[2018.06.16-04.37.42:175][ 53]LogEditorViewport: Clicking Background
[2018.06.16-04.37.47:316][562]LogEditorViewport: Clicking on Actor (LMB): SphereReflectionCapture (SphereReflectionCapture)
[2018.06.16-04.37.48:865][705]Cmd: DELETE
[2018.06.16-04.37.48:865][705]Cmd: ACTOR DELETE
[2018.06.16-04.37.48:867][705]LogEditorActor: Deleted Actor: SphereReflectionCapture
[2018.06.16-04.37.48:882][705]LogEditorActor: Deleted 1 Actors (0.017 secs)
[2018.06.16-04.37.50:158][829]LogEditorViewport: Clicking on Actor (LMB): SkyLight (SkyLight)
[2018.06.16-04.37.50:500][857]Cmd: DELETE
[2018.06.16-04.37.50:501][857]Cmd: ACTOR DELETE
[2018.06.16-04.37.50:504][857]LogEditorActor: Deleted Actor: SkyLight
[2018.06.16-04.37.50:518][857]LogEditorActor: Deleted 1 Actors (0.018 secs)
[2018.06.16-04.37.51:343][936]LogEditorViewport: Clicking on Actor (LMB): AmbientSound (Starter_Background_Cue)
[2018.06.16-04.37.52:949][ 84]Cmd: DELETE
[2018.06.16-04.37.52:949][ 84]Cmd: ACTOR DELETE
[2018.06.16-04.37.52:952][ 84]LogEditorActor: Deleted Actor: AmbientSound
[2018.06.16-04.37.52:967][ 84]LogEditorActor: Deleted 1 Actors (0.017 secs)
[2018.06.16-04.37.54:348][218]LogEditorViewport: Clicking on Actor (LMB): SphereReflectionCapture (SphereReflectionCapture10)
[2018.06.16-04.37.54:606][238]Cmd: DELETE
[2018.06.16-04.37.54:606][238]Cmd: ACTOR DELETE
[2018.06.16-04.37.54:607][238]LogEditorActor: Deleted Actor: SphereReflectionCapture
[2018.06.16-04.37.54:621][238]LogEditorActor: Deleted 1 Actors (0.014 secs)
[2018.06.16-04.37.55:394][312]LogEditorViewport: Clicking on Actor (LMB): PlayerStart (Player Start)
[2018.06.16-04.37.56:139][375]Cmd: DELETE
[2018.06.16-04.37.56:139][375]Cmd: ACTOR DELETE
[2018.06.16-04.37.56:141][375]LogEditorActor: Deleted Actor: PlayerStart
[2018.06.16-04.37.56:152][375]LogEditorActor: Deleted 1 Actors (0.012 secs)
[2018.06.16-04.37.57:143][471]LogEditorViewport: Clicking on Actor (LMB): DirectionalLight (Light Source)
[2018.06.16-04.37.58:062][556]Cmd: DELETE
[2018.06.16-04.37.58:062][556]Cmd: ACTOR DELETE
[2018.06.16-04.37.58:065][556]LogEditorActor: Deleted Actor: DirectionalLight
[2018.06.16-04.37.58:079][556]LogEditorActor: Deleted 1 Actors (0.017 secs)
[2018.06.16-04.38.03:350][ 88]LogEditorViewport: Clicking on Actor (LMB): AtmosphericFog (Atmospheric Fog)
[2018.06.16-04.38.04:215][166]Cmd: DELETE
[2018.06.16-04.38.04:215][166]Cmd: ACTOR DELETE
[2018.06.16-04.38.04:216][166]LogEditorActor: Deleted Actor: AtmosphericFog
[2018.06.16-04.38.04:230][166]LogEditorActor: Deleted 1 Actors (0.015 secs)
[2018.06.16-04.38.08:776][676]LogSlate: FSceneViewport::OnFocusLost() reason 0
[2018.06.16-04.38.15:440][402]Cmd: DELETE
[2018.06.16-04.38.15:440][402]Cmd: ACTOR DELETE
[2018.06.16-04.38.15:442][402]LogEditorActor: Deleted Actor: DirectionalLight
[2018.06.16-04.38.15:454][402]LogEditorActor: Deleted 1 Actors (0.014 secs)
[2018.06.16-04.38.16:368][506]LogSlate: FSceneViewport::OnFocusLost() reason 0
[2018.06.16-04.38.17:588][630]Cmd: DELETE
[2018.06.16-04.38.17:588][630]Cmd: ACTOR DELETE
[2018.06.16-04.38.17:590][630]LogEditorActor: Deleted Actor: SkyLight
[2018.06.16-04.38.17:610][630]LogEditorActor: Deleted 1 Actors (0.021 secs)
[2018.06.16-04.38.19:026][796]LogSlate: FSceneViewport::OnFocusLost() reason 0
[2018.06.16-04.38.37:948][756]Cmd: DELETE
[2018.06.16-04.38.37:948][756]Cmd: ACTOR DELETE
[2018.06.16-04.38.37:950][756]LogEditorActor: Deleted Actor: AtmosphericFog
[2018.06.16-04.38.37:962][756]LogEditorActor: Deleted 1 Actors (0.014 secs)
[2018.06.16-04.38.39:374][915]LogSlate: FSceneViewport::OnFocusLost() reason 0
[2018.06.16-04.38.50:743][ 40]LogSlate: FSceneViewport::OnFocusLost() reason 0
[2018.06.16-04.39.47:671][152]LogEditorViewport: Clicking on Actor (LMB): BP_Sky_Sphere_C (BP_Sky_Sphere)
[2018.06.16-04.39.48:632][237]LogEditorViewport: Clicking on Actor (LMB): BP_Sky_Sphere_C (BP_Sky_Sphere)
[2018.06.16-04.40.15:632][658]LogSlate: FSceneViewport::OnFocusLost() reason 0
[2018.06.16-04.41.35:031][442]LogEditorViewport: Clicking on Actor (LMB): BP_Sky_Sphere_C (BP_Sky_Sphere)
[2018.06.16-04.41.40:184][907]LogSlate: FSceneViewport::OnFocusLost() reason 0
[2018.06.16-04.41.45:637][383]LogEditorViewport: Clicking on Actor (LMB): BP_Sky_Sphere_C (BP_Sky_Sphere)
[2018.06.16-04.41.47:933][582]LogSlate: FSceneViewport::OnFocusLost() reason 0
[2018.06.16-04.41.56:453][359]LogEditorViewport: Clicking on Actor (LMB): BP_Sky_Sphere_C (BP_Sky_Sphere)
[2018.06.16-04.41.57:701][460]LogSlate: FSceneViewport::OnFocusLost() reason 0
[2018.06.16-04.41.59:429][609]LogEditorViewport: Clicking on Actor (LMB): BP_Sky_Sphere_C (BP_Sky_Sphere)
[2018.06.16-04.42.09:738][457]LogSlate: FSceneViewport::OnFocusLost() reason 0
[2018.06.16-04.42.19:303][262]LogSlate: FSceneViewport::OnFocusLost() reason 0
[2018.06.16-04.42.24:674][716]LogEditorViewport: Clicking on Actor (LMB): DirectionalLight (DirectionalLight)
[2018.06.16-04.42.27:813][  4]LogEditorViewport: Clicking on Actor (LMB): BP_Sky_Sphere_C (BP_Sky_Sphere)
[2018.06.16-04.42.29:135][102]LogSlate: FSceneViewport::OnFocusLost() reason 0
[2018.06.16-04.43.11:517][907]LogSlate: Window 'Color Picker' being destroyed
[2018.06.16-04.43.16:947][329]LogSlate: FSceneViewport::OnFocusLost() reason 0
[2018.06.16-04.43.17:051][341]LogSlate: Window 'Color Picker' being destroyed
[2018.06.16-04.43.18:140][433]LogSlate: FSceneViewport::OnFocusLost() reason 2
[2018.06.16-04.43.21:784][750]LogSlate: Window 'Color Picker' being destroyed
[2018.06.16-04.43.24:918][ 19]LogSlate: FSceneViewport::OnFocusLost() reason 2
[2018.06.16-04.43.27:695][249]LogSlate: Window 'Color Picker' being destroyed
[2018.06.16-04.44.08:580][732]LogSlate: FSceneViewport::OnFocusLost() reason 0
[2018.06.16-04.44.11:244][982]LogRenderer: Reallocating scene render targets to support 1040x908 Format 9 NumSamples 1 (Frame:90718).
[2018.06.16-04.44.11:294][983]LogRenderer: Reallocating scene render targets to support 1084x908 Format 9 NumSamples 1 (Frame:90720).
[2018.06.16-04.44.11:350][984]LogRenderer: Reallocating scene render targets to support 1108x908 Format 9 NumSamples 1 (Frame:90722).
[2018.06.16-04.44.11:442][987]LogRenderer: Reallocating scene render targets to support 1112x908 Format 9 NumSamples 1 (Frame:90724).
[2018.06.16-04.44.11:492][988]LogRenderer: Reallocating scene render targets to support 1120x908 Format 9 NumSamples 1 (Frame:90726).
[2018.06.16-04.44.11:604][990]LogRenderer: Reallocating scene render targets to support 1132x908 Format 9 NumSamples 1 (Frame:90730).
[2018.06.16-04.44.11:654][991]LogRenderer: Reallocating scene render targets to support 1148x908 Format 9 NumSamples 1 (Frame:90732).
[2018.06.16-04.44.11:898][  9]LogRenderer: Reallocating scene render targets to support 1172x908 Format 9 NumSamples 1 (Frame:90736).
[2018.06.16-04.44.11:950][ 10]LogRenderer: Reallocating scene render targets to support 1184x908 Format 9 NumSamples 1 (Frame:90738).
[2018.06.16-04.44.12:029][ 13]LogRenderer: Reallocating scene render targets to support 1192x908 Format 9 NumSamples 1 (Frame:90740).
[2018.06.16-04.44.12:084][ 14]LogRenderer: Reallocating scene render targets to support 1224x908 Format 9 NumSamples 1 (Frame:90742).
[2018.06.16-04.44.12:143][ 15]LogRenderer: Reallocating scene render targets to support 1252x908 Format 9 NumSamples 1 (Frame:90744).
[2018.06.16-04.44.17:253][504]LogRenderer: Reallocating scene render targets to support 1252x908 Format 10 NumSamples 1 (Frame:90820).
[2018.06.16-04.44.17:257][504]LogContentStreaming: Texture pool size now 3000 MB
[2018.06.16-04.44.21:568][828]LogSlate: FSceneViewport::OnFocusLost() reason 2
[2018.06.16-04.44.22:561][943]Cmd: STAT FPS
[2018.06.16-04.44.24:827][201]LogEditorViewport: Clicking on Actor (LMB): BP_Sky_Sphere_C (BP_Sky_Sphere)
[2018.06.16-04.44.47:862][843]LogEditorViewport: Clicking on Actor (LMB): BP_Sky_Sphere_C (BP_Sky_Sphere)
[2018.06.16-04.44.49:303][943]LogSlate: FSceneViewport::OnFocusLost() reason 0
[2018.06.16-04.45.23:836][585]LogSlate: FSceneViewport::OnFocusLost() reason 0
[2018.06.16-04.45.28:106][606]LogSavePackage: Save=336.25ms
[2018.06.16-04.45.28:106][606]LogSavePackage: Moving '../../../../../../Users/Tyrone/Documents/TankBattle/SalemWitchTrials/Saved/Minimal_Default_Auto2EEF8A9774853E8B8FBD723961A40715F.tmp' to '../../../../../../Users/Tyrone/Documents/TankBattle/SalemWitchTrials/Saved/Autosaves/Game/StarterContent/Maps/Minimal_Default_Auto2.umap'
[2018.06.16-04.45.28:108][606]LogSavePackage: Display: Finished SavePackage ../../../../../../Users/Tyrone/Documents/TankBattle/SalemWitchTrials/Saved/Autosaves/Game/StarterContent/Maps/Minimal_Default_Auto2.umap
[2018.06.16-04.45.28:129][606]LogFileHelpers: Editor autosave (incl. sublevels) for '/Game/StarterContent/Maps/Minimal_Default' took 0.430
[2018.06.16-04.45.28:129][606]LogFileHelpers: Editor autosave (incl. sublevels) for all levels took 0.430
[2018.06.16-04.46.03:280][710]LogSlate: FSceneViewport::OnFocusLost() reason 2
[2018.06.16-04.46.58:513][928]LogSlate: FSceneViewport::OnFocusLost() reason 2
[2018.06.16-04.47.03:034][243]LogSlate: Window 'Color Picker' being destroyed
[2018.06.16-04.47.07:679][600]LogSlate: FSceneViewport::OnFocusLost() reason 2
[2018.06.16-04.47.12:442][928]LogSlate: Window 'Color Picker' being destroyed
[2018.06.16-04.47.14:468][ 81]LogSlate: FSceneViewport::OnFocusLost() reason 2
[2018.06.16-04.47.19:807][459]LogSlate: Window 'Color Picker' being destroyed
[2018.06.16-04.47.40:031][772]LogSlate: FSceneViewport::OnFocusLost() reason 2
[2018.06.16-04.51.01:397][407]LogSlate: FSceneViewport::OnFocusLost() reason 2
[2018.06.16-04.51.08:341][931]LogSlate: FSceneViewport::OnFocusLost() reason 0
[2018.06.16-04.55.20:999][687]LogSlate: FSceneViewport::OnFocusLost() reason 2
[2018.06.16-04.55.23:136][813]LogSlate: FSceneViewport::OnFocusLost() reason 0
[2018.06.16-04.55.42:493][136]LogSlate: FSceneViewport::OnFocusLost() reason 0
[2018.06.16-04.55.47:862][591]LogSlate: FSceneViewport::OnFocusLost() reason 2
[2018.06.16-04.55.52:249][909]LogSlate: Window 'Color Picker' being destroyed
[2018.06.16-04.55.58:536][431]LogSlate: FSceneViewport::OnFocusLost() reason 0
[2018.06.16-04.56.08:460][260]LogEditorViewport: Clicking on Actor (LMB): ExponentialHeightFog (ExponentialHeightFog)
[2018.06.16-04.56.08:691][274]Cmd: DELETE
[2018.06.16-04.56.08:698][274]Cmd: ACTOR DELETE
[2018.06.16-04.56.08:709][274]LogEditorActor: Deleted Actor: ExponentialHeightFog
[2018.06.16-04.56.08:736][274]LogEditorActor: Deleted 1 Actors (0.036 secs)
[2018.06.16-04.56.10:653][432]LogSlate: FSceneViewport::OnFocusLost() reason 0
[2018.06.16-04.56.12:464][580]Cmd: DELETE
[2018.06.16-04.56.12:464][580]Cmd: ACTOR DELETE
[2018.06.16-04.56.12:466][580]LogEditorActor: Deleted Actor: ExponentialHeightFog
[2018.06.16-04.56.12:478][580]LogEditorActor: Deleted 1 Actors (0.014 secs)
[2018.06.16-04.56.13:618][674]LogSlate: FSceneViewport::OnFocusLost() reason 0
[2018.06.16-04.56.19:271][ 24]LogSlate: FSceneViewport::OnFocusLost() reason 0
[2018.06.16-04.57.11:012][949]LogSlate: FSceneViewport::OnFocusLost() reason 0
[2018.06.16-04.58.34:121][ 71]LogSlate: FSceneViewport::OnFocusLost() reason 2
[2018.06.16-04.58.40:923][207]LogEditorViewport: Clicking on Actor (context menu): BP_Sky_Sphere_C (BP_Sky_Sphere)
[2018.06.16-04.58.41:271][207]LogSlate: FSceneViewport::OnFocusLost() reason 2
[2018.06.16-04.58.42:152][278]LogEditorViewport: Clicking on Actor (LMB): BP_Sky_Sphere_C (BP_Sky_Sphere)
[2018.06.16-04.59.00:391][648]LogSlate: FSceneViewport::OnFocusLost() reason 0
[2018.06.16-04.59.31:843][752]LogSlate: FSceneViewport::OnFocusLost() reason 2
[2018.06.16-04.59.34:956][954]LogSlate: FSceneViewport::OnFocusLost() reason 0
[2018.06.16-04.59.52:545][151]Cmd: DELETE
[2018.06.16-04.59.52:545][151]Cmd: ACTOR DELETE
[2018.06.16-04.59.52:566][151]LogEditorActor: Deleted Actor: SphereReflectionCapture
[2018.06.16-04.59.52:597][151]LogEditorActor: Deleted 1 Actors (0.052 secs)
[2018.06.16-04.59.54:083][262]LogSlate: FSceneViewport::OnFocusLost() reason 0
[2018.06.16-04.59.55:985][395]Cmd: DELETE
[2018.06.16-04.59.55:985][395]Cmd: ACTOR DELETE
[2018.06.16-04.59.55:989][395]LogEditorActor: Deleted Actor: BoxReflectionCapture
[2018.06.16-04.59.56:002][395]LogEditorActor: Deleted 1 Actors (0.017 secs)
[2018.06.16-04.59.57:560][510]LogSlate: FSceneViewport::OnFocusLost() reason 0
[2018.06.16-05.00.15:799][501]Cmd: DELETE
[2018.06.16-05.00.15:799][501]Cmd: ACTOR DELETE
[2018.06.16-05.00.15:820][501]LogEditorActor: Deleted Actor: PlanarReflection
[2018.06.16-05.00.15:832][501]LogEditorActor: Deleted 1 Actors (0.033 secs)
[2018.06.16-05.00.17:070][594]LogSlate: FSceneViewport::OnFocusLost() reason 0
[2018.06.16-05.00.22:369][ 51]Cmd: DELETE
[2018.06.16-05.00.22:369][ 51]Cmd: ACTOR DELETE
[2018.06.16-05.00.22:386][ 51]LogEditorActor: Deleted Actor: DecalActor
[2018.06.16-05.00.22:398][ 51]LogEditorActor: Deleted 1 Actors (0.029 secs)
[2018.06.16-05.00.24:151][185]LogSlate: FSceneViewport::OnFocusLost() reason 0
[2018.06.16-05.00.52:636][ 73]LogSlate: FSceneViewport::OnFocusLost() reason 2
[2018.06.16-05.01.00:677][635]LogSlate: FSceneViewport::OnFocusLost() reason 0
[2018.06.16-05.01.03:138][772]Cmd: DELETE
[2018.06.16-05.01.03:138][772]Cmd: ACTOR DELETE
[2018.06.16-05.01.03:142][772]LogEditorActor: Deleted Actor: HierarchicalLODVolume
[2018.06.16-05.01.03:173][772]LogEditorActor: Deleted 1 Actors (0.035 secs)
[2018.06.16-05.01.17:012][799]LogSlate: FSceneViewport::OnFocusLost() reason 0
[2018.06.16-05.01.31:999][999]LogSlate: FSceneViewport::OnFocusLost() reason 0
[2018.06.16-05.01.34:874][257]LogSlate: FSceneViewport::OnFocusLost() reason 0
[2018.06.16-05.03.57:975][701]LogSlate: FSceneViewport::OnFocusLost() reason 2
[2018.06.16-05.04.03:209][109]LogSlate: FSceneViewport::OnFocusLost() reason 2
[2018.06.16-05.04.15:435][911]LogSlate: Window 'Save Content' being destroyed
[2018.06.16-05.04.15:482][911]LogSlate: FSceneViewport::OnFocusLost() reason 2
[2018.06.16-05.04.16:917][911]LogSlate: FSceneViewport::OnFocusLost() reason 2
[2018.06.16-05.04.17:308][911]LogSavePackage: Save=94.57ms
[2018.06.16-05.04.17:308][911]LogSavePackage: Moving '../../../../../../Users/Tyrone/Documents/TankBattle/SalemWitchTrials/Saved/Minimal_DefaultCE4071DC408652EEBA18979E155B50B3.tmp' to '../../../../../../Users/Tyrone/Documents/TankBattle/SalemWitchTrials/Content/StarterContent/Maps/Minimal_Default.umap'
[2018.06.16-05.04.17:311][911]LogSavePackage: Display: Finished SavePackage ../../../../../../Users/Tyrone/Documents/TankBattle/SalemWitchTrials/Content/StarterContent/Maps/Minimal_Default.umap
[2018.06.16-05.04.17:654][911]LogFileHelpers: Saving map 'Minimal_Default' took 0.719
[2018.06.16-05.04.17:798][911]LogSlate: Window 'Modes' being destroyed
[2018.06.16-05.04.17:931][911]LogSlate: Window 'Content Browser' being destroyed
[2018.06.16-05.04.18:247][911]LogSlate: Window 'SalemWitchTrials - Unreal Editor' being destroyed
[2018.06.16-05.04.18:272][911]LogWindowsTextInputMethodSystem: Display: IME system now deactivated.
[2018.06.16-05.04.20:407][912]Cmd: QUIT_EDITOR
[2018.06.16-05.04.21:700][912]LogSlate: Slate User Destroyed.  User Index 0, Is Virtual User: 0
[2018.06.16-05.04.21:713][912]LogExit: Preparing to exit.
[2018.06.16-05.04.25:485][912]LogDirectoryWatcher: A directory notification for 'C:/Users/Tyrone/Documents/TankBattle/SalemWitchTrials/Content/' was aborted.
[2018.06.16-05.04.27:204][912]LogExit: Editor shut down
[2018.06.16-05.04.27:445][912]LogExit: Transaction tracking system shut down
[2018.06.16-05.04.28:543][912]LogDirectoryWatcher: A directory notification for '../../../Engine/Content/' was aborted.
[2018.06.16-05.04.28:543][912]LogDirectoryWatcher: A directory notification for '../../../../../../Users/Tyrone/Documents/TankBattle/SalemWitchTrials/Content/' was aborted.
[2018.06.16-05.04.28:544][912]LogDirectoryWatcher: A directory notification for '../../Plugins/2D/Paper2D/Content/' was aborted.
[2018.06.16-05.04.28:544][912]LogDirectoryWatcher: A directory notification for '../../Plugins/Enterprise/DatasmithContent/Content/' was aborted.
[2018.06.16-05.04.28:544][912]LogDirectoryWatcher: A directory notification for '../../Plugins/Media/MediaCompositing/Content/' was aborted.
[2018.06.16-05.04.28:544][912]LogDirectoryWatcher: A directory notification for '../../Plugins/Runtime/AppleARKit/Content/' was aborted.
[2018.06.16-05.04.28:544][912]LogDirectoryWatcher: A directory notification for '../../Plugins/Runtime/Oculus/OculusVR/Content/' was aborted.
[2018.06.16-05.04.28:544][912]LogDirectoryWatcher: A directory notification for '../../Plugins/Runtime/Steam/SteamVR/Content/' was aborted.
[2018.06.16-05.04.31:731][912]LogExit: Object subsystem successfully closed.
[2018.06.16-05.04.32:308][912]LogShaderCompilers: Display: Shaders left to compile 0
[2018.06.16-05.04.32:693][912]LogD3D11RHI: Shutdown
[2018.06.16-05.04.32:694][912]LogD3D11RHI: CleanupD3DDevice
[2018.06.16-05.04.33:285][912]LogD3D11RHI: ~FD3D11DynamicRHI
[2018.06.16-05.04.33:818][912]LogModuleManager: Shutting down and abandoning module HierarchicalLODOutliner (574)
[2018.06.16-05.04.33:821][912]LogModuleManager: Shutting down and abandoning module AddContentDialog (572)
[2018.06.16-05.04.33:841][912]LogDirectoryWatcher: A directory notification for 'C:/Program Files/Epic Games/UE_4.19/FeaturePacks/' was aborted.
[2018.06.16-05.04.34:242][912]LogModuleManager: Shutting down and abandoning module WidgetCarousel (571)
[2018.06.16-05.04.34:242][912]LogModuleManager: Shutting down and abandoning module EditorWidgets (568)
[2018.06.16-05.04.34:242][912]LogModuleManager: Shutting down and abandoning module CollectionManager (566)
[2018.06.16-05.04.34:243][912]LogDirectoryWatcher: A directory notification for 'C:/Users/Tyrone/Documents/TankBattle/SalemWitchTrials/Content/Collections/' was aborted.
[2018.06.16-05.04.34:246][912]LogDirectoryWatcher: A directory notification for 'C:/Users/Tyrone/Documents/TankBattle/SalemWitchTrials/Content/Developers/Tyrone/Collections/' was aborted.
[2018.06.16-05.04.34:246][912]LogDirectoryWatcher: A directory notification for 'C:/Users/Tyrone/Documents/TankBattle/SalemWitchTrials/Saved/Collections/' was aborted.
[2018.06.16-05.04.34:246][912]LogModuleManager: Shutting down and abandoning module SceneOutliner (564)
[2018.06.16-05.04.34:246][912]LogModuleManager: Shutting down and abandoning module StatsViewer (562)
[2018.06.16-05.04.34:247][912]LogModuleManager: Shutting down and abandoning module FoliageEdit (560)
[2018.06.16-05.04.34:253][912]LogModuleManager: Shutting down and abandoning module LandscapeEditor (558)
[2018.06.16-05.04.34:280][912]LogModuleManager: Shutting down and abandoning module MeshPaintMode (556)
[2018.06.16-05.04.34:281][912]LogModuleManager: Shutting down and abandoning module SceneDepthPickerMode (554)
[2018.06.16-05.04.34:281][912]LogModuleManager: Shutting down and abandoning module ActorPickerMode (552)
[2018.06.16-05.04.34:281][912]LogModuleManager: Shutting down and abandoning module GeometryMode (550)
[2018.06.16-05.04.34:281][912]LogModuleManager: Shutting down and abandoning module TextureAlignMode (548)
[2018.06.16-05.04.34:281][912]LogModuleManager: Shutting down and abandoning module BspMode (546)
[2018.06.16-05.04.34:281][912]LogModuleManager: Shutting down and abandoning module PIEPreviewDeviceProfileSelector (544)
[2018.06.16-05.04.34:288][912]LogModuleManager: Shutting down and abandoning module HardwareSurvey (542)
[2018.06.16-05.04.34:288][912]LogModuleManager: Shutting down and abandoning module SequenceRecorderSections (540)
[2018.06.16-05.04.34:288][912]LogModuleManager: Shutting down and abandoning module AutomationWorker (538)
[2018.06.16-05.04.34:289][912]LogModuleManager: Shutting down and abandoning module AudioCaptureEditor (536)
[2018.06.16-05.04.34:289][912]LogModuleManager: Shutting down and abandoning module SequenceRecorder (535)
[2018.06.16-05.04.34:297][912]LogModuleManager: Shutting down and abandoning module MatineeToLevelSequence (532)
[2018.06.16-05.04.34:298][912]LogModuleManager: Shutting down and abandoning module LevelSequenceEditor (530)
[2018.06.16-05.04.34:300][912]LogModuleManager: Shutting down and abandoning module PlacementMode (529)
[2018.06.16-05.04.34:301][912]LogModuleManager: Shutting down and abandoning module MaterialEditor (528)
[2018.06.16-05.04.34:303][912]LogModuleManager: Shutting down and abandoning module WmfMediaFactory (524)
[2018.06.16-05.04.34:303][912]LogModuleManager: Shutting down and abandoning module WmfMediaEditor (522)
[2018.06.16-05.04.34:303][912]LogModuleManager: Shutting down and abandoning module MediaPlayerEditor (520)
[2018.06.16-05.04.34:305][912]LogModuleManager: Shutting down and abandoning module OpenExrWrapper (518)
[2018.06.16-05.04.34:305][912]LogModuleManager: Shutting down and abandoning module ImgMediaFactory (516)
[2018.06.16-05.04.34:305][912]LogModuleManager: Shutting down and abandoning module ImgMediaEditor (514)
[2018.06.16-05.04.34:305][912]LogModuleManager: Shutting down and abandoning module AvfMediaFactory (512)
[2018.06.16-05.04.34:305][912]LogModuleManager: Shutting down and abandoning module AvfMediaEditor (510)
[2018.06.16-05.04.34:305][912]LogModuleManager: Shutting down and abandoning module AndroidMediaFactory (508)
[2018.06.16-05.04.34:305][912]LogModuleManager: Shutting down and abandoning module AndroidMediaEditor (506)
[2018.06.16-05.04.34:305][912]LogModuleManager: Shutting down and abandoning module CharacterAI (504)
[2018.06.16-05.04.34:305][912]LogModuleManager: Shutting down and abandoning module SmartSnapping (502)
[2018.06.16-05.04.34:310][912]LogModuleManager: Shutting down and abandoning module SessionServices (500)
[2018.06.16-05.04.34:311][912]LogModuleManager: Shutting down and abandoning module ViewportSnapping (498)
[2018.06.16-05.04.34:320][912]LogModuleManager: Shutting down and abandoning module ViewportInteraction (496)
[2018.06.16-05.04.34:320][912]LogModuleManager: Shutting down and abandoning module ClothPainter (494)
[2018.06.16-05.04.34:323][912]LogModuleManager: Shutting down and abandoning module SkeletalMeshEditor (493)
[2018.06.16-05.04.34:324][912]LogModuleManager: Shutting down and abandoning module LogVisualizer (490)
[2018.06.16-05.04.34:333][912]LogModuleManager: Shutting down and abandoning module IntroTutorials (488)
[2018.06.16-05.04.34:344][912]LogModuleManager: Shutting down and abandoning module GameProjectGeneration (487)
[2018.06.16-05.04.34:346][912]LogModuleManager: Shutting down and abandoning module IOSPlatformEditor (484)
[2018.06.16-05.04.34:351][912]LogModuleManager: Shutting down and abandoning module HTML5PlatformEditor (482)
[2018.06.16-05.04.34:351][912]LogModuleManager: Shutting down and abandoning module AndroidPlatformEditor (480)
[2018.06.16-05.04.34:351][912]LogModuleManager: Shutting down and abandoning module AndroidDeviceDetection (479)
[2018.06.16-05.04.35:271][912]LogModuleManager: Shutting down and abandoning module WindowsPlatformEditor (476)
[2018.06.16-05.04.35:272][912]LogModuleManager: Shutting down and abandoning module IOSRuntimeSettings (474)
[2018.06.16-05.04.35:272][912]LogModuleManager: Shutting down and abandoning module AndroidRuntimeSettings (472)
[2018.06.16-05.04.35:272][912]LogModuleManager: Shutting down and abandoning module InputBindingEditor (470)
[2018.06.16-05.04.35:273][912]LogModuleManager: Shutting down and abandoning module MergeActors (468)
[2018.06.16-05.04.35:273][912]LogModuleManager: Shutting down and abandoning module LocalizationDashboard (466)
[2018.06.16-05.04.35:275][912]LogModuleManager: Shutting down and abandoning module LocalizationService (465)
[2018.06.16-05.04.35:275][912]LogModuleManager: Shutting down and abandoning module HardwareTargeting (462)
[2018.06.16-05.04.35:275][912]LogModuleManager: Shutting down and abandoning module DeviceProfileEditor (460)
[2018.06.16-05.04.35:276][912]LogModuleManager: Shutting down and abandoning module UndoHistory (458)
[2018.06.16-05.04.35:276][912]LogModuleManager: Shutting down and abandoning module XmlParser (456)
[2018.06.16-05.04.35:276][912]LogModuleManager: Shutting down and abandoning module Blutility (454)
[2018.06.16-05.04.35:277][912]LogModuleManager: Shutting down and abandoning module ProjectSettingsViewer (452)
[2018.06.16-05.04.35:292][912]LogModuleManager: Shutting down and abandoning module ProjectTargetPlatformEditor (451)
[2018.06.16-05.04.35:344][912]LogModuleManager: Shutting down and abandoning module EditorSettingsViewer (448)
[2018.06.16-05.04.35:355][912]LogModuleManager: Shutting down and abandoning module SettingsEditor (446)
[2018.06.16-05.04.35:362][912]LogModuleManager: Shutting down and abandoning module ProjectLauncher (444)
[2018.06.16-05.04.35:363][912]LogModuleManager: Shutting down and abandoning module SessionFrontend (442)
[2018.06.16-05.04.35:364][912]LogModuleManager: Shutting down and abandoning module ProfilerClient (440)
[2018.06.16-05.04.35:364][912]LogModuleManager: Shutting down and abandoning module DeviceManager (438)
[2018.06.16-05.04.35:376][912]LogModuleManager: Shutting down and abandoning module TargetDeviceServices (437)
[2018.06.16-05.04.35:530][912]LogModuleManager: Shutting down and abandoning module AutomationController (434)
[2018.06.16-05.04.35:532][912]LogModuleManager: Shutting down and abandoning module AutomationWindow (432)
[2018.06.16-05.04.35:533][912]LogModuleManager: Shutting down and abandoning module Layers (430)
[2018.06.16-05.04.35:535][912]LogModuleManager: Shutting down and abandoning module ComponentVisualizers (428)
[2018.06.16-05.04.35:535][912]LogModuleManager: Shutting down and abandoning module DetailCustomizations (426)
[2018.06.16-05.04.35:536][912]LogModuleManager: Shutting down and abandoning module PackagesDialog (424)
[2018.06.16-05.04.35:544][912]LogModuleManager: Shutting down and abandoning module Persona (422)
[2018.06.16-05.04.35:546][912]LogModuleManager: Shutting down and abandoning module AdvancedPreviewScene (421)
[2018.06.16-05.04.35:546][912]LogModuleManager: Shutting down and abandoning module AnimGraph (419)
[2018.06.16-05.04.35:546][912]LogModuleManager: Shutting down and abandoning module Kismet (416)
[2018.06.16-05.04.35:556][912]LogModuleManager: Shutting down and abandoning module GraphEditor (414)
[2018.06.16-05.04.35:570][912]LogModuleManager: Shutting down and abandoning module ClassViewer (412)
[2018.06.16-05.04.35:571][912]LogModuleManager: Shutting down and abandoning module Toolbox (410)
[2018.06.16-05.04.35:571][912]LogModuleManager: Shutting down and abandoning module ModuleUI (408)
[2018.06.16-05.04.35:572][912]LogModuleManager: Shutting down and abandoning module MovieSceneTools (406)
[2018.06.16-05.04.35:574][912]LogModuleManager: Shutting down and abandoning module OutputLog (404)
[2018.06.16-05.04.35:574][912]LogModuleManager: Shutting down and abandoning module GammaUI (402)
[2018.06.16-05.04.35:574][912]LogModuleManager: Shutting down and abandoning module Documentation (400)
[2018.06.16-05.04.35:575][912]LogModuleManager: Shutting down and abandoning module MovieSceneTracks (398)
[2018.06.16-05.04.35:575][912]LogModuleManager: Shutting down and abandoning module MovieScene (396)
[2018.06.16-05.04.35:575][912]LogModuleManager: Shutting down and abandoning module StreamingPauseRendering (394)
[2018.06.16-05.04.35:582][912]LogModuleManager: Shutting down and abandoning module LauncherPlatform (392)
[2018.06.16-05.04.35:582][912]LogModuleManager: Shutting down and abandoning module AnalyticsET (390)
[2018.06.16-05.04.35:582][912]LogModuleManager: Shutting down and abandoning module PortalServices (388)
[2018.06.16-05.04.35:582][912]LogModuleManager: Shutting down and abandoning module PortalRpc (386)
[2018.06.16-05.04.35:582][912]LogModuleManager: Shutting down and abandoning module MessagingRpc (384)
[2018.06.16-05.04.35:582][912]LogModuleManager: Shutting down and abandoning module AIModule (382)
[2018.06.16-05.04.35:585][912]LogModuleManager: Shutting down and abandoning module GameplayDebugger (381)
[2018.06.16-05.04.35:586][912]LogModuleManager: Shutting down and abandoning module AITestSuite (379)
[2018.06.16-05.04.35:586][912]LogModuleManager: Shutting down and abandoning module DesktopPlatform (376)
[2018.06.16-05.04.35:590][912]LogModuleManager: Shutting down and abandoning module ProfilerService (374)
[2018.06.16-05.04.35:731][912]LogModuleManager: Shutting down and abandoning module TaskGraph (372)
[2018.06.16-05.04.35:733][912]LogModuleManager: Shutting down and abandoning module SteamVRController (370)
[2018.06.16-05.04.35:733][912]LogModuleManager: Shutting down and abandoning module ProceduralMeshComponentEditor (368)
[2018.06.16-05.04.35:733][912]LogModuleManager: Shutting down and abandoning module ProceduralMeshComponent (366)
[2018.06.16-05.04.35:733][912]LogModuleManager: Shutting down and abandoning module OculusInput (364)
[2018.06.16-05.04.35:733][912]LogModuleManager: Shutting down and abandoning module MobilePatchingUtils (362)
[2018.06.16-05.04.35:733][912]LogModuleManager: Shutting down and abandoning module CustomMeshComponent (360)
[2018.06.16-05.04.35:733][912]LogModuleManager: Shutting down and abandoning module CableComponent (358)
[2018.06.16-05.04.35:733][912]LogModuleManager: Shutting down and abandoning module AudioCapture (356)
[2018.06.16-05.04.35:733][912]LogModuleManager: Shutting down and abandoning module ArchVisCharacter (354)
[2018.06.16-05.04.35:733][912]LogModuleManager: Shutting down and abandoning module AndroidPermission (352)
[2018.06.16-05.04.35:733][912]LogModuleManager: Shutting down and abandoning module NUTUnrealEngine4 (348)
[2018.06.16-05.04.35:733][912]LogModuleManager: Shutting down and abandoning module NetcodeUnitTest (346)
[2018.06.16-05.04.35:735][912]LogModuleManager: Shutting down and abandoning module MediaCompositingEditor (344)
[2018.06.16-05.04.35:735][912]LogModuleManager: Shutting down and abandoning module MediaCompositing (342)
[2018.06.16-05.04.35:735][912]LogModuleManager: Shutting down and abandoning module LinearTimecode (340)
[2018.06.16-05.04.35:735][912]LogModuleManager: Shutting down and abandoning module ImgMedia (338)
[2018.06.16-05.04.35:763][912]LogModuleManager: Shutting down and abandoning module HTML5Networking (336)
[2018.06.16-05.04.35:763][912]LogModuleManager: Shutting down and abandoning module AlembicImporter (334)
[2018.06.16-05.04.35:763][912]LogModuleManager: Shutting down and abandoning module AlembicLibrary (333)
[2018.06.16-05.04.35:769][912]LogModuleManager: Shutting down and abandoning module GeometryCache (332)
[2018.06.16-05.04.35:769][912]LogModuleManager: Shutting down and abandoning module GeometryCacheEd (331)
[2018.06.16-05.04.35:770][912]LogModuleManager: Shutting down and abandoning module DatasmithContent (326)
[2018.06.16-05.04.35:770][912]LogModuleManager: Shutting down and abandoning module SpeedTreeImporter (324)
[2018.06.16-05.04.35:770][912]LogModuleManager: Shutting down and abandoning module PluginBrowser (322)
[2018.06.16-05.04.35:772][912]LogModuleManager: Shutting down and abandoning module MobileLauncherProfileWizard (320)
[2018.06.16-05.04.35:773][912]LogModuleManager: Shutting down and abandoning module CryptoKeysOpenSSL (318)
[2018.06.16-05.04.35:773][912]LogModuleManager: Shutting down and abandoning module CryptoKeys (316)
[2018.06.16-05.04.35:773][912]LogModuleManager: Shutting down and abandoning module VisualStudioSourceCodeAccess (314)
[2018.06.16-05.04.35:774][912]LogModuleManager: Shutting down and abandoning module VisualStudioCodeSourceCodeAccess (312)
[2018.06.16-05.04.35:774][912]LogModuleManager: Shutting down and abandoning module UObjectPlugin (310)
[2018.06.16-05.04.35:774][912]LogModuleManager: Shutting down and abandoning module SubversionSourceControl (308)
[2018.06.16-05.04.35:775][912]LogModuleManager: Shutting down and abandoning module PerforceSourceControl (306)
[2018.06.16-05.04.35:777][912]LogModuleManager: Shutting down and abandoning module GitSourceControl (304)
[2018.06.16-05.04.35:777][912]LogModuleManager: Shutting down and abandoning module SourceControl (303)
[2018.06.16-05.04.35:777][912]LogModuleManager: Shutting down and abandoning module CLionSourceCodeAccess (300)
[2018.06.16-05.04.35:778][912]LogModuleManager: Shutting down and abandoning module LightPropagationVolumeEditor (298)
[2018.06.16-05.04.35:778][912]LogModuleManager: Shutting down and abandoning module PaperTiledImporter (296)
[2018.06.16-05.04.35:778][912]LogModuleManager: Shutting down and abandoning module PaperSpriteSheetImporter (294)
[2018.06.16-05.04.35:778][912]LogModuleManager: Shutting down and abandoning module Paper2DEditor (292)
[2018.06.16-05.04.35:786][912]LogModuleManager: Shutting down and abandoning module MeshPaint (291)
[2018.06.16-05.04.35:787][912]LogModuleManager: Shutting down and abandoning module RuntimePhysXCooking (288)
[2018.06.16-05.04.35:787][912]LogModuleManager: Shutting down and abandoning module PhysXVehiclesEditor (286)
[2018.06.16-05.04.35:788][912]LogModuleManager: Shutting down and abandoning module PhysXVehicles (284)
[2018.06.16-05.04.35:788][912]LogModuleManager: Shutting down and abandoning module OculusEditor (282)
[2018.06.16-05.04.35:788][912]LogModuleManager: Shutting down and abandoning module LocationServicesBPLibrary (280)
[2018.06.16-05.04.35:788][912]LogModuleManager: Shutting down and abandoning module ImmediatePhysicsEditor (278)
[2018.06.16-05.04.35:788][912]LogModuleManager: Shutting down and abandoning module ImmediatePhysics (276)
[2018.06.16-05.04.35:788][912]LogModuleManager: Shutting down and abandoning module ActorSequence (274)
[2018.06.16-05.04.35:788][912]LogModuleManager: Shutting down and abandoning module UdpMessaging (272)
[2018.06.16-05.04.35:890][912]LogModuleManager: Shutting down and abandoning module TcpMessaging (270)
[2018.06.16-05.04.35:991][912]LogModuleManager: Shutting down and abandoning module GameplayTagsEditor (268)
[2018.06.16-05.04.35:992][912]LogModuleManager: Shutting down and abandoning module FacialAnimationEditor (266)
[2018.06.16-05.04.35:992][912]LogModuleManager: Shutting down and abandoning module FacialAnimation (264)
[2018.06.16-05.04.35:992][912]LogModuleManager: Shutting down and abandoning module DataValidation (262)
[2018.06.16-05.04.35:993][912]LogModuleManager: Shutting down and abandoning module AssetManagerEditor (260)
[2018.06.16-05.04.35:993][912]LogModuleManager: Shutting down and abandoning module LevelEditor (259)
[2018.06.16-05.04.36:097][912]LogModuleManager: Shutting down and abandoning module PixelInspectorModule (258)
[2018.06.16-05.04.36:098][912]LogModuleManager: Shutting down and abandoning module CommonMenuExtensions (256)
[2018.06.16-05.04.36:110][912]LogModuleManager: Shutting down and abandoning module MainFrame (254)
[2018.06.16-05.04.36:111][912]LogModuleManager: Shutting down and abandoning module HotReload (253)
[2018.06.16-05.04.36:112][912]LogModuleManager: Shutting down and abandoning module ContentBrowser (249)
[2018.06.16-05.04.36:195][912]LogModuleManager: Shutting down and abandoning module TreeMap (247)
[2018.06.16-05.04.36:195][912]LogModuleManager: Shutting down and abandoning module LightPropagationVolumeRuntime (244)
[2018.06.16-05.04.36:195][912]LogModuleManager: Shutting down and abandoning module LiveLinkEditor (242)
[2018.06.16-05.04.36:196][912]LogModuleManager: Shutting down and abandoning module LiveLink (240)
[2018.06.16-05.04.36:870][912]LogModuleManager: Shutting down and abandoning module Paper2D (238)
[2018.06.16-05.04.36:870][912]LogModuleManager: Shutting down and abandoning module WindowsMoviePlayer (236)
[2018.06.16-05.04.36:871][912]LogModuleManager: Shutting down and abandoning module WmfMedia (234)
[2018.06.16-05.04.36:883][912]LogModuleManager: Shutting down and abandoning module PacketHandler (232)
[2018.06.16-05.04.36:883][912]LogModuleManager: Shutting down and abandoning module ClothingSystemEditor (230)
[2018.06.16-05.04.36:888][912]LogModuleManager: Shutting down and abandoning module ClothingSystemRuntime (228)
[2018.06.16-05.04.36:893][912]LogModuleManager: Shutting down and abandoning module MediaAssets (226)
[2018.06.16-05.04.36:893][912]LogModuleManager: Shutting down and abandoning module Media (225)
[2018.06.16-05.04.36:909][912]LogModuleManager: Shutting down and abandoning module Overlay (222)
[2018.06.16-05.04.36:909][912]LogModuleManager: Shutting down and abandoning module OverlayEditor (221)
[2018.06.16-05.04.36:909][912]LogModuleManager: Shutting down and abandoning module VREditor (218)
[2018.06.16-05.04.36:911][912]LogModuleManager: Shutting down and abandoning module StringTableEditor (216)
[2018.06.16-05.04.36:911][912]LogModuleManager: Shutting down and abandoning module GameplayTasksEditor (214)
[2018.06.16-05.04.36:911][912]LogModuleManager: Shutting down and abandoning module BehaviorTreeEditor (212)
[2018.06.16-05.04.36:913][912]LogModuleManager: Shutting down and abandoning module FunctionalTesting (210)
[2018.06.16-05.04.36:913][912]LogModuleManager: Shutting down and abandoning module CollisionAnalyzer (208)
[2018.06.16-05.04.36:920][912]LogModuleManager: Shutting down and abandoning module WorkspaceMenuStructure (207)
[2018.06.16-05.04.36:922][912]LogModuleManager: Shutting down and abandoning module UMG (204)
[2018.06.16-05.04.36:925][912]LogModuleManager: Shutting down and abandoning module UMGEditor (203)
[2018.06.16-05.04.36:926][912]LogModuleManager: Shutting down and abandoning module Sequencer (202)
[2018.06.16-05.04.36:947][912]LogModuleManager: Shutting down and abandoning module MessageLog (199)
[2018.06.16-05.04.36:947][912]LogModuleManager: Shutting down and abandoning module SlateReflector (194)
[2018.06.16-05.04.36:950][912]LogModuleManager: Shutting down and abandoning module Slate (192)
[2018.06.16-05.04.36:950][912]LogModuleManager: Shutting down and abandoning module EditorStyle (190)
[2018.06.16-05.04.37:030][912]LogModuleManager: Shutting down and abandoning module MRMesh (188)
[2018.06.16-05.04.37:030][912]LogModuleManager: Shutting down and abandoning module SourceCodeAccess (186)
[2018.06.16-05.04.37:030][912]LogModuleManager: Shutting down and abandoning module HeadMountedDisplay (184)
[2018.06.16-05.04.37:030][912]LogModuleManager: Shutting down and abandoning module XAudio2 (182)
[2018.06.16-05.04.37:030][912]LogModuleManager: Shutting down and abandoning module Networking (180)
[2018.06.16-05.04.37:031][912]LogModuleManager: Shutting down and abandoning module Core (178)
[2018.06.16-05.04.37:031][912]LogModuleManager: Shutting down and abandoning module LevelSequence (176)
[2018.06.16-05.04.37:031][912]LogModuleManager: Shutting down and abandoning module KismetCompiler (174)
[2018.06.16-05.04.37:031][912]LogModuleManager: Shutting down and abandoning module MeshUtilities (172)
[2018.06.16-05.04.37:032][912]LogModuleManager: Shutting down and abandoning module MeshMergeUtilities (171)
[2018.06.16-05.04.37:033][912]LogModuleManager: Shutting down and abandoning module MeshReductionInterface (170)
[2018.06.16-05.04.37:033][912]LogModuleManager: Shutting down and abandoning module SimplygonSwarm (169)
[2018.06.16-05.04.37:034][912]LogModuleManager: Shutting down and abandoning module SimplygonMeshReduction (167)
[2018.06.16-05.04.37:035][912]LogModuleManager: Shutting down and abandoning module QuadricMeshReduction (165)
[2018.06.16-05.04.37:035][912]LogModuleManager: Shutting down and abandoning module MaterialBaking (161)
[2018.06.16-05.04.37:036][912]LogModuleManager: Shutting down and abandoning module DirectoryWatcher (157)
[2018.06.16-05.04.37:196][912]LogModuleManager: Shutting down and abandoning module DerivedDataCache (154)
[2018.06.16-05.04.37:289][912]LogDerivedDataCache: Shutdown
[2018.06.16-05.04.37:289][912]LogModuleManager: Shutting down and abandoning module XGEController (152)
[2018.06.16-05.04.37:311][912]LogXGEController: Cleaning working directory: C:/Users/Tyrone/AppData/Local/Temp/UnrealXGEWorkingDir/
[2018.06.16-05.04.37:332][912]LogModuleManager: Shutting down and abandoning module TargetPlatform (150)
[2018.06.16-05.04.37:350][912]LogModuleManager: Shutting down and abandoning module VulkanShaderFormat (149)
[2018.06.16-05.04.37:351][912]LogModuleManager: Shutting down and abandoning module ShaderFormatVectorVM (147)
[2018.06.16-05.04.37:360][912]LogModuleManager: Shutting down and abandoning module ShaderFormatOpenGL (145)
[2018.06.16-05.04.37:361][912]LogModuleManager: Shutting down and abandoning module ShaderFormatD3D (143)
[2018.06.16-05.04.37:361][912]LogModuleManager: Shutting down and abandoning module MetalShaderFormat (141)
[2018.06.16-05.04.37:362][912]LogModuleManager: Shutting down and abandoning module TextureFormatUncompressed (139)
[2018.06.16-05.04.37:362][912]LogModuleManager: Shutting down and abandoning module TextureFormatPVR (137)
[2018.06.16-05.04.37:369][912]LogModuleManager: Shutting down and abandoning module TextureFormatDXT (135)
[2018.06.16-05.04.37:375][912]LogModuleManager: Shutting down and abandoning module TextureFormatIntelISPCTexComp (133)
[2018.06.16-05.04.37:381][912]LogModuleManager: Shutting down and abandoning module TextureFormatASTC (131)
[2018.06.16-05.04.37:382][912]LogModuleManager: Shutting down and abandoning module ImageWrapper (130)
[2018.06.16-05.04.37:382][912]LogModuleManager: Shutting down and abandoning module TextureFormatAndroid (127)
[2018.06.16-05.04.37:382][912]LogModuleManager: Shutting down and abandoning module AudioFormatOpus (125)
[2018.06.16-05.04.37:392][912]LogModuleManager: Shutting down and abandoning module AudioFormatOgg (123)
[2018.06.16-05.04.37:401][912]LogModuleManager: Shutting down and abandoning module AudioFormatADPCM (121)
[2018.06.16-05.04.37:417][912]LogModuleManager: Shutting down and abandoning module LinuxTargetPlatform (119)
[2018.06.16-05.04.37:422][912]LogModuleManager: Shutting down and abandoning module LinuxServerTargetPlatform (117)
[2018.06.16-05.04.37:422][912]LogModuleManager: Shutting down and abandoning module LinuxNoEditorTargetPlatform (115)
[2018.06.16-05.04.37:423][912]LogModuleManager: Shutting down and abandoning module LinuxClientTargetPlatform (113)
[2018.06.16-05.04.37:423][912]LogModuleManager: Shutting down and abandoning module TVOSTargetPlatform (111)
[2018.06.16-05.04.37:424][912]LogModuleManager: Shutting down and abandoning module Messaging (109)
[2018.06.16-05.04.37:432][912]LogModuleManager: Shutting down and abandoning module IOSTargetPlatform (107)
[2018.06.16-05.04.37:432][912]LogModuleManager: Shutting down and abandoning module HTML5TargetPlatform (105)
[2018.06.16-05.04.37:433][912]LogModuleManager: Shutting down and abandoning module AndroidTargetPlatform (103)
[2018.06.16-05.04.37:433][912]LogModuleManager: Shutting down and abandoning module Android_PVRTCTargetPlatform (101)
[2018.06.16-05.04.37:433][912]LogModuleManager: Shutting down and abandoning module Android_MultiTargetPlatform (99)
[2018.06.16-05.04.37:433][912]LogModuleManager: Shutting down and abandoning module Android_ETC2TargetPlatform (97)
[2018.06.16-05.04.37:433][912]LogModuleManager: Shutting down and abandoning module Android_ETC1TargetPlatform (95)
[2018.06.16-05.04.37:433][912]LogModuleManager: Shutting down and abandoning module Android_ETC1aTargetPlatform (93)
[2018.06.16-05.04.37:433][912]LogModuleManager: Shutting down and abandoning module Android_DXTTargetPlatform (91)
[2018.06.16-05.04.37:433][912]LogModuleManager: Shutting down and abandoning module Android_ATCTargetPlatform (89)
[2018.06.16-05.04.37:433][912]LogModuleManager: Shutting down and abandoning module Android_ASTCTargetPlatform (87)
[2018.06.16-05.04.37:433][912]LogModuleManager: Shutting down and abandoning module WindowsTargetPlatform (85)
[2018.06.16-05.04.37:433][912]LogModuleManager: Shutting down and abandoning module WindowsServerTargetPlatform (83)
[2018.06.16-05.04.37:433][912]LogModuleManager: Shutting down and abandoning module WindowsNoEditorTargetPlatform (81)
[2018.06.16-05.04.37:434][912]LogModuleManager: Shutting down and abandoning module WindowsClientTargetPlatform (79)
[2018.06.16-05.04.37:434][912]LogModuleManager: Shutting down and abandoning module MacTargetPlatform (77)
[2018.06.16-05.04.37:439][912]LogModuleManager: Shutting down and abandoning module MacServerTargetPlatform (75)
[2018.06.16-05.04.37:439][912]LogModuleManager: Shutting down and abandoning module MacNoEditorTargetPlatform (73)
[2018.06.16-05.04.37:440][912]LogModuleManager: Shutting down and abandoning module MacClientTargetPlatform (71)
[2018.06.16-05.04.37:440][912]LogModuleManager: Shutting down and abandoning module AllDesktopTargetPlatform (69)
[2018.06.16-05.04.37:440][912]LogModuleManager: Shutting down and abandoning module InputCore (66)
[2018.06.16-05.04.37:440][912]LogModuleManager: Shutting down and abandoning module Settings (64)
[2018.06.16-05.04.37:440][912]LogModuleManager: Shutting down and abandoning module PhysXCooking (62)
[2018.06.16-05.04.37:440][912]LogModuleManager: Shutting down and abandoning module SteamVR (60)
[2018.06.16-05.04.37:440][912]LogModuleManager: Shutting down and abandoning module OculusHMD (58)
[2018.06.16-05.04.37:441][912]LogModuleManager: Shutting down and abandoning module ExampleDeviceProfileSelector (56)
[2018.06.16-05.04.37:448][912]LogModuleManager: Shutting down and abandoning module AppleARKit (54)
[2018.06.16-05.04.37:448][912]LogModuleManager: Shutting down and abandoning module AugmentedReality (51)
[2018.06.16-05.04.37:448][912]LogModuleManager: Shutting down and abandoning module OnlineBlueprintSupport (48)
[2018.06.16-05.04.37:448][912]LogModuleManager: Shutting down and abandoning module OnlineSubsystem (44)
[2018.06.16-05.04.37:450][912]LogModuleManager: Shutting down and abandoning module XMPP (43)
[2018.06.16-05.04.37:452][912]LogModuleManager: Shutting down and abandoning module HTTP (41)
[2018.06.16-05.04.37:452][912]LogHttp: Display: Http module shutting down, but needs to wait on 1 outstanding Http requests:
[2018.06.16-05.04.37:452][912]LogHttp: Display: 	verb=[POST] url=[https://datarouter.ol.epicgames.com/datarouter/api/v1/public/data?SessionID=%7BA0DD323D-4EC2-C13F-22C0-769DA76DB071%7D&AppID=UEEditor.Rocket.Release&AppVersion=4.19.0-3944462%2B%2B%2BUE4%2BRelease-4.19&UserID=7604bb244ac4635f854ff4957451a75c%7C4f43e5917cc24c80aa80b74866912d9d%7C651f25d6-3cca-4a0b-9c9a-74cefa8a7ded&AppEnvironment=datacollector-binary&UploadType=eteventstream] status=Processing
[2018.06.16-05.04.37:532][912]LogModuleManager: Shutting down and abandoning module SSL (40)
[2018.06.16-05.04.37:597][912]LogModuleManager: Shutting down and abandoning module AnimationModifiers (36)
[2018.06.16-05.04.37:598][912]LogModuleManager: Shutting down and abandoning module PropertyEditor (35)
[2018.06.16-05.04.37:620][912]LogModuleManager: Shutting down and abandoning module AudioEditor (32)
[2018.06.16-05.04.37:621][912]LogModuleManager: Shutting down and abandoning module TextureCompressor (30)
[2018.06.16-05.04.37:632][912]LogModuleManager: Shutting down and abandoning module ShaderCore (28)
[2018.06.16-05.04.37:632][912]LogModuleManager: Shutting down and abandoning module Landscape (26)
[2018.06.16-05.04.37:632][912]LogModuleManager: Shutting down and abandoning module SlateRHIRenderer (24)
[2018.06.16-05.04.37:725][912]LogModuleManager: Shutting down and abandoning module OpenGLDrv (22)
[2018.06.16-05.04.37:726][912]LogModuleManager: Shutting down and abandoning module D3D11RHI (20)
[2018.06.16-05.04.37:726][912]LogModuleManager: Shutting down and abandoning module AnimGraphRuntime (18)
[2018.06.16-05.04.37:726][912]LogModuleManager: Shutting down and abandoning module Renderer (16)
[2018.06.16-05.04.37:726][912]LogModuleManager: Shutting down and abandoning module Engine (14)
[2018.06.16-05.04.37:726][912]LogModuleManager: Shutting down and abandoning module CoreUObject (12)
[2018.06.16-05.04.37:729][912]LogModuleManager: Shutting down and abandoning module NetworkFile (10)
[2018.06.16-05.04.37:731][912]LogModuleManager: Shutting down and abandoning module CookedIterativeFile (8)
[2018.06.16-05.04.37:731][912]LogModuleManager: Shutting down and abandoning module StreamingFile (6)
[2018.06.16-05.04.37:732][912]LogModuleManager: Shutting down and abandoning module SandboxFile (4)
[2018.06.16-05.04.37:732][912]LogModuleManager: Shutting down and abandoning module PakFile (2)
[2018.06.16-05.04.37:773][912]LogExit: Exiting.
[2018.06.16-05.04.38:146][912]Log file closed, 06/16/18 01:04:38
