Log file open, 06/16/18 13:28:29
LogWindows: Failed to load 'aqProf.dll' (GetLastError=126)
LogWindows: File 'aqProf.dll' does not exist
LogWindows: Failed to load 'VtuneApi.dll' (GetLastError=126)
LogWindows: File 'VtuneApi.dll' does not exist
LogWindows: Failed to load 'VtuneApi32e.dll' (GetLastError=126)
LogWindows: File 'VtuneApi32e.dll' does not exist
LogInit: Display: Running engine for game: SalemWitchTrials
LogPlatformFile: Not using cached read wrapper
LogInit: Display: RandInit(1122493682) SRandInit(1122493682).
LogInit: Read version file with build ID '3944462'
LogInit: Overriding engine version to CL 4033788, compatible CL 3944462
LogInit: Registered custom module enumerator with build ID '3944462'
LogTaskGraph: Started task graph with 5 named threads and 8 total threads with 3 sets of task threads.
LogStats: Stats thread started at 0.125774
LogD3D11RHI: Aftermath initialized
LogICUInternationalization: Display: ICU TimeZone Detection - Raw Offset: -5:00, Platform Override: ''
LogModuleManager: Display: Found up-to-date module file ../../../Engine/Plugins/2D/Paper2D/Binaries/Win64/UE4Editor-Paper2D.dll (API version 3944462).
LogModuleManager: Display: Found up-to-date module file ../../../Engine/Plugins/2D/Paper2D/Binaries/Win64/UE4Editor-Paper2DEditor.dll (API version 3944462).
LogModuleManager: Display: Found up-to-date module file ../../../Engine/Plugins/2D/Paper2D/Binaries/Win64/UE4Editor-PaperSpriteSheetImporter.dll (API version 3944462).
LogModuleManager: Display: Found up-to-date module file ../../../Engine/Plugins/2D/Paper2D/Binaries/Win64/UE4Editor-PaperTiledImporter.dll (API version 3944462).
LogModuleManager: Display: Found up-to-date module file ../../../Engine/Plugins/2D/Paper2D/Binaries/Win64/UE4Editor-SmartSnapping.dll (API version 3944462).
LogModuleManager: Display: Found up-to-date module file ../../../Engine/Plugins/Blendables/LightPropagationVolume/Binaries/Win64/UE4Editor-LightPropagationVolumeRuntime.dll (API version 3944462).
LogModuleManager: Display: Found up-to-date module file ../../../Engine/Plugins/Blendables/LightPropagationVolume/Binaries/Win64/UE4Editor-LightPropagationVolumeEditor.dll (API version 3944462).
LogModuleManager: Display: Found up-to-date module file ../../../Engine/Plugins/Developer/CLionSourceCodeAccess/Binaries/Win64/UE4Editor-CLionSourceCodeAccess.dll (API version 3944462).
LogModuleManager: Display: Found up-to-date module file ../../../Engine/Plugins/Developer/GitSourceControl/Binaries/Win64/UE4Editor-GitSourceControl.dll (API version 3944462).
LogModuleManager: Display: Found up-to-date module file ../../../Engine/Plugins/Developer/PerforceSourceControl/Binaries/Win64/UE4Editor-PerforceSourceControl.dll (API version 3944462).
LogModuleManager: Display: Found up-to-date module file ../../../Engine/Plugins/Developer/SubversionSourceControl/Binaries/Win64/UE4Editor-SubversionSourceControl.dll (API version 3944462).
LogModuleManager: Display: Found up-to-date module file ../../../Engine/Plugins/Developer/UObjectPlugin/Binaries/Win64/UE4Editor-UObjectPlugin.dll (API version 3944462).
LogModuleManager: Display: Found up-to-date module file ../../../Engine/Plugins/Developer/VisualStudioCodeSourceCodeAccess/Binaries/Win64/UE4Editor-VisualStudioCodeSourceCodeAccess.dll (API version 3944462).
LogModuleManager: Display: Found up-to-date module file ../../../Engine/Plugins/Developer/VisualStudioSourceCodeAccess/Binaries/Win64/UE4Editor-VisualStudioSourceCodeAccess.dll (API version 3944462).
LogModuleManager: Display: Found up-to-date module file ../../../Engine/Plugins/Editor/AssetManagerEditor/Binaries/Win64/UE4Editor-AssetManagerEditor.dll (API version 3944462).
LogModuleManager: Display: Found up-to-date module file ../../../Engine/Plugins/Editor/CryptoKeys/Binaries/Win64/UE4Editor-CryptoKeys.dll (API version 3944462).
LogModuleManager: Display: Found up-to-date module file ../../../Engine/Plugins/Editor/CryptoKeys/Binaries/Win64/UE4Editor-CryptoKeysOpenSSL.dll (API version 3944462).
LogModuleManager: Display: Found up-to-date module file ../../../Engine/Plugins/Editor/DataValidation/Binaries/Win64/UE4Editor-DataValidation.dll (API version 3944462).
LogModuleManager: Display: Found up-to-date module file ../../../Engine/Plugins/Editor/FacialAnimation/Binaries/Win64/UE4Editor-FacialAnimation.dll (API version 3944462).
LogModuleManager: Display: Found up-to-date module file ../../../Engine/Plugins/Editor/FacialAnimation/Binaries/Win64/UE4Editor-FacialAnimationEditor.dll (API version 3944462).
LogModuleManager: Display: Found up-to-date module file ../../../Engine/Plugins/Editor/GameplayTagsEditor/Binaries/Win64/UE4Editor-GameplayTagsEditor.dll (API version 3944462).
LogModuleManager: Display: Found up-to-date module file ../../../Engine/Plugins/Editor/MobileLauncherProfileWizard/Binaries/Win64/UE4Editor-MobileLauncherProfileWizard.dll (API version 3944462).
LogModuleManager: Display: Found up-to-date module file ../../../Engine/Plugins/Editor/PluginBrowser/Binaries/Win64/UE4Editor-PluginBrowser.dll (API version 3944462).
LogModuleManager: Display: Found up-to-date module file ../../../Engine/Plugins/Editor/SpeedTreeImporter/Binaries/Win64/UE4Editor-SpeedTreeImporter.dll (API version 3944462).
LogModuleManager: Display: Found up-to-date module file ../../../Engine/Plugins/Enterprise/DatasmithContent/Binaries/Win64/UE4Editor-DatasmithContent.dll (API version 3944462).
LogModuleManager: Display: Found up-to-date module file ../../../Engine/Plugins/Experimental/AlembicImporter/Binaries/Win64/UE4Editor-AlembicImporter.dll (API version 3944462).
LogModuleManager: Display: Found up-to-date module file ../../../Engine/Plugins/Experimental/AlembicImporter/Binaries/Win64/UE4Editor-AlembicLibrary.dll (API version 3944462).
LogModuleManager: Display: Found up-to-date module file ../../../Engine/Plugins/Experimental/CharacterAI/Binaries/Win64/UE4Editor-CharacterAI.dll (API version 3944462).
LogModuleManager: Display: Found up-to-date module file ../../../Engine/Plugins/Experimental/HTML5Networking/Binaries/Win64/UE4Editor-HTML5Networking.dll (API version 3944462).
LogModuleManager: Display: Found up-to-date module file ../../../Engine/Plugins/Media/AndroidMedia/Binaries/Win64/UE4Editor-AndroidMediaEditor.dll (API version 3944462).
LogModuleManager: Display: Found up-to-date module file ../../../Engine/Plugins/Media/AndroidMedia/Binaries/Win64/UE4Editor-AndroidMediaFactory.dll (API version 3944462).
LogModuleManager: Display: Found up-to-date module file ../../../Engine/Plugins/Media/AvfMedia/Binaries/Win64/UE4Editor-AvfMediaEditor.dll (API version 3944462).
LogModuleManager: Display: Found up-to-date module file ../../../Engine/Plugins/Media/AvfMedia/Binaries/Win64/UE4Editor-AvfMediaFactory.dll (API version 3944462).
LogModuleManager: Display: Found up-to-date module file ../../../Engine/Plugins/Media/AvfMedia/Binaries/Win64/UE4Editor-AvfMediaFactory.dll (API version 3944462).
LogModuleManager: Display: Found up-to-date module file ../../../Engine/Plugins/Media/ImgMedia/Binaries/Win64/UE4Editor-ImgMedia.dll (API version 3944462).
LogModuleManager: Display: Found up-to-date module file ../../../Engine/Plugins/Media/ImgMedia/Binaries/Win64/UE4Editor-ImgMediaEditor.dll (API version 3944462).
LogModuleManager: Display: Found up-to-date module file ../../../Engine/Plugins/Media/ImgMedia/Binaries/Win64/UE4Editor-ImgMediaFactory.dll (API version 3944462).
LogModuleManager: Display: Found up-to-date module file ../../../Engine/Plugins/Media/ImgMedia/Binaries/Win64/UE4Editor-ImgMediaFactory.dll (API version 3944462).
LogModuleManager: Display: Found up-to-date module file ../../../Engine/Plugins/Media/ImgMedia/Binaries/Win64/UE4Editor-OpenExrWrapper.dll (API version 3944462).
LogModuleManager: Display: Found up-to-date module file ../../../Engine/Plugins/Media/LinearTimecode/Binaries/Win64/UE4Editor-LinearTimecode.dll (API version 3944462).
LogModuleManager: Display: Found up-to-date module file ../../../Engine/Plugins/Media/MediaCompositing/Binaries/Win64/UE4Editor-MediaCompositing.dll (API version 3944462).
LogModuleManager: Display: Found up-to-date module file ../../../Engine/Plugins/Media/MediaCompositing/Binaries/Win64/UE4Editor-MediaCompositingEditor.dll (API version 3944462).
LogModuleManager: Display: Found up-to-date module file ../../../Engine/Plugins/Media/MediaPlayerEditor/Binaries/Win64/UE4Editor-MediaPlayerEditor.dll (API version 3944462).
LogModuleManager: Display: Found up-to-date module file ../../../Engine/Plugins/Media/WmfMedia/Binaries/Win64/UE4Editor-WmfMedia.dll (API version 3944462).
LogModuleManager: Display: Found up-to-date module file ../../../Engine/Plugins/Media/WmfMedia/Binaries/Win64/UE4Editor-WmfMediaEditor.dll (API version 3944462).
LogModuleManager: Display: Found up-to-date module file ../../../Engine/Plugins/Media/WmfMedia/Binaries/Win64/UE4Editor-WmfMediaFactory.dll (API version 3944462).
LogModuleManager: Display: Found up-to-date module file ../../../Engine/Plugins/Media/WmfMedia/Binaries/Win64/UE4Editor-WmfMediaFactory.dll (API version 3944462).
LogModuleManager: Display: Found up-to-date module file ../../../Engine/Plugins/Messaging/TcpMessaging/Binaries/Win64/UE4Editor-TcpMessaging.dll (API version 3944462).
LogModuleManager: Display: Found up-to-date module file ../../../Engine/Plugins/Messaging/UdpMessaging/Binaries/Win64/UE4Editor-UdpMessaging.dll (API version 3944462).
LogModuleManager: Display: Found up-to-date module file ../../../Engine/Plugins/MovieScene/ActorSequence/Binaries/Win64/UE4Editor-ActorSequence.dll (API version 3944462).
LogModuleManager: Display: Found up-to-date module file ../../../Engine/Plugins/MovieScene/LevelSequenceEditor/Binaries/Win64/UE4Editor-LevelSequenceEditor.dll (API version 3944462).
LogModuleManager: Display: Found up-to-date module file ../../../Engine/Plugins/MovieScene/MatineeToLevelSequence/Binaries/Win64/UE4Editor-MatineeToLevelSequence.dll (API version 3944462).
LogModuleManager: Display: Found up-to-date module file ../../../Engine/Plugins/NetcodeUnitTest/NetcodeUnitTest/Binaries/Win64/UE4Editor-NetcodeUnitTest.dll (API version 3944462).
LogModuleManager: Display: Found up-to-date module file ../../../Engine/Plugins/NetcodeUnitTest/NUTUnrealEngine4/Binaries/Win64/UE4Editor-NUTUnrealEngine4.dll (API version 3944462).
LogModuleManager: Display: Found up-to-date module file ../../../Engine/Plugins/Online/OnlineSubsystem/Binaries/Win64/UE4Editor-OnlineSubsystem.dll (API version 3944462).
LogModuleManager: Display: Found up-to-date module file ../../../Engine/Plugins/Runtime/AndroidPermission/Binaries/Win64/UE4Editor-AndroidPermission.dll (API version 3944462).
LogModuleManager: Display: Found up-to-date module file ../../../Engine/Plugins/Online/OnlineSubsystemNull/Binaries/Win64/UE4Editor-OnlineSubsystemNull.dll (API version 3944462).
LogModuleManager: Display: Found up-to-date module file ../../../Engine/Plugins/Online/OnlineSubsystemUtils/Binaries/Win64/UE4Editor-OnlineSubsystemUtils.dll (API version 3944462).
LogModuleManager: Display: Found up-to-date module file ../../../Engine/Plugins/Online/OnlineSubsystemUtils/Binaries/Win64/UE4Editor-OnlineBlueprintSupport.dll (API version 3944462).
LogModuleManager: Display: Found up-to-date module file ../../../Engine/Plugins/Runtime/AndroidDeviceProfileSelector/Binaries/Win64/UE4Editor-AndroidDeviceProfileSelector.dll (API version 3944462).
LogModuleManager: Display: Found up-to-date module file ../../../Engine/Plugins/Runtime/AppleARKit/Binaries/Win64/UE4Editor-AppleARKit.dll (API version 3944462).
LogModuleManager: Display: Found up-to-date module file ../../../Engine/Plugins/Runtime/ProceduralMeshComponent/Binaries/Win64/UE4Editor-ProceduralMeshComponent.dll (API version 3944462).
LogModuleManager: Display: Found up-to-date module file ../../../Engine/Plugins/Runtime/ProceduralMeshComponent/Binaries/Win64/UE4Editor-ProceduralMeshComponentEditor.dll (API version 3944462).
LogModuleManager: Display: Found up-to-date module file ../../../Engine/Plugins/Animation/LiveLink/Binaries/Win64/UE4Editor-LiveLink.dll (API version 3944462).
LogModuleManager: Display: Found up-to-date module file ../../../Engine/Plugins/Animation/LiveLink/Binaries/Win64/UE4Editor-LiveLinkEditor.dll (API version 3944462).
LogModuleManager: Display: Found up-to-date module file ../../../Engine/Plugins/Runtime/ArchVisCharacter/Binaries/Win64/UE4Editor-ArchVisCharacter.dll (API version 3944462).
LogModuleManager: Display: Found up-to-date module file ../../../Engine/Plugins/Runtime/AudioCapture/Binaries/Win64/UE4Editor-AudioCapture.dll (API version 3944462).
LogModuleManager: Display: Found up-to-date module file ../../../Engine/Plugins/Runtime/AudioCapture/Binaries/Win64/UE4Editor-AudioCaptureEditor.dll (API version 3944462).
LogModuleManager: Display: Found up-to-date module file ../../../Engine/Plugins/Runtime/CableComponent/Binaries/Win64/UE4Editor-CableComponent.dll (API version 3944462).
LogModuleManager: Display: Found up-to-date module file ../../../Engine/Plugins/Runtime/CustomMeshComponent/Binaries/Win64/UE4Editor-CustomMeshComponent.dll (API version 3944462).
LogModuleManager: Display: Found up-to-date module file ../../../Engine/Plugins/Runtime/ExampleDeviceProfileSelector/Binaries/Win64/UE4Editor-ExampleDeviceProfileSelector.dll (API version 3944462).
LogModuleManager: Display: Found up-to-date module file ../../../Engine/Plugins/Runtime/ImmediatePhysics/Binaries/Win64/UE4Editor-ImmediatePhysics.dll (API version 3944462).
LogModuleManager: Display: Found up-to-date module file ../../../Engine/Plugins/Runtime/ImmediatePhysics/Binaries/Win64/UE4Editor-ImmediatePhysicsEditor.dll (API version 3944462).
LogModuleManager: Display: Found up-to-date module file ../../../Engine/Plugins/Runtime/LocationServicesBPLibrary/Binaries/Win64/UE4Editor-LocationServicesBPLibrary.dll (API version 3944462).
LogModuleManager: Display: Found up-to-date module file ../../../Engine/Plugins/Runtime/MobilePatchingUtils/Binaries/Win64/UE4Editor-MobilePatchingUtils.dll (API version 3944462).
LogModuleManager: Display: Found up-to-date module file ../../../Engine/Plugins/Runtime/Oculus/OculusVR/Binaries/Win64/UE4Editor-OculusHMD.dll (API version 3944462).
LogModuleManager: Display: Found up-to-date module file ../../../Engine/Plugins/Runtime/Oculus/OculusVR/Binaries/Win64/UE4Editor-OculusInput.dll (API version 3944462).
LogModuleManager: Display: Found up-to-date module file ../../../Engine/Plugins/Runtime/Oculus/OculusVR/Binaries/Win64/UE4Editor-OculusEditor.dll (API version 3944462).
LogModuleManager: Display: Found up-to-date module file ../../../Engine/Plugins/Runtime/PhysXVehicles/Binaries/Win64/UE4Editor-PhysXVehicles.dll (API version 3944462).
LogModuleManager: Display: Found up-to-date module file ../../../Engine/Plugins/Runtime/PhysXVehicles/Binaries/Win64/UE4Editor-PhysXVehiclesEditor.dll (API version 3944462).
LogModuleManager: Display: Found up-to-date module file ../../../Engine/Plugins/Runtime/RuntimePhysXCooking/Binaries/Win64/UE4Editor-RuntimePhysXCooking.dll (API version 3944462).
LogModuleManager: Display: Found up-to-date module file ../../../Engine/Plugins/Runtime/Steam/SteamVR/Binaries/Win64/UE4Editor-SteamVR.dll (API version 3944462).
LogModuleManager: Display: Found up-to-date module file ../../../Engine/Plugins/Runtime/Steam/SteamVR/Binaries/Win64/UE4Editor-SteamVRController.dll (API version 3944462).
LogModuleManager: Display: Found up-to-date module file ../../../Engine/Plugins/Runtime/WindowsMoviePlayer/Binaries/Win64/UE4Editor-WindowsMoviePlayer.dll (API version 3944462).
LogPluginManager: Mounting plugin Paper2D
LogPluginManager: Mounting plugin LiveLink
LogPluginManager: Mounting plugin LightPropagationVolume
LogPluginManager: Mounting plugin CLionSourceCodeAccess
LogPluginManager: Mounting plugin CodeLiteSourceCodeAccess
LogPluginManager: Mounting plugin GitSourceControl
LogPluginManager: Mounting plugin KDevelopSourceCodeAccess
LogPluginManager: Mounting plugin NullSourceCodeAccess
LogPluginManager: Mounting plugin PerforceSourceControl
LogPluginManager: Mounting plugin SubversionSourceControl
LogPluginManager: Mounting plugin UObjectPlugin
LogPluginManager: Mounting plugin VisualStudioCodeSourceCodeAccess
LogPluginManager: Mounting plugin VisualStudioSourceCodeAccess
LogPluginManager: Mounting plugin XCodeSourceCodeAccess
LogPluginManager: Mounting plugin AssetManagerEditor
LogPluginManager: Mounting plugin CryptoKeys
LogPluginManager: Mounting plugin DataValidation
LogPluginManager: Mounting plugin FacialAnimation
LogPluginManager: Mounting plugin GameplayTagsEditor
LogPluginManager: Mounting plugin MobileLauncherProfileWizard
LogPluginManager: Mounting plugin PluginBrowser
LogPluginManager: Mounting plugin SpeedTreeImporter
LogPluginManager: Mounting plugin DatasmithContent
LogPluginManager: Mounting plugin AlembicImporter
LogPluginManager: Mounting plugin CharacterAI
LogPluginManager: Mounting plugin HTML5Networking
LogPluginManager: Mounting plugin AndroidMedia
LogPluginManager: Mounting plugin AvfMedia
LogPluginManager: Mounting plugin ImgMedia
LogPluginManager: Mounting plugin LinearTimecode
LogPluginManager: Mounting plugin MediaCompositing
LogPluginManager: Mounting plugin MediaPlayerEditor
LogPluginManager: Mounting plugin WmfMedia
LogPluginManager: Mounting plugin TcpMessaging
LogPluginManager: Mounting plugin UdpMessaging
LogPluginManager: Mounting plugin ActorSequence
LogPluginManager: Mounting plugin LevelSequenceEditor
LogPluginManager: Mounting plugin MatineeToLevelSequence
LogPluginManager: Mounting plugin NetcodeUnitTest
LogPluginManager: Mounting plugin NUTUnrealEngine4
LogPluginManager: Mounting plugin OnlineSubsystemGooglePlay
LogPluginManager: Mounting plugin OnlineSubsystemIOS
LogPluginManager: Mounting plugin OnlineSubsystem
LogPluginManager: Mounting plugin OnlineSubsystemNull
LogPluginManager: Mounting plugin OnlineSubsystemUtils
LogPluginManager: Mounting plugin AndroidDeviceProfileSelector
LogPluginManager: Mounting plugin AndroidMoviePlayer
LogPluginManager: Mounting plugin AndroidPermission
LogPluginManager: Mounting plugin AppleARKit
LogPluginManager: Mounting plugin AppleMoviePlayer
LogPluginManager: Mounting plugin ArchVisCharacter
LogPluginManager: Mounting plugin AudioCapture
LogPluginManager: Mounting plugin CableComponent
LogPluginManager: Mounting plugin CustomMeshComponent
LogPluginManager: Mounting plugin ExampleDeviceProfileSelector
LogPluginManager: Mounting plugin GoogleCloudMessaging
LogPluginManager: Mounting plugin ImmediatePhysics
LogPluginManager: Mounting plugin IOSDeviceProfileSelector
LogPluginManager: Mounting plugin LinuxDeviceProfileSelector
LogPluginManager: Mounting plugin LocationServicesBPLibrary
LogPluginManager: Mounting plugin MobilePatchingUtils
LogPluginManager: Mounting plugin OculusVR
LogPluginManager: Plugin shader directory ../../../Engine/Plugins/Runtime/Oculus/OculusVR/Shaders found
LogPluginManager: Mapping shader source directory ../../../Engine/Plugins/Runtime/Oculus/OculusVR/Shaders to virtual directory /Plugin/OculusVR
LogPluginManager: Mounting plugin PhysXVehicles
LogPluginManager: Mounting plugin ProceduralMeshComponent
LogPluginManager: Mounting plugin RuntimePhysXCooking
LogPluginManager: Mounting plugin SteamVR
LogPluginManager: Mounting plugin WindowsMoviePlayer
LogStreaming: Display: Took  0.971s to configure plugins.
LogInit: Using libcurl 7.47.1
LogInit:  - built for x86_64-pc-win32
LogInit:  - supports SSL with OpenSSL/1.0.2g
LogInit:  - supports HTTP deflate (compression) using libz 1.2.8
LogInit:  - other features:
LogInit:      CURL_VERSION_SSL
LogInit:      CURL_VERSION_LIBZ
LogInit:      CURL_VERSION_IPV6
LogInit:      CURL_VERSION_ASYNCHDNS
LogInit:      CURL_VERSION_LARGEFILE
LogInit:      CURL_VERSION_IDN
LogInit:  CurlRequestOptions (configurable via config and command line):
LogInit:  - bVerifyPeer = false  - Libcurl will NOT verify peer certificate
LogInit:  - bUseHttpProxy = false  - Libcurl will NOT use HTTP proxy
LogInit:  - bDontReuseConnections = false  - Libcurl will reuse connections
LogInit:  - CertBundlePath = nullptr  - Libcurl will use whatever was configured at build time.
LogInit:  - MaxHostConnections = 16  - Libcurl will limit the number of connections to a host
LogInit:  - LocalHostAddr = Default
LogInit: WinSock: version 1.1 (2.2), MaxSocks=32767, MaxUdp=65467
LogInit: WinSock: I am DESKTOP-BJL68CN (10.0.0.134:0)
LogInit: Build: ++UE4+Release-4.19-CL-4033788
LogInit: Engine Version: 4.19.2-4033788+++UE4+Release-4.19
LogInit: Compatible Engine Version: 4.19.0-3944462+++UE4+Release-4.19
LogInit: Net CL: 3944462
LogDevObjectVersion: Number of dev versions registered: 18
LogDevObjectVersion:   Dev-Blueprints (B0D832E4-1F89-4F0D-ACCF-7EB736FD4AA2): 10
LogDevObjectVersion:   Dev-Build (E1C64328-A22C-4D53-A36C-8E866417BD8C): 0
LogDevObjectVersion:   Dev-Core (375EC13C-06E4-48FB-B500-84F0262A717E): 2
LogDevObjectVersion:   Dev-Editor (E4B068ED-F494-42E9-A231-DA0B2E46BB41): 23
LogDevObjectVersion:   Dev-Framework (CFFC743F-43B0-4480-9391-14DF171D2073): 33
LogDevObjectVersion:   Dev-Mobile (B02B49B5-BB20-44E9-A304-32B752E40360): 2
LogDevObjectVersion:   Dev-Networking (A4E4105C-59A1-49B5-A7C5-40C4547EDFEE): 0
LogDevObjectVersion:   Dev-Online (39C831C9-5AE6-47DC-9A44-9C173E1C8E7C): 0
LogDevObjectVersion:   Dev-Physics (78F01B33-EBEA-4F98-B9B4-84EACCB95AA2): 0
LogDevObjectVersion:   Dev-Platform (6631380F-2D4D-43E0-8009-CF276956A95A): 0
LogDevObjectVersion:   Dev-Rendering (12F88B9F-8875-4AFC-A67C-D90C383ABD29): 25
LogDevObjectVersion:   Dev-Sequencer (7B5AE74C-D270-4C10-A958-57980B212A5A): 6
LogDevObjectVersion:   Dev-VR (D7296918-1DD6-4BDD-9DE2-64A83CC13884): 1
LogDevObjectVersion:   Dev-LoadTimes (C2A15278-BFE7-4AFE-6C17-90FF531DF755): 1
LogDevObjectVersion:   Private-Geometry (6EACA3D4-40EC-4CC1-B786-8BED09428FC5): 2
LogDevObjectVersion:   Dev-AnimPhys (29E575DD-E0A3-4627-9D10-D276232CDCEA): 16
LogDevObjectVersion:   Dev-ReflectionCapture (6B266CEC-1EC7-4B8F-A30B-E4D90942FC07): 1
LogDevObjectVersion:   Dev-Automation (0DF73D61-A23F-47EA-B727-89E90C41499A): 1
LogInit: Compiled (64-bit): Apr 27 2018 02:06:57
LogInit: Compiled with Visual C++: 19.00.24215.01
LogInit: Build Configuration: Development
LogInit: Branch Name: ++UE4+Release-4.19
LogInit: Command Line:  
LogInit: Base Directory: C:/Program Files/Epic Games/UE_4.19/Engine/Binaries/Win64/
LogInit: Installed Engine Build: 1
LogStreaming: Display: Took  0.003s to delete old logs.
LogInit: Presizing for max 8388607 objects, including 0 objects not considered by GC, pre-allocating 0 bytes for permanent pool.
LogInit: Object subsystem initialized
[2018.06.16-17.28.30:810][  0]LogInit: Selected Device Profile: [Windows]
[2018.06.16-17.28.30:810][  0]LogInit: Applying CVar settings loaded from the selected device profile: [Windows]
[2018.06.16-17.28.30:831][  0]LogInit: Computer: DESKTOP-BJL68CN
[2018.06.16-17.28.30:831][  0]LogInit: User: Tyrone
[2018.06.16-17.28.30:831][  0]LogInit: CPU Page size=4096, Cores=2
[2018.06.16-17.28.30:831][  0]LogInit: High frequency timer resolution =3.124994 MHz
[2018.06.16-17.28.30:831][  0]LogMemory: Memory total: Physical=3.9GB (4GB approx)
[2018.06.16-17.28.30:832][  0]LogMemory: Platform Memory Stats for Windows
[2018.06.16-17.28.30:832][  0]LogMemory: Process Physical Memory: 272.38 MB used, 272.38 MB peak
[2018.06.16-17.28.30:832][  0]LogMemory: Process Virtual Memory: 265.70 MB used, 265.70 MB peak
[2018.06.16-17.28.30:832][  0]LogMemory: Physical Memory: 3047.98 MB used,  984.99 MB free, 4032.97 MB total
[2018.06.16-17.28.30:832][  0]LogMemory: Virtual Memory: 4778.52 MB used,  984.99 MB free, 134217728.00 MB total
[2018.06.16-17.28.30:865][  0]LogInit: Using OS detected language (en-US).
[2018.06.16-17.28.30:865][  0]LogInit: Using OS detected locale (en-US).
[2018.06.16-17.28.30:919][  0]LogTextLocalizationManager: No specific localization for 'en-US' exists, so the 'en' localization will be used.
[2018.06.16-17.28.31:411][  0]LogStreaming: Display: Took  0.546s to EndInitTextLocalization.
[2018.06.16-17.28.31:411][  0]LogInit: Setting process to per monitor DPI aware
[2018.06.16-17.28.31:483][  0]LogSlate: New Slate User Created.  User Index 0, Is Virtual User: 0
[2018.06.16-17.28.31:483][  0]LogSlate: Slate User Registered.  User Index 0, Is Virtual User: 0
[2018.06.16-17.28.33:261][  0]LogD3D11RHI: D3D11 adapters:
[2018.06.16-17.28.33:328][  0]LogD3D11RHI:    0. 'NVIDIA GeForce GT 1030' (Feature Level 11_0)
[2018.06.16-17.28.33:328][  0]LogD3D11RHI:       1982/0/2016 MB DedicatedVideo/DedicatedSystem/SharedSystem, Outputs:2, VendorId:0x10de
[2018.06.16-17.28.33:330][  0]LogD3D11RHI:    1. 'Microsoft Basic Render Driver' (Feature Level 11_0)
[2018.06.16-17.28.33:330][  0]LogD3D11RHI:       0/0/2016 MB DedicatedVideo/DedicatedSystem/SharedSystem, Outputs:0, VendorId:0x1414
[2018.06.16-17.28.33:330][  0]LogD3D11RHI: Chosen D3D11 Adapter: 0
[2018.06.16-17.28.33:336][  0]LogD3D11RHI: Creating new Direct3DDevice
[2018.06.16-17.28.33:336][  0]LogD3D11RHI:     GPU DeviceId: 0x1d01 (for the marketing name, search the web for "GPU Device Id")
[2018.06.16-17.28.33:336][  0]LogWindows: EnumDisplayDevices:
[2018.06.16-17.28.33:336][  0]LogWindows:    0. 'NVIDIA GeForce GT 1030' (P:1 D:1)
[2018.06.16-17.28.33:336][  0]LogWindows:    1. 'NVIDIA GeForce GT 1030' (P:0 D:1)
[2018.06.16-17.28.33:336][  0]LogWindows: DebugString: GetVideoDriverDetailsInvalid PrimaryIsNotTheChoosenAdapter GetVideoDriverDetailsInvalid PrimaryIsNotTheChoosenAdapter FoundDriverCount:0 
[2018.06.16-17.28.33:336][  0]LogD3D11RHI:     Adapter Name: NVIDIA GeForce GT 1030
[2018.06.16-17.28.33:336][  0]LogD3D11RHI:   Driver Version: Unknown (internal:Unknown, unified:Unknown)
[2018.06.16-17.28.33:336][  0]LogD3D11RHI:      Driver Date: Unknown
[2018.06.16-17.28.33:336][  0]LogRHI: Texture pool is 1387 MB (70% of 1982 MB)
[2018.06.16-17.28.33:371][  0]LogD3D11RHI: [Aftermath] Aftermath enabled and primed
[2018.06.16-17.28.33:371][  0]LogD3D11RHI: [Aftermath] Aftermath enabled and primed
[2018.06.16-17.28.33:371][  0]LogD3D11RHI: Async texture creation enabled
[2018.06.16-17.28.33:390][  0]LogD3D11RHI: GPU Timing Frequency: 1000.000000 (Debug: 2 2)
[2018.06.16-17.28.33:482][  0]LogShaderCompilers: Guid format shader working directory is -18 characters bigger than the processId version (../../../../../../Users/Tyrone/Documents/TankBattle/SalemWitchTrials/Intermediate/Shaders/WorkingDirectory/8/).
[2018.06.16-17.28.33:482][  0]LogShaderCompilers: Cleaned the shader compiler working directory 'C:/Users/Tyrone/AppData/Local/Temp/UnrealShaderWorkingDir/D23E7C5F44C9D65E45DA228D15360693/'.
[2018.06.16-17.28.33:815][  0]LogTemp: Display: Loaded TP AllDesktopTargetPlatform
[2018.06.16-17.28.33:828][  0]LogTemp: Display: Loaded TP MacClientTargetPlatform
[2018.06.16-17.28.33:841][  0]LogTemp: Display: Loaded TP MacNoEditorTargetPlatform
[2018.06.16-17.28.33:854][  0]LogTemp: Display: Loaded TP MacServerTargetPlatform
[2018.06.16-17.28.33:868][  0]LogTemp: Display: Loaded TP MacTargetPlatform
[2018.06.16-17.28.33:881][  0]LogTemp: Display: Loaded TP WindowsClientTargetPlatform
[2018.06.16-17.28.33:894][  0]LogTemp: Display: Loaded TP WindowsNoEditorTargetPlatform
[2018.06.16-17.28.33:907][  0]LogTemp: Display: Loaded TP WindowsServerTargetPlatform
[2018.06.16-17.28.33:914][  0]LogTemp: Display: Loaded TP WindowsTargetPlatform
[2018.06.16-17.28.33:925][  0]LogTemp: Display: Loaded TP Android_ASTCTargetPlatform
[2018.06.16-17.28.33:937][  0]LogTemp: Display: Loaded TP Android_ATCTargetPlatform
[2018.06.16-17.28.33:948][  0]LogTemp: Display: Loaded TP Android_DXTTargetPlatform
[2018.06.16-17.28.33:960][  0]LogTemp: Display: Loaded TP Android_ETC1aTargetPlatform
[2018.06.16-17.28.33:971][  0]LogTemp: Display: Loaded TP Android_ETC1TargetPlatform
[2018.06.16-17.28.33:982][  0]LogTemp: Display: Loaded TP Android_ETC2TargetPlatform
[2018.06.16-17.28.34:005][  0]LogTemp: Display: Loaded TP Android_MultiTargetPlatform
[2018.06.16-17.28.34:005][  0]LogTemp: Display: Loaded TP Android_PVRTCTargetPlatform
[2018.06.16-17.28.34:021][  0]LogTemp: Display: Loaded TP AndroidTargetPlatform
[2018.06.16-17.28.34:022][  0]LogTemp: Display: Loaded TP HTML5TargetPlatform
[2018.06.16-17.28.34:064][  0]LogTemp: Display: Loaded TP IOSTargetPlatform
[2018.06.16-17.28.34:075][  0]LogTemp: Display: Loaded TP TVOSTargetPlatform
[2018.06.16-17.28.34:105][  0]LogTemp: Display: Loaded TP LinuxClientTargetPlatform
[2018.06.16-17.28.34:116][  0]LogTemp: Display: Loaded TP LinuxNoEditorTargetPlatform
[2018.06.16-17.28.34:127][  0]LogTemp: Display: Loaded TP LinuxServerTargetPlatform
[2018.06.16-17.28.34:143][  0]LogTemp: Display: Loaded TP LinuxTargetPlatform
[2018.06.16-17.28.34:143][  0]LogTargetPlatformManager: Display: Building Assets For Windows
[2018.06.16-17.28.34:260][  0]LogXGEController: Cleaning working directory: C:/Users/Tyrone/AppData/Local/Temp/UnrealXGEWorkingDir/
[2018.06.16-17.28.34:272][  0]LogShaderCompilers: Display: Using XGE Shader Compiler (Interception Interface).
[2018.06.16-17.28.35:665][  0]LogDerivedDataCache: Display: Max Cache Size: 512 MB
[2018.06.16-17.28.35:830][  0]LogDerivedDataCache: Loaded boot cache 0.16s 74MB C:/Users/Tyrone/AppData/Local/UnrealEngine/4.19/DerivedDataCache/Boot.ddc.
[2018.06.16-17.28.35:830][  0]LogDerivedDataCache: Display: Loaded Boot cache: C:/Users/Tyrone/AppData/Local/UnrealEngine/4.19/DerivedDataCache/Boot.ddc
[2018.06.16-17.28.35:830][  0]LogDerivedDataCache: FDerivedDataBackendGraph:  Pak pak cache file ../../../../../../Users/Tyrone/Documents/TankBattle/SalemWitchTrials/DerivedDataCache/DDC.ddp not found, will not use a pak cache.
[2018.06.16-17.28.35:830][  0]LogDerivedDataCache: Unable to find inner node Pak for hierarchical cache Hierarchy.
[2018.06.16-17.28.35:830][  0]LogDerivedDataCache: FDerivedDataBackendGraph:  CompressedPak pak cache file ../../../../../../Users/Tyrone/Documents/TankBattle/SalemWitchTrials/DerivedDataCache/Compressed.ddp not found, will not use a pak cache.
[2018.06.16-17.28.35:830][  0]LogDerivedDataCache: Unable to find inner node CompressedPak for hierarchical cache Hierarchy.
[2018.06.16-17.28.35:846][  0]LogDerivedDataCache: Display: Pak cache opened for reading ../../../Engine/DerivedDataCache/Compressed.ddp.
[2018.06.16-17.28.35:858][  0]LogDerivedDataCache: Using Local data cache path C:/Users/Tyrone/AppData/Local/UnrealEngine/Common/DerivedDataCache: Writable
[2018.06.16-17.28.35:858][  0]LogDerivedDataCache: Shared data cache path not found in *engine.ini, will not use an Shared cache.
[2018.06.16-17.28.35:858][  0]LogDerivedDataCache: Unable to find inner node Shared for hierarchical cache Hierarchy.
[2018.06.16-17.28.35:869][  0]LogMaterial: Verifying Global Shaders for PCD3D_SM5
[2018.06.16-17.28.35:870][  0]LogSlate: Using Freetype 2.6.0
[2018.06.16-17.28.35:886][  0]LogSlate: SlateFontCache - WITH_FREETYPE: 1, WITH_HARFBUZZ: 1
[2018.06.16-17.28.35:886][  0]LogSlate: SlateFontCache - WITH_FREETYPE: 1, WITH_HARFBUZZ: 1
[2018.06.16-17.28.37:644][  0]LogAssetRegistry: FAssetRegistry took 0.0263 seconds to start up
[2018.06.16-17.28.38:050][  0]LogInit: Selected Device Profile: [Windows]
[2018.06.16-17.28.38:408][  0]LogSimplygon: Simplygon DLL not present - disabling.
[2018.06.16-17.28.38:414][  0]LogMeshReduction: Using SimplygonSwarm for distributed automatic mesh merging
[2018.06.16-17.28.38:414][  0]LogMeshReduction: Using QuadricMeshReduction for automatic static mesh reduction
[2018.06.16-17.28.38:414][  0]LogMeshReduction: No automatic skeletal mesh reduction module available
[2018.06.16-17.28.38:414][  0]LogMeshReduction: No automatic mesh merging module available
[2018.06.16-17.28.38:414][  0]LogMeshMerging: No automatic mesh merging module available
[2018.06.16-17.28.38:488][  0]LogNetVersion: SalemWitchTrials , NetCL: 3944462, EngineNetVer: 2, GameNetVer: 0 (Checksum: 3240327049)
[2018.06.16-17.28.39:595][  0]LogPackageLocalizationCache: Processed 9 localized package path(s) for 2 prioritized culture(s) in 0.092586 seconds
[2018.06.16-17.28.39:601][  0]LogUObjectArray: 36728 objects as part of root set at end of initial load.
[2018.06.16-17.28.39:601][  0]LogUObjectAllocator: 7314304 out of 0 bytes used by permanent object pool.
[2018.06.16-17.28.39:601][  0]LogUObjectArray: CloseDisregardForGC: 0/0 objects in disregard for GC pool
[2018.06.16-17.28.44:629][  0]LogTcpMessaging: Initializing TcpMessaging bridge
[2018.06.16-17.28.44:661][  0]LogUdpMessaging: Initializing bridge on interface 0.0.0.0:0 to multicast group 230.0.0.1:6666.
[2018.06.16-17.28.45:366][  0]SourceControl: Source control is disabled
[2018.06.16-17.28.46:697][  0]LogAndroidPermission: UAndroidPermissionCallbackProxy::GetInstance
[2018.06.16-17.28.46:891][  0]LogOcInput: OculusInput pre-init called
[2018.06.16-17.28.47:041][  0]LogEngine: Initializing Engine...
[2018.06.16-17.28.47:045][  0]LogHMD: Failed to initialize OpenVR with code 110
[2018.06.16-17.28.47:046][  0]LogStats: UGameplayTagsManager::ConstructGameplayTagTree: Construct from data asset -  0.000 s
[2018.06.16-17.28.47:046][  0]LogStats: UGameplayTagsManager::ConstructGameplayTagTree: GameplayTagTreeChangedEvent.Broadcast -  0.000 s
[2018.06.16-17.28.47:518][  0]LogAIModule: Creating AISystem for world Untitled
[2018.06.16-17.28.47:560][  0]LogInit: XAudio2 using 'Speakers (Realtek High Definition Audio)' : 2 channels at 48 kHz using 32 bits per sample (channel mask 0x3)
[2018.06.16-17.28.47:583][  0]LogInit: FAudioDevice initialized.
[2018.06.16-17.28.47:678][  0]LogDerivedDataCache: Saved boot cache 0.08s 74MB C:/Users/Tyrone/AppData/Local/UnrealEngine/4.19/DerivedDataCache/Boot.ddc.
[2018.06.16-17.28.47:702][  0]LogInit: Texture streaming: Enabled
[2018.06.16-17.28.47:728][  0]LogEngineSessionManager: EngineSessionManager initialized
[2018.06.16-17.28.47:756][  0]LogInit: Transaction tracking system initialized
[2018.06.16-17.28.47:813][  0]BlueprintLog: New page: Editor Load
[2018.06.16-17.28.48:002][  0]LocalizationService: Localization service is disabled
[2018.06.16-17.28.48:164][  0]LogConsoleResponse: Display: 
[2018.06.16-17.28.48:585][  0]LogCook: Display: Max memory allowance for cook 16384mb min free memory 0mb
[2018.06.16-17.28.48:586][  0]LogCook: Display: Mobile HDR setting 1
[2018.06.16-17.28.48:586][  0]LogGameplayTags: Display: UGameplayTagsManager::DoneAddingNativeTags. DelegateIsBound: 0
[2018.06.16-17.28.48:586][  0]LogStats: UGameplayTagsManager::ConstructGameplayTagTree: Construct from data asset -  0.000 s
[2018.06.16-17.28.48:586][  0]LogStats: UGameplayTagsManager::ConstructGameplayTagTree: GameplayTagTreeChangedEvent.Broadcast -  0.000 s
[2018.06.16-17.28.49:279][  0]LogFileCache: Scanning file cache for directory 'C:/Users/Tyrone/Documents/TankBattle/SalemWitchTrials/Content/' took 0.03s
[2018.06.16-17.28.49:279][  0]Cmd: MAP LOAD FILE="../../../../../../Users/Tyrone/Documents/TankBattle/SalemWitchTrials/Content/StarterContent/Maps/Minimal_Default.umap" TEMPLATE=0 SHOWPROGRESS=1 FEATURELEVEL=3
[2018.06.16-17.28.49:280][  0]LightingResults: New page: Lighting Build
[2018.06.16-17.28.49:294][  0]MapCheck: New page: Map Check
[2018.06.16-17.28.49:294][  0]LightingResults: New page: Lighting Build
[2018.06.16-17.28.50:123][  0]LogAIModule: Creating AISystem for world Minimal_Default
[2018.06.16-17.28.51:437][  0]LogEditorServer: Finished looking for orphan Actors (0.000 secs)
[2018.06.16-17.28.51:462][  0]Cmd: MAP CHECKDEP NOCLEARLOG
[2018.06.16-17.28.51:519][  0]MapCheck: Map check complete: 0 Error(s), 0 Warning(s), took 56.8ms to complete.
[2018.06.16-17.28.51:520][  0]LogFileHelpers: Loading map 'Minimal_Default' took 2.242
[2018.06.16-17.28.51:989][  0]LogCollectionManager: Loaded 0 collections in 0.002670 seconds
[2018.06.16-17.28.52:051][  0]LogFileCache: Scanning file cache for directory 'C:/Users/Tyrone/Documents/TankBattle/SalemWitchTrials/Saved/Collections/' took 0.01s
[2018.06.16-17.28.52:051][  0]LogFileCache: Scanning file cache for directory 'C:/Users/Tyrone/Documents/TankBattle/SalemWitchTrials/Content/Developers/Tyrone/Collections/' took 0.01s
[2018.06.16-17.28.52:051][  0]LogFileCache: Scanning file cache for directory 'C:/Users/Tyrone/Documents/TankBattle/SalemWitchTrials/Content/Collections/' took 0.01s
[2018.06.16-17.28.52:051][  0]LogCollectionManager: Rebuilt the GUID cache for 0 collections in 0.000000 seconds
[2018.06.16-17.28.52:063][  0]LogContentBrowser: Native class hierarchy populated in 0.0101 seconds. Added 2453 classes and 560 folders.
[2018.06.16-17.28.52:079][  0]LogContentBrowser: Native class hierarchy updated for 'WidgetCarousel' in 0.0004 seconds. Added 0 classes and 0 folders.
[2018.06.16-17.28.52:512][  0]LogContentBrowser: Native class hierarchy updated for 'AddContentDialog' in 0.0002 seconds. Added 0 classes and 0 folders.
[2018.06.16-17.28.52:529][  0]LogSlate: Took 0.007668 seconds to synchronously load lazily loaded font '../../../Engine/Content/Slate/Fonts/Roboto-Regular.ttf' (155K)
[2018.06.16-17.28.52:541][  0]LogSlate: Took 0.005979 seconds to synchronously load lazily loaded font '../../../Engine/Content/Slate/Fonts/Roboto-Bold.ttf' (160K)
[2018.06.16-17.28.52:553][  0]LogSlate: Took 0.005320 seconds to synchronously load lazily loaded font '../../../Engine/Content/Editor/Slate/Fonts/FontAwesome.ttf' (139K)
[2018.06.16-17.28.52:681][  0]LogRenderer: Reallocating scene render targets to support 1252x908 Format 10 NumSamples 1 (Frame:1).
[2018.06.16-17.28.53:111][  0]LogContentBrowser: Native class hierarchy updated for 'HierarchicalLODOutliner' in 0.0003 seconds. Added 0 classes and 0 folders.
[2018.06.16-17.28.53:111][  0]LogLoad: (Engine Initialization) Total time: 25.29 seconds
[2018.06.16-17.28.53:111][  0]LogLoad: (Engine Initialization) Total Blueprint compile time: 0.00 seconds
[2018.06.16-17.28.53:165][  0]LogContentStreaming: Texture pool size now 3000 MB
[2018.06.16-17.28.53:218][  0]LogSlate: Took 0.005374 seconds to synchronously load lazily loaded font '../../../Engine/Content/Slate/Fonts/Roboto-Light.ttf' (167K)
[2018.06.16-17.28.53:340][  2]LogMaterial: Missing cached shader map for material Material_0, compiling. 
[2018.06.16-17.28.53:433][  2]LogAssetRegistry: Asset discovery search completed in 15.8122 seconds
[2018.06.16-17.28.53:438][  2]LogCollectionManager: Rebuilt the object cache for 0 collections in 0.000001 seconds (found 0 objects)
[2018.06.16-17.28.53:438][  2]LogCollectionManager: Fixed up redirectors for 0 collections in 0.001348 seconds (updated 0 objects)
[2018.06.16-17.28.53:612][  3]LogMaterial: Missing cached shader map for material Material_1, compiling. 
[2018.06.16-17.28.53:989][  4]LogMaterial: Missing cached shader map for material Material_2, compiling. 
[2018.06.16-17.28.59:871][  7]LogEditorViewport: Clicking on Actor (context menu): Landscape (Landscape)
[2018.06.16-17.29.00:294][  7]LogSlate: FSceneViewport::OnFocusLost() reason 2
[2018.06.16-17.29.09:722][372]LogSlate: FSceneViewport::OnFocusLost() reason 0
[2018.06.16-17.30.03:610][544]LogSlate: FSceneViewport::OnFocusLost() reason 2
[2018.06.16-17.30.10:530][849]Cmd: DELETE
[2018.06.16-17.30.10:531][849]Cmd: ACTOR DELETE
[2018.06.16-17.30.10:610][849]LogEditorActor: Deleted Actor: Landscape
[2018.06.16-17.30.10:671][849]LogEditorActor: Deleted 1 Actors (0.106 secs)
[2018.06.16-17.30.13:160][985]LogSlate: FSceneViewport::OnFocusLost() reason 2
[2018.06.16-17.30.14:522][143]Cmd: STAT FPS
[2018.06.16-17.30.15:814][212]LogSlate: FSceneViewport::OnFocusLost() reason 2
[2018.06.16-17.30.16:143][248]LogSlate: FSceneViewport::OnFocusLost() reason 2
[2018.06.16-17.30.16:542][292]LogSlate: FSceneViewport::OnFocusLost() reason 2
[2018.06.16-17.30.17:485][392]LogSlate: FSceneViewport::OnFocusLost() reason 2
[2018.06.16-17.30.24:384][392]LogSlate: Window 'New Level' being destroyed
[2018.06.16-17.30.24:447][392]LogSlate: FSceneViewport::OnFocusLost() reason 2
[2018.06.16-17.30.26:830][392]LogSlate: Window 'Save Content' being destroyed
[2018.06.16-17.30.26:839][392]Cmd: MAP LOAD FILE="../../../Engine/Content/Maps/Templates/Template_Default.umap" TEMPLATE=1 SHOWPROGRESS=1 FEATURELEVEL=3
[2018.06.16-17.30.26:854][392]LogSlate: Took 0.000260 seconds to synchronously load lazily loaded font '../../../Engine/Content/Slate/Fonts/Roboto-Light.ttf' (167K)
[2018.06.16-17.30.26:866][392]LogSlate: FSceneViewport::OnFocusLost() reason 2
[2018.06.16-17.30.26:881][392]LightingResults: New page: Lighting Build
[2018.06.16-17.30.26:893][392]LoadErrors: New page: Loading map: Template_Default.umap
[2018.06.16-17.30.26:900][392]MapCheck: New page: Map Check
[2018.06.16-17.30.26:900][392]LightingResults: New page: Lighting Build
[2018.06.16-17.30.27:068][392]LogAIModule: Creating AISystem for world Untitled_1
[2018.06.16-17.30.27:105][392]LogEditorServer: Finished looking for orphan Actors (0.000 secs)
[2018.06.16-17.30.27:123][392]Cmd: MAP CHECKDEP NOCLEARLOG
[2018.06.16-17.30.27:224][392]MapCheck: Map check complete: 0 Error(s), 0 Warning(s), took 99.684ms to complete.
[2018.06.16-17.30.27:224][392]LogFileHelpers: Loading map 'Template_Default' took 0.392
[2018.06.16-17.30.31:415][675]LogEditorViewport: Clicking on Actor (LMB): DirectionalLight (Light Source)
[2018.06.16-17.30.31:878][699]Cmd: DELETE
[2018.06.16-17.30.31:878][699]Cmd: ACTOR DELETE
[2018.06.16-17.30.31:881][699]LogEditorActor: Actor Light Source is referenced by Sky Sphere.
[2018.06.16-17.30.31:893][699]LogSlate: FSceneViewport::OnFocusLost() reason 2
[2018.06.16-17.30.33:219][699]LogSlate: Window 'Message' being destroyed
[2018.06.16-17.30.33:222][699]LogEditorActor: Deleted Actor: DirectionalLight
[2018.06.16-17.30.33:235][699]LogEditorActor: Deleted 1 Actors (1.356 secs)
[2018.06.16-17.30.33:349][703]SourceControl: fatal: /Temp: '/Temp' is outside repository
[2018.06.16-17.30.33:850][738]LogEditorViewport: Clicking on Actor (LMB): SkyLight (SkyLight)
[2018.06.16-17.30.33:942][739]Cmd: DELETE
[2018.06.16-17.30.33:942][739]Cmd: ACTOR DELETE
[2018.06.16-17.30.33:944][739]LogEditorActor: Deleted Actor: SkyLight
[2018.06.16-17.30.33:954][739]LogEditorActor: Deleted 1 Actors (0.012 secs)
[2018.06.16-17.30.34:705][794]LogEditorViewport: Clicking on Actor (LMB): AtmosphericFog (Atmospheric Fog)
[2018.06.16-17.30.34:864][801]Cmd: DELETE
[2018.06.16-17.30.34:864][801]Cmd: ACTOR DELETE
[2018.06.16-17.30.34:865][801]LogEditorActor: Deleted Actor: AtmosphericFog
[2018.06.16-17.30.34:881][801]LogEditorActor: Deleted 1 Actors (0.017 secs)
[2018.06.16-17.30.35:520][852]LogEditorViewport: Clicking on Actor (LMB): SphereReflectionCapture (SphereReflectionCapture)
[2018.06.16-17.30.35:714][860]Cmd: DELETE
[2018.06.16-17.30.35:714][860]Cmd: ACTOR DELETE
[2018.06.16-17.30.35:715][860]LogEditorActor: Deleted Actor: SphereReflectionCapture
[2018.06.16-17.30.35:728][860]LogEditorActor: Deleted 1 Actors (0.014 secs)
[2018.06.16-17.30.36:209][900]LogEditorViewport: Clicking on Actor (LMB): PlayerStart (Player Start)
[2018.06.16-17.30.36:436][913]Cmd: DELETE
[2018.06.16-17.30.36:436][913]Cmd: ACTOR DELETE
[2018.06.16-17.30.36:438][913]LogEditorActor: Deleted Actor: PlayerStart
[2018.06.16-17.30.36:451][913]LogEditorActor: Deleted 1 Actors (0.015 secs)
[2018.06.16-17.30.36:976][956]LogEditorViewport: Clicking on Actor (LMB): StaticMeshActor (Floor)
[2018.06.16-17.30.37:084][957]Cmd: DELETE
[2018.06.16-17.30.37:084][957]Cmd: ACTOR DELETE
[2018.06.16-17.30.37:086][957]LogEditorActor: Deleted Actor: StaticMeshActor
[2018.06.16-17.30.37:099][957]LogEditorActor: Deleted 1 Actors (0.015 secs)
[2018.06.16-17.30.38:254][ 49]LogEditorViewport: Clicking on Actor (LMB): BP_Sky_Sphere_C (Sky Sphere)
[2018.06.16-17.30.38:878][ 92]Cmd: DELETE
[2018.06.16-17.30.38:878][ 92]Cmd: ACTOR DELETE
[2018.06.16-17.30.38:881][ 92]LogEditorActor: Deleted Actor: BP_Sky_Sphere_C
[2018.06.16-17.30.38:893][ 92]LogEditorActor: Deleted 1 Actors (0.014 secs)
[2018.06.16-17.30.48:504][853]LogSlate: FSceneViewport::OnFocusLost() reason 0
[2018.06.16-17.30.53:999][287]LogSlate: FSceneViewport::OnFocusLost() reason 0
[2018.06.16-17.31.00:158][761]LogSlate: FSceneViewport::OnFocusLost() reason 0
[2018.06.16-17.31.05:550][178]LogSlate: Window 'Color Picker' being destroyed
[2018.06.16-17.31.06:163][228]LogSlate: FSceneViewport::OnFocusLost() reason 2
[2018.06.16-17.31.08:607][405]LogSlate: Window 'Color Picker' being destroyed
[2018.06.16-17.31.14:895][916]LogSlate: FSceneViewport::OnFocusLost() reason 2
[2018.06.16-17.31.19:039][209]LogSlate: Window 'Color Picker' being destroyed
[2018.06.16-17.31.19:626][255]LogSlate: FSceneViewport::OnFocusLost() reason 2
[2018.06.16-17.31.28:495][890]LogSlate: Window 'Color Picker' being destroyed
[2018.06.16-17.31.33:081][250]LogSlate: FSceneViewport::OnFocusLost() reason 0
[2018.06.16-17.31.41:870][972]LogSlate: FSceneViewport::OnFocusLost() reason 0
[2018.06.16-17.31.52:741][884]LogSlate: FSceneViewport::OnFocusLost() reason 0
[2018.06.16-17.32.01:241][591]LogSlate: FSceneViewport::OnFocusLost() reason 0
[2018.06.16-17.32.19:250][ 74]LogSlate: FSceneViewport::OnFocusLost() reason 0
[2018.06.16-17.32.37:606][578]LogSlate: FSceneViewport::OnFocusLost() reason 0
[2018.06.16-17.32.47:688][406]Cmd: TRANSACTION UNDO
[2018.06.16-17.32.47:688][406]LogEditorTransaction: Undo Edit Ground Offset
[2018.06.16-17.33.10:559][233]LogEditorViewport: Clicking on Actor (LMB): BP_Sky_Sphere_C (BP_Sky_Sphere)
[2018.06.16-17.33.11:469][294]LogSlate: FSceneViewport::OnFocusLost() reason 2
[2018.06.16-17.33.12:612][408]LogSlate: FSceneViewport::OnFocusLost() reason 2
[2018.06.16-17.33.19:542][878]LogEditorTransaction: Undo Clicking on Actors
[2018.06.16-17.33.23:742][173]LogEditorTransaction: Undo Edit Ground Offset
[2018.06.16-17.33.30:068][634]LogEditorTransaction: Undo Edit Ground Offset
[2018.06.16-17.33.32:809][818]LogEditorTransaction: Undo Edit Ground Offset
[2018.06.16-17.33.47:519][871]LogSlate: FSceneViewport::OnFocusLost() reason 0
[2018.06.16-17.33.48:016][882]LogTexture: Display: Building textures: Texture2D_2 (G8, 128X128)
[2018.06.16-17.33.54:426][ 92]LogMaterial: Missing cached shader map for material Material_3, compiling. 
[2018.06.16-17.34.18:882][509]LogSlate: FSceneViewport::OnFocusLost() reason 0
[2018.06.16-17.34.19:016][517]LogTexture: Display: Building textures: Texture2D_0 (BGRA8, 512X512)
[2018.06.16-17.34.19:045][517]LogMaterial: Missing cached shader map for material M_Cave_Rock_MASTER_VertexPaint_Dirt, compiling. 
[2018.06.16-17.34.33:388][536]LogSlate: FSceneViewport::OnFocusLost() reason 0
[2018.06.16-17.35.25:972][705]LogSlate: FSceneViewport::OnFocusLost() reason 2
[2018.06.16-17.35.49:722][339]LogSlate: FSceneViewport::OnFocusLost() reason 0
[2018.06.16-17.35.49:830][349]LogSlate: Window 'Undo History' being destroyed
[2018.06.16-17.35.49:834][349]LogSlate: Window 'Undo History' being destroyed
[2018.06.16-17.35.51:073][441]LogSlate: FSceneViewport::OnFocusLost() reason 0
[2018.06.16-17.36.07:953][528]LogSlate: FSceneViewport::OnFocusLost() reason 0
[2018.06.16-17.36.15:688][ 21]LogSlate: FSceneViewport::OnFocusLost() reason 2
[2018.06.16-17.36.19:246][218]LogSlate: Window 'Color Picker' being destroyed
[2018.06.16-17.37.02:146][837]LogSlate: FSceneViewport::OnFocusLost() reason 0
[2018.06.16-17.37.05:261][856]LogSlate: FSceneViewport::OnFocusLost() reason 2
[2018.06.16-17.37.47:368][319]LogSlate: FSceneViewport::OnFocusLost() reason 0
[2018.06.16-17.38.00:109][ 45]LogSlate: FSceneViewport::OnFocusLost() reason 0
[2018.06.16-17.40.33:487][655]LogEditorViewport: Clicking on Actor (LMB): TextRenderActor (TextRenderActor10)
[2018.06.16-17.40.55:355][959]LogSlate: FSceneViewport::OnFocusLost() reason 0
[2018.06.16-17.40.55:497][970]LogEditor: Attempting to add actor of class 'FloatingText' to level at -370.00,-8000.00,100.00
[2018.06.16-17.40.56:398][ 22]LogEditor: Attempting to add actor of class 'FloatingText' to level at 12940.00,-7310.00,100.00
[2018.06.16-17.40.58:690][153]LogSlate: FSceneViewport::OnFocusLost() reason 0
[2018.06.16-17.41.16:468][217]LogEditorViewport: Clicking on Actor (LMB): Landscape (Landscape)
[2018.06.16-17.41.17:874][294]LogEditorViewport: Clicking on Actor (LMB): Landscape (Landscape)
[2018.06.16-17.41.18:636][335]LogEditorViewport: Clicking on Actor (LMB): TextRenderActor (TextRenderActor10)
[2018.06.16-17.41.23:013][597]LogEditorViewport: Clicking on Actor (LMB): Landscape (Landscape)
[2018.06.16-17.41.24:520][680]LogEditorViewport: Clicking on Actor (LMB): Landscape (Landscape)
[2018.06.16-17.41.25:161][714]LogEditorViewport: Clicking on Actor (LMB): Landscape (Landscape)
[2018.06.16-17.41.27:035][819]LogEditorViewport: Clicking on Actor (LMB): FloatingText (FloatingText1)
[2018.06.16-17.41.29:314][955]Cmd: DELETE
[2018.06.16-17.41.29:314][955]Cmd: ACTOR DELETE
[2018.06.16-17.41.29:320][955]LogEditorActor: Deleted Actor: FloatingText
[2018.06.16-17.41.29:338][955]LogEditorActor: Deleted 1 Actors (0.024 secs)
[2018.06.16-17.41.30:616][ 32]LogSlate: FSceneViewport::OnFocusLost() reason 0
[2018.06.16-17.41.33:108][175]LogSlate: FSceneViewport::OnFocusLost() reason 0
[2018.06.16-17.42.36:407][ 34]LogSlate: FSceneViewport::OnFocusLost() reason 0
[2018.06.16-17.42.38:905][169]LogSlate: FSceneViewport::OnFocusLost() reason 0
[2018.06.16-17.43.20:082][665]LogEditorViewport: Clicking on Actor (LMB): Landscape (Landscape)
[2018.06.16-17.43.20:799][708]LogEditorViewport: Clicking on Actor (LMB): Landscape (Landscape)
[2018.06.16-17.43.21:415][745]LogEditorViewport: Clicking on Actor (LMB): Landscape (Landscape)
[2018.06.16-17.43.22:480][810]LogEditorViewport: Clicking on Actor (LMB): TextRenderActor (TextRenderActor14)
[2018.06.16-17.43.44:828][283]LogEditorViewport: Clicking on Actor (LMB): Landscape (Landscape)
[2018.06.16-17.43.45:657][331]LogEditorViewport: Clicking on Actor (LMB): Landscape (Landscape)
[2018.06.16-17.43.46:341][372]LogEditorViewport: Clicking on Actor (LMB): TextRenderActor (TextRenderActor15)
[2018.06.16-17.44.57:455][ 88]LogSlate: FSceneViewport::OnFocusLost() reason 0
[2018.06.16-17.44.57:598][ 96]SourceControl: fatal: /Temp: '/Temp' is outside repository
[2018.06.16-17.44.57:664][ 96]LogSlate: FSceneViewport::OnFocusLost() reason 2
[2018.06.16-17.45.03:895][ 96]LogSlate: Window 'Save Level As' being destroyed
[2018.06.16-17.45.03:899][ 96]LogSlate: FSceneViewport::OnFocusLost() reason 3
[2018.06.16-17.45.03:986][ 96]Cmd: OBJ SAVEPACKAGE PACKAGE="/Game/Maps/Salem" FILE="../../../../../../Users/Tyrone/Documents/TankBattle/SalemWitchTrials/Content/Maps/Salem.umap" SILENT=true AUTOSAVING=false KEEPDIRTY=false
[2018.06.16-17.45.04:148][ 96]LogSavePackage: Save=139.94ms
[2018.06.16-17.45.04:148][ 96]LogSavePackage: Moving '../../../../../../Users/Tyrone/Documents/TankBattle/SalemWitchTrials/Saved/Salem7B2E49174F702E7FB488139E2413E6C7.tmp' to '../../../../../../Users/Tyrone/Documents/TankBattle/SalemWitchTrials/Content/Maps/Salem.umap'
[2018.06.16-17.45.04:161][ 96]LogSavePackage: Display: Finished SavePackage ../../../../../../Users/Tyrone/Documents/TankBattle/SalemWitchTrials/Content/Maps/Salem.umap
[2018.06.16-17.45.04:711][ 96]Cmd: OBJ SAVEPACKAGE PACKAGE="/Game/Maps/Salem_BuiltData" FILE="../../../../../../Users/Tyrone/Documents/TankBattle/SalemWitchTrials/Content/Maps/Salem_BuiltData.uasset" SILENT=true
[2018.06.16-17.45.04:731][ 96]LogSavePackage: Save=16.35ms
[2018.06.16-17.45.04:731][ 96]LogSavePackage: Moving '../../../../../../Users/Tyrone/Documents/TankBattle/SalemWitchTrials/Saved/Salem_BuiltData95D0EEED4FD8D8930405B98D1B6BBC70.tmp' to '../../../../../../Users/Tyrone/Documents/TankBattle/SalemWitchTrials/Content/Maps/Salem_BuiltData.uasset'
[2018.06.16-17.45.04:732][ 96]LogSavePackage: Display: Finished SavePackage ../../../../../../Users/Tyrone/Documents/TankBattle/SalemWitchTrials/Content/Maps/Salem_BuiltData.uasset
[2018.06.16-17.45.04:838][ 96]SourceControl: Error: The following paths are ignored by one of your .gitignore files:
[2018.06.16-17.45.04:838][ 96]SourceControl: Error: SalemWitchTrials/Content/Maps/Salem_BuiltData.uasset
[2018.06.16-17.45.04:838][ 96]SourceControl: Error: Use -f if you really want to add them.
[2018.06.16-17.45.04:843][ 96]LogFileHelpers: Saving map 'Salem' took 0.941
[2018.06.16-17.45.05:003][ 99]SourceControl: fatal: /Temp: '/Temp' is outside repository
[2018.06.16-17.45.07:906][306]SourceControl: fatal: C:/Program Files/Epic Games/UE_4.19/Engine/Content: 'C:/Program Files/Epic Games/UE_4.19/Engine/Content' is outside repository
[2018.06.16-17.45.18:112][306]LogSlate: Window 'Submit Files' being destroyed
[2018.06.16-17.45.20:168][306]LogSourceControl: commit successful: [master bae9adc] New Map
[2018.06.16-17.45.20:289][306]SourceControl: [master bae9adc] New Map
[2018.06.16-17.45.20:289][306]SourceControl:  50 files changed, 0 insertions(+), 0 deletions(-)
[2018.06.16-17.45.20:289][306]SourceControl:  create mode 100644 SalemWitchTrials/Content/Maps/Salem.umap
[2018.06.16-17.45.20:289][306]SourceControl:  create mode 100644 SalemWitchTrials/Content/SoulCave/Environment/Materials/Rocks/MF_Cave_Dirt.uasset
[2018.06.16-17.45.20:289][306]SourceControl:  create mode 100644 SalemWitchTrials/Content/SoulCave/Environment/Materials/Rocks/MF_Cave_Moss.uasset
[2018.06.16-17.45.20:289][306]SourceControl:  create mode 100644 SalemWitchTrials/Content/SoulCave/Environment/Materials/Rocks/MF_Cave_Rock01.uasset
[2018.06.16-17.45.20:289][306]SourceControl:  create mode 100644 SalemWitchTrials/Content/SoulCave/Environment/Materials/Rocks/MF_Cave_Rock02.uasset
[2018.06.16-17.45.20:289][306]SourceControl:  create mode 100644 SalemWitchTrials/Content/SoulCave/Environment/Materials/Rocks/MI_Cave_Ground_MASTER.uasset
[2018.06.16-17.45.20:289][306]SourceControl:  create mode 100644 SalemWitchTrials/Content/SoulCave/Environment/Materials/Rocks/MI_Cave_Ground_ScaledBigger.uasset
[2018.06.16-17.45.20:300][306]SourceControl:  create mode 100644 SalemWitchTrials/Content/SoulCave/Environment/Materials/Rocks/MI_Cave_Rock_Bricks_Moss22.uasset
[2018.06.16-17.45.20:300][306]SourceControl:  create mode 100644 SalemWitchTrials/Content/SoulCave/Environment/Materials/Rocks/MI_Cave_Rock_Ceiling.uasset
[2018.06.16-17.45.20:300][306]SourceControl:  create mode 100644 SalemWitchTrials/Content/SoulCave/Environment/Materials/Rocks/MI_Cave_Rock_Ceiling_Dry.uasset
[2018.06.16-17.45.20:300][306]SourceControl:  create mode 100644 SalemWitchTrials/Content/SoulCave/Environment/Materials/Rocks/MI_Cave_Rock_CurvedWall.uasset
[2018.06.16-17.45.20:300][306]SourceControl:  create mode 100644 SalemWitchTrials/Content/SoulCave/Environment/Materials/Rocks/MI_Cave_Rock_DemonStatue_Moss.uasset
[2018.06.16-17.45.20:300][306]SourceControl:  create mode 100644 SalemWitchTrials/Content/SoulCave/Environment/Materials/Rocks/MI_Cave_Rock_Flat.uasset
[2018.06.16-17.45.20:300][306]SourceControl:  create mode 100644 SalemWitchTrials/Content/SoulCave/Environment/Materials/Rocks/MI_Cave_Rock_Flat_Moss_Water.uasset
[2018.06.16-17.45.20:300][306]SourceControl:  create mode 100644 SalemWitchTrials/Content/SoulCave/Environment/Materials/Rocks/MI_Cave_Rock_Large.uasset
[2018.06.16-17.45.20:300][306]SourceControl:  create mode 100644 SalemWitchTrials/Content/SoulCave/Environment/Materials/Rocks/MI_Cave_Rock_Large01_Moss_Water2.uasset
[2018.06.16-17.45.20:300][306]SourceControl:  create mode 100644 SalemWitchTrials/Content/SoulCave/Environment/Materials/Rocks/MI_Cave_Rock_Large02.uasset
[2018.06.16-17.45.20:300][306]SourceControl:  create mode 100644 SalemWitchTrials/Content/SoulCave/Environment/Materials/Rocks/MI_Cave_Rock_Large02_Double.uasset
[2018.06.16-17.45.20:300][306]SourceControl:  create mode 100644 SalemWitchTrials/Content/SoulCave/Environment/Materials/Rocks/MI_Cave_Rock_Large02_Dry.uasset
[2018.06.16-17.45.20:300][306]SourceControl:  create mode 100644 SalemWitchTrials/Content/SoulCave/Environment/Materials/Rocks/MI_Cave_Rock_Large02_Moss.uasset
[2018.06.16-17.45.20:300][306]SourceControl:  create mode 100644 SalemWitchTrials/Content/SoulCave/Environment/Materials/Rocks/MI_Cave_Rock_Large02_Moss_Water.uasset
[2018.06.16-17.45.20:300][306]SourceControl:  create mode 100644 SalemWitchTrials/Content/SoulCave/Environment/Materials/Rocks/MI_Cave_Rock_Large_Double.uasset
[2018.06.16-17.45.20:300][306]SourceControl:  create mode 100644 SalemWitchTrials/Content/SoulCave/Environment/Materials/Rocks/MI_Cave_Rock_Large_Dry.uasset
[2018.06.16-17.45.20:300][306]SourceControl:  create mode 100644 SalemWitchTrials/Content/SoulCave/Environment/Materials/Rocks/MI_Cave_Rock_Large_Moss.uasset
[2018.06.16-17.45.20:300][306]SourceControl:  create mode 100644 SalemWitchTrials/Content/SoulCave/Environment/Materials/Rocks/MI_Cave_Rock_Medium.uasset
[2018.06.16-17.45.20:300][306]SourceControl:  create mode 100644 SalemWitchTrials/Content/SoulCave/Environment/Materials/Rocks/MI_Cave_Rock_Medium_Moss.uasset
[2018.06.16-17.45.20:300][306]SourceControl:  create mode 100644 SalemWitchTrials/Content/SoulCave/Environment/Materials/Rocks/MI_Cave_Rock_Medium_Moss_Water.uasset
[2018.06.16-17.45.20:300][306]SourceControl:  create mode 100644 SalemWitchTrials/Content/SoulCave/Environment/Materials/Rocks/MI_Cave_Rock_Out5.uasset
[2018.06.16-17.45.20:300][306]SourceControl:  create mode 100644 SalemWitchTrials/Content/SoulCave/Environment/Materials/Rocks/MI_Cave_Rock_Path.uasset
[2018.06.16-17.45.20:300][306]SourceControl:  create mode 100644 SalemWitchTrials/Content/SoulCave/Environment/Materials/Rocks/MI_Cave_Rock_Path_Moss.uasset
[2018.06.16-17.45.20:300][306]SourceControl:  create mode 100644 SalemWitchTrials/Content/SoulCave/Environment/Materials/Rocks/MI_Cave_Rock_Path_Moss_Water2.uasset
[2018.06.16-17.45.20:300][306]SourceControl:  create mode 100644 SalemWitchTrials/Content/SoulCave/Environment/Materials/Rocks/MI_Cave_Rock_Pillar.uasset
[2018.06.16-17.45.20:300][306]SourceControl:  create mode 100644 SalemWitchTrials/Content/SoulCave/Environment/Materials/Rocks/MI_Cave_Rock_Pillar_Moss2.uasset
[2018.06.16-17.45.20:301][306]SourceControl:  create mode 100644 SalemWitchTrials/Content/SoulCave/Environment/Materials/Rocks/MI_Cave_Rock_Small.uasset
[2018.06.16-17.45.20:301][306]SourceControl:  create mode 100644 SalemWitchTrials/Content/SoulCave/Environment/Materials/Rocks/MI_Cave_Rock_Small_Moss.uasset
[2018.06.16-17.45.20:301][306]SourceControl:  create mode 100644 SalemWitchTrials/Content/SoulCave/Environment/Materials/Rocks/MI_Cave_Rock_Stalactite.uasset
[2018.06.16-17.45.20:301][306]SourceControl:  create mode 100644 SalemWitchTrials/Content/SoulCave/Environment/Materials/Rocks/MI_Cave_Rock_VertexPaint_Dirt_Path.uasset
[2018.06.16-17.45.20:301][306]SourceControl:  create mode 100644 SalemWitchTrials/Content/SoulCave/Environment/Materials/Rocks/MI_Soul_Statue_Torso.uasset
[2018.06.16-17.45.20:301][306]SourceControl:  create mode 100644 SalemWitchTrials/Content/SoulCave/Environment/Materials/Rocks/M_Cave_FlatRock.uasset
[2018.06.16-17.45.20:301][306]SourceControl:  create mode 100644 SalemWitchTrials/Content/SoulCave/Environment/Materials/Rocks/M_Cave_Ground_MASTER.uasset
[2018.06.16-17.45.20:301][306]SourceControl:  create mode 100644 SalemWitchTrials/Content/SoulCave/Environment/Materials/Rocks/M_Cave_Rock_MASTER.uasset
[2018.06.16-17.45.20:301][306]SourceControl:  create mode 100644 SalemWitchTrials/Content/SoulCave/Environment/Materials/Rocks/M_Cave_Rock_MASTER_VertexPaint_Dirt.uasset
[2018.06.16-17.45.20:301][306]SourceControl:  create mode 100644 SalemWitchTrials/Content/SoulCave/Environment/Materials/Rocks/M_Cave_Rock_MASTER_VertexPaint_MOSS.uasset
[2018.06.16-17.45.20:301][306]SourceControl:  create mode 100644 SalemWitchTrials/Content/SoulCave/Environment/Materials/Rocks/M_Cave_Rock_Out.uasset
[2018.06.16-17.45.20:301][306]SourceControl:  create mode 100644 SalemWitchTrials/Content/SoulCave/Environment/Materials/Rocks/M_Cave_Rock_Out2.uasset
[2018.06.16-17.45.20:301][306]SourceControl:  create mode 100644 SalemWitchTrials/Content/SoulCave/Environment/Materials/Rocks/M_Cave_Rock_Out5.uasset
[2018.06.16-17.45.20:301][306]SourceControl:  create mode 100644 SalemWitchTrials/Content/SoulCave/Environment/Materials/Rocks/M_Cave_Wood_Beam.uasset
[2018.06.16-17.45.20:301][306]SourceControl:  create mode 100644 SalemWitchTrials/Content/SoulCave/Environment/Materials/Rocks/M_Soul_Rock01.uasset
[2018.06.16-17.45.20:301][306]SourceControl:  create mode 100644 SalemWitchTrials/Content/SoulCave/Environment/Materials/Rocks/M_Stone1.uasset
[2018.06.16-17.45.20:301][306]SourceControl:  rewrite SalemWitchTrials/Content/StarterContent/Maps/Minimal_Default.umap (92%)
[2018.06.16-17.45.20:307][306]SourceControl: Commited [master bae9adc] New Map.
[2018.06.16-17.45.25:424][602]LogSlate: Window 'Content Browser' being destroyed
[2018.06.16-17.45.25:542][602]LogSlate: Window 'Modes' being destroyed
[2018.06.16-17.45.25:545][602]LogSlate: Window 'SalemWitchTrials - Unreal Editor' being destroyed
[2018.06.16-17.45.25:549][602]LogWindowsTextInputMethodSystem: Display: IME system now deactivated.
[2018.06.16-17.45.25:840][603]Cmd: QUIT_EDITOR
[2018.06.16-17.45.26:017][603]LogSlate: Slate User Destroyed.  User Index 0, Is Virtual User: 0
[2018.06.16-17.45.26:019][603]LogExit: Preparing to exit.
[2018.06.16-17.45.26:401][603]LogDirectoryWatcher: A directory notification for 'C:/Users/Tyrone/Documents/TankBattle/SalemWitchTrials/Content/' was aborted.
[2018.06.16-17.45.26:445][603]LogExit: Editor shut down
[2018.06.16-17.45.26:449][603]LogExit: Transaction tracking system shut down
[2018.06.16-17.45.26:606][603]LogDirectoryWatcher: A directory notification for '../../../Engine/Content/' was aborted.
[2018.06.16-17.45.26:606][603]LogDirectoryWatcher: A directory notification for '../../../../../../Users/Tyrone/Documents/TankBattle/SalemWitchTrials/Content/' was aborted.
[2018.06.16-17.45.26:606][603]LogDirectoryWatcher: A directory notification for '../../Plugins/2D/Paper2D/Content/' was aborted.
[2018.06.16-17.45.26:606][603]LogDirectoryWatcher: A directory notification for '../../Plugins/Enterprise/DatasmithContent/Content/' was aborted.
[2018.06.16-17.45.26:606][603]LogDirectoryWatcher: A directory notification for '../../Plugins/Media/MediaCompositing/Content/' was aborted.
[2018.06.16-17.45.26:606][603]LogDirectoryWatcher: A directory notification for '../../Plugins/Runtime/AppleARKit/Content/' was aborted.
[2018.06.16-17.45.26:606][603]LogDirectoryWatcher: A directory notification for '../../Plugins/Runtime/Oculus/OculusVR/Content/' was aborted.
[2018.06.16-17.45.26:606][603]LogDirectoryWatcher: A directory notification for '../../Plugins/Runtime/Steam/SteamVR/Content/' was aborted.
[2018.06.16-17.45.26:935][603]LogExit: Object subsystem successfully closed.
[2018.06.16-17.45.27:076][603]LogShaderCompilers: Display: Shaders left to compile 0
[2018.06.16-17.45.27:081][603]LogD3D11RHI: Shutdown
[2018.06.16-17.45.27:082][603]LogD3D11RHI: CleanupD3DDevice
[2018.06.16-17.45.27:097][603]LogD3D11RHI: ~FD3D11DynamicRHI
[2018.06.16-17.45.27:279][603]LogModuleManager: Shutting down and abandoning module HierarchicalLODUtilities (578)
[2018.06.16-17.45.27:279][603]LogModuleManager: Shutting down and abandoning module NewLevelDialog (576)
[2018.06.16-17.45.27:279][603]LogModuleManager: Shutting down and abandoning module HierarchicalLODOutliner (574)
[2018.06.16-17.45.27:284][603]LogModuleManager: Shutting down and abandoning module AddContentDialog (572)
[2018.06.16-17.45.27:295][603]LogDirectoryWatcher: A directory notification for 'C:/Program Files/Epic Games/UE_4.19/FeaturePacks/' was aborted.
[2018.06.16-17.45.27:296][603]LogModuleManager: Shutting down and abandoning module WidgetCarousel (571)
[2018.06.16-17.45.27:296][603]LogModuleManager: Shutting down and abandoning module EditorWidgets (568)
[2018.06.16-17.45.27:296][603]LogModuleManager: Shutting down and abandoning module CollectionManager (566)
[2018.06.16-17.45.27:297][603]LogDirectoryWatcher: A directory notification for 'C:/Users/Tyrone/Documents/TankBattle/SalemWitchTrials/Content/Collections/' was aborted.
[2018.06.16-17.45.27:297][603]LogDirectoryWatcher: A directory notification for 'C:/Users/Tyrone/Documents/TankBattle/SalemWitchTrials/Content/Developers/Tyrone/Collections/' was aborted.
[2018.06.16-17.45.27:297][603]LogDirectoryWatcher: A directory notification for 'C:/Users/Tyrone/Documents/TankBattle/SalemWitchTrials/Saved/Collections/' was aborted.
[2018.06.16-17.45.27:297][603]LogModuleManager: Shutting down and abandoning module SceneOutliner (564)
[2018.06.16-17.45.27:297][603]LogModuleManager: Shutting down and abandoning module StatsViewer (562)
[2018.06.16-17.45.27:297][603]LogModuleManager: Shutting down and abandoning module FoliageEdit (560)
[2018.06.16-17.45.27:298][603]LogModuleManager: Shutting down and abandoning module LandscapeEditor (558)
[2018.06.16-17.45.27:298][603]LogModuleManager: Shutting down and abandoning module MeshPaintMode (556)
[2018.06.16-17.45.27:298][603]LogModuleManager: Shutting down and abandoning module SceneDepthPickerMode (554)
[2018.06.16-17.45.27:298][603]LogModuleManager: Shutting down and abandoning module ActorPickerMode (552)
[2018.06.16-17.45.27:298][603]LogModuleManager: Shutting down and abandoning module GeometryMode (550)
[2018.06.16-17.45.27:298][603]LogModuleManager: Shutting down and abandoning module TextureAlignMode (548)
[2018.06.16-17.45.27:298][603]LogModuleManager: Shutting down and abandoning module BspMode (546)
[2018.06.16-17.45.27:299][603]LogModuleManager: Shutting down and abandoning module PIEPreviewDeviceProfileSelector (544)
[2018.06.16-17.45.27:299][603]LogModuleManager: Shutting down and abandoning module HardwareSurvey (542)
[2018.06.16-17.45.27:299][603]LogModuleManager: Shutting down and abandoning module SequenceRecorderSections (540)
[2018.06.16-17.45.27:299][603]LogModuleManager: Shutting down and abandoning module AutomationWorker (538)
[2018.06.16-17.45.27:300][603]LogModuleManager: Shutting down and abandoning module AudioCaptureEditor (536)
[2018.06.16-17.45.27:300][603]LogModuleManager: Shutting down and abandoning module SequenceRecorder (535)
[2018.06.16-17.45.27:300][603]LogModuleManager: Shutting down and abandoning module MatineeToLevelSequence (532)
[2018.06.16-17.45.27:301][603]LogModuleManager: Shutting down and abandoning module LevelSequenceEditor (530)
[2018.06.16-17.45.27:303][603]LogModuleManager: Shutting down and abandoning module PlacementMode (529)
[2018.06.16-17.45.27:303][603]LogModuleManager: Shutting down and abandoning module MaterialEditor (528)
[2018.06.16-17.45.27:310][603]LogModuleManager: Shutting down and abandoning module WmfMediaFactory (524)
[2018.06.16-17.45.27:310][603]LogModuleManager: Shutting down and abandoning module WmfMediaEditor (522)
[2018.06.16-17.45.27:310][603]LogModuleManager: Shutting down and abandoning module MediaPlayerEditor (520)
[2018.06.16-17.45.27:312][603]LogModuleManager: Shutting down and abandoning module OpenExrWrapper (518)
[2018.06.16-17.45.27:312][603]LogModuleManager: Shutting down and abandoning module ImgMediaFactory (516)
[2018.06.16-17.45.27:312][603]LogModuleManager: Shutting down and abandoning module ImgMediaEditor (514)
[2018.06.16-17.45.27:312][603]LogModuleManager: Shutting down and abandoning module AvfMediaFactory (512)
[2018.06.16-17.45.27:312][603]LogModuleManager: Shutting down and abandoning module AvfMediaEditor (510)
[2018.06.16-17.45.27:312][603]LogModuleManager: Shutting down and abandoning module AndroidMediaFactory (508)
[2018.06.16-17.45.27:312][603]LogModuleManager: Shutting down and abandoning module AndroidMediaEditor (506)
[2018.06.16-17.45.27:312][603]LogModuleManager: Shutting down and abandoning module CharacterAI (504)
[2018.06.16-17.45.27:319][603]LogModuleManager: Shutting down and abandoning module SmartSnapping (502)
[2018.06.16-17.45.27:319][603]LogModuleManager: Shutting down and abandoning module SessionServices (500)
[2018.06.16-17.45.27:319][603]LogModuleManager: Shutting down and abandoning module ViewportSnapping (498)
[2018.06.16-17.45.27:323][603]LogModuleManager: Shutting down and abandoning module ViewportInteraction (496)
[2018.06.16-17.45.27:323][603]LogModuleManager: Shutting down and abandoning module ClothPainter (494)
[2018.06.16-17.45.27:324][603]LogModuleManager: Shutting down and abandoning module SkeletalMeshEditor (493)
[2018.06.16-17.45.27:326][603]LogModuleManager: Shutting down and abandoning module LogVisualizer (490)
[2018.06.16-17.45.27:328][603]LogModuleManager: Shutting down and abandoning module IntroTutorials (488)
[2018.06.16-17.45.27:330][603]LogModuleManager: Shutting down and abandoning module GameProjectGeneration (487)
[2018.06.16-17.45.27:331][603]LogModuleManager: Shutting down and abandoning module IOSPlatformEditor (484)
[2018.06.16-17.45.27:332][603]LogModuleManager: Shutting down and abandoning module HTML5PlatformEditor (482)
[2018.06.16-17.45.27:332][603]LogModuleManager: Shutting down and abandoning module AndroidPlatformEditor (480)
[2018.06.16-17.45.27:332][603]LogModuleManager: Shutting down and abandoning module AndroidDeviceDetection (479)
[2018.06.16-17.45.28:031][603]LogModuleManager: Shutting down and abandoning module WindowsPlatformEditor (476)
[2018.06.16-17.45.28:032][603]LogModuleManager: Shutting down and abandoning module IOSRuntimeSettings (474)
[2018.06.16-17.45.28:032][603]LogModuleManager: Shutting down and abandoning module AndroidRuntimeSettings (472)
[2018.06.16-17.45.28:032][603]LogModuleManager: Shutting down and abandoning module InputBindingEditor (470)
[2018.06.16-17.45.28:033][603]LogModuleManager: Shutting down and abandoning module MergeActors (468)
[2018.06.16-17.45.28:033][603]LogModuleManager: Shutting down and abandoning module LocalizationDashboard (466)
[2018.06.16-17.45.28:034][603]LogModuleManager: Shutting down and abandoning module LocalizationService (465)
[2018.06.16-17.45.28:035][603]LogModuleManager: Shutting down and abandoning module HardwareTargeting (462)
[2018.06.16-17.45.28:035][603]LogModuleManager: Shutting down and abandoning module DeviceProfileEditor (460)
[2018.06.16-17.45.28:036][603]LogModuleManager: Shutting down and abandoning module UndoHistory (458)
[2018.06.16-17.45.28:036][603]LogModuleManager: Shutting down and abandoning module XmlParser (456)
[2018.06.16-17.45.28:036][603]LogModuleManager: Shutting down and abandoning module Blutility (454)
[2018.06.16-17.45.28:036][603]LogModuleManager: Shutting down and abandoning module ProjectSettingsViewer (452)
[2018.06.16-17.45.28:037][603]LogModuleManager: Shutting down and abandoning module ProjectTargetPlatformEditor (451)
[2018.06.16-17.45.28:037][603]LogModuleManager: Shutting down and abandoning module EditorSettingsViewer (448)
[2018.06.16-17.45.28:040][603]LogModuleManager: Shutting down and abandoning module SettingsEditor (446)
[2018.06.16-17.45.28:041][603]LogModuleManager: Shutting down and abandoning module ProjectLauncher (444)
[2018.06.16-17.45.28:043][603]LogModuleManager: Shutting down and abandoning module SessionFrontend (442)
[2018.06.16-17.45.28:044][603]LogModuleManager: Shutting down and abandoning module ProfilerClient (440)
[2018.06.16-17.45.28:045][603]LogModuleManager: Shutting down and abandoning module DeviceManager (438)
[2018.06.16-17.45.28:046][603]LogModuleManager: Shutting down and abandoning module TargetDeviceServices (437)
[2018.06.16-17.45.28:102][603]LogModuleManager: Shutting down and abandoning module AutomationController (434)
[2018.06.16-17.45.28:103][603]LogModuleManager: Shutting down and abandoning module AutomationWindow (432)
[2018.06.16-17.45.28:109][603]LogModuleManager: Shutting down and abandoning module Layers (430)
[2018.06.16-17.45.28:113][603]LogModuleManager: Shutting down and abandoning module ComponentVisualizers (428)
[2018.06.16-17.45.28:113][603]LogModuleManager: Shutting down and abandoning module DetailCustomizations (426)
[2018.06.16-17.45.28:113][603]LogModuleManager: Shutting down and abandoning module PackagesDialog (424)
[2018.06.16-17.45.28:114][603]LogModuleManager: Shutting down and abandoning module Persona (422)
[2018.06.16-17.45.28:115][603]LogModuleManager: Shutting down and abandoning module AdvancedPreviewScene (421)
[2018.06.16-17.45.28:115][603]LogModuleManager: Shutting down and abandoning module AnimGraph (419)
[2018.06.16-17.45.28:115][603]LogModuleManager: Shutting down and abandoning module Kismet (416)
[2018.06.16-17.45.28:116][603]LogModuleManager: Shutting down and abandoning module GraphEditor (414)
[2018.06.16-17.45.28:119][603]LogModuleManager: Shutting down and abandoning module ClassViewer (412)
[2018.06.16-17.45.28:119][603]LogModuleManager: Shutting down and abandoning module Toolbox (410)
[2018.06.16-17.45.28:119][603]LogModuleManager: Shutting down and abandoning module ModuleUI (408)
[2018.06.16-17.45.28:119][603]LogModuleManager: Shutting down and abandoning module MovieSceneTools (406)
[2018.06.16-17.45.28:122][603]LogModuleManager: Shutting down and abandoning module OutputLog (404)
[2018.06.16-17.45.28:122][603]LogModuleManager: Shutting down and abandoning module GammaUI (402)
[2018.06.16-17.45.28:123][603]LogModuleManager: Shutting down and abandoning module Documentation (400)
[2018.06.16-17.45.28:123][603]LogModuleManager: Shutting down and abandoning module MovieSceneTracks (398)
[2018.06.16-17.45.28:123][603]LogModuleManager: Shutting down and abandoning module MovieScene (396)
[2018.06.16-17.45.28:123][603]LogModuleManager: Shutting down and abandoning module StreamingPauseRendering (394)
[2018.06.16-17.45.28:123][603]LogModuleManager: Shutting down and abandoning module LauncherPlatform (392)
[2018.06.16-17.45.28:123][603]LogModuleManager: Shutting down and abandoning module AnalyticsET (390)
[2018.06.16-17.45.28:123][603]LogModuleManager: Shutting down and abandoning module PortalServices (388)
[2018.06.16-17.45.28:123][603]LogModuleManager: Shutting down and abandoning module PortalRpc (386)
[2018.06.16-17.45.28:123][603]LogModuleManager: Shutting down and abandoning module MessagingRpc (384)
[2018.06.16-17.45.28:123][603]LogModuleManager: Shutting down and abandoning module AIModule (382)
[2018.06.16-17.45.28:124][603]LogModuleManager: Shutting down and abandoning module GameplayDebugger (381)
[2018.06.16-17.45.28:125][603]LogModuleManager: Shutting down and abandoning module AITestSuite (379)
[2018.06.16-17.45.28:125][603]LogModuleManager: Shutting down and abandoning module DesktopPlatform (376)
[2018.06.16-17.45.28:125][603]LogModuleManager: Shutting down and abandoning module ProfilerService (374)
[2018.06.16-17.45.28:361][603]LogModuleManager: Shutting down and abandoning module TaskGraph (372)
[2018.06.16-17.45.28:363][603]LogModuleManager: Shutting down and abandoning module SteamVRController (370)
[2018.06.16-17.45.28:363][603]LogModuleManager: Shutting down and abandoning module ProceduralMeshComponentEditor (368)
[2018.06.16-17.45.28:363][603]LogModuleManager: Shutting down and abandoning module ProceduralMeshComponent (366)
[2018.06.16-17.45.28:363][603]LogModuleManager: Shutting down and abandoning module OculusInput (364)
[2018.06.16-17.45.28:363][603]LogModuleManager: Shutting down and abandoning module MobilePatchingUtils (362)
[2018.06.16-17.45.28:363][603]LogModuleManager: Shutting down and abandoning module CustomMeshComponent (360)
[2018.06.16-17.45.28:363][603]LogModuleManager: Shutting down and abandoning module CableComponent (358)
[2018.06.16-17.45.28:363][603]LogModuleManager: Shutting down and abandoning module AudioCapture (356)
[2018.06.16-17.45.28:363][603]LogModuleManager: Shutting down and abandoning module ArchVisCharacter (354)
[2018.06.16-17.45.28:363][603]LogModuleManager: Shutting down and abandoning module AndroidPermission (352)
[2018.06.16-17.45.28:363][603]LogModuleManager: Shutting down and abandoning module NUTUnrealEngine4 (348)
[2018.06.16-17.45.28:363][603]LogModuleManager: Shutting down and abandoning module NetcodeUnitTest (346)
[2018.06.16-17.45.28:365][603]LogModuleManager: Shutting down and abandoning module MediaCompositingEditor (344)
[2018.06.16-17.45.28:365][603]LogModuleManager: Shutting down and abandoning module MediaCompositing (342)
[2018.06.16-17.45.28:365][603]LogModuleManager: Shutting down and abandoning module LinearTimecode (340)
[2018.06.16-17.45.28:365][603]LogModuleManager: Shutting down and abandoning module ImgMedia (338)
[2018.06.16-17.45.28:368][603]LogModuleManager: Shutting down and abandoning module HTML5Networking (336)
[2018.06.16-17.45.28:368][603]LogModuleManager: Shutting down and abandoning module AlembicImporter (334)
[2018.06.16-17.45.28:369][603]LogModuleManager: Shutting down and abandoning module AlembicLibrary (333)
[2018.06.16-17.45.28:369][603]LogModuleManager: Shutting down and abandoning module GeometryCache (332)
[2018.06.16-17.45.28:369][603]LogModuleManager: Shutting down and abandoning module GeometryCacheEd (331)
[2018.06.16-17.45.28:369][603]LogModuleManager: Shutting down and abandoning module DatasmithContent (326)
[2018.06.16-17.45.28:369][603]LogModuleManager: Shutting down and abandoning module SpeedTreeImporter (324)
[2018.06.16-17.45.28:369][603]LogModuleManager: Shutting down and abandoning module PluginBrowser (322)
[2018.06.16-17.45.28:370][603]LogModuleManager: Shutting down and abandoning module MobileLauncherProfileWizard (320)
[2018.06.16-17.45.28:371][603]LogModuleManager: Shutting down and abandoning module CryptoKeysOpenSSL (318)
[2018.06.16-17.45.28:371][603]LogModuleManager: Shutting down and abandoning module CryptoKeys (316)
[2018.06.16-17.45.28:372][603]LogModuleManager: Shutting down and abandoning module VisualStudioSourceCodeAccess (314)
[2018.06.16-17.45.28:372][603]LogModuleManager: Shutting down and abandoning module VisualStudioCodeSourceCodeAccess (312)
[2018.06.16-17.45.28:372][603]LogModuleManager: Shutting down and abandoning module UObjectPlugin (310)
[2018.06.16-17.45.28:372][603]LogModuleManager: Shutting down and abandoning module SubversionSourceControl (308)
[2018.06.16-17.45.28:373][603]LogModuleManager: Shutting down and abandoning module PerforceSourceControl (306)
[2018.06.16-17.45.28:374][603]LogModuleManager: Shutting down and abandoning module GitSourceControl (304)
[2018.06.16-17.45.28:374][603]LogModuleManager: Shutting down and abandoning module SourceControl (303)
[2018.06.16-17.45.28:374][603]LogModuleManager: Shutting down and abandoning module CLionSourceCodeAccess (300)
[2018.06.16-17.45.28:375][603]LogModuleManager: Shutting down and abandoning module LightPropagationVolumeEditor (298)
[2018.06.16-17.45.28:375][603]LogModuleManager: Shutting down and abandoning module PaperTiledImporter (296)
[2018.06.16-17.45.28:375][603]LogModuleManager: Shutting down and abandoning module PaperSpriteSheetImporter (294)
[2018.06.16-17.45.28:375][603]LogModuleManager: Shutting down and abandoning module Paper2DEditor (292)
[2018.06.16-17.45.28:376][603]LogModuleManager: Shutting down and abandoning module MeshPaint (291)
[2018.06.16-17.45.28:376][603]LogModuleManager: Shutting down and abandoning module RuntimePhysXCooking (288)
[2018.06.16-17.45.28:376][603]LogModuleManager: Shutting down and abandoning module PhysXVehiclesEditor (286)
[2018.06.16-17.45.28:376][603]LogModuleManager: Shutting down and abandoning module PhysXVehicles (284)
[2018.06.16-17.45.28:376][603]LogModuleManager: Shutting down and abandoning module OculusEditor (282)
[2018.06.16-17.45.28:376][603]LogModuleManager: Shutting down and abandoning module LocationServicesBPLibrary (280)
[2018.06.16-17.45.28:377][603]LogModuleManager: Shutting down and abandoning module ImmediatePhysicsEditor (278)
[2018.06.16-17.45.28:377][603]LogModuleManager: Shutting down and abandoning module ImmediatePhysics (276)
[2018.06.16-17.45.28:377][603]LogModuleManager: Shutting down and abandoning module ActorSequence (274)
[2018.06.16-17.45.28:377][603]LogModuleManager: Shutting down and abandoning module UdpMessaging (272)
[2018.06.16-17.45.28:477][603]LogModuleManager: Shutting down and abandoning module TcpMessaging (270)
[2018.06.16-17.45.28:578][603]LogModuleManager: Shutting down and abandoning module GameplayTagsEditor (268)
[2018.06.16-17.45.28:579][603]LogModuleManager: Shutting down and abandoning module FacialAnimationEditor (266)
[2018.06.16-17.45.28:579][603]LogModuleManager: Shutting down and abandoning module FacialAnimation (264)
[2018.06.16-17.45.28:579][603]LogModuleManager: Shutting down and abandoning module DataValidation (262)
[2018.06.16-17.45.28:579][603]LogModuleManager: Shutting down and abandoning module AssetManagerEditor (260)
[2018.06.16-17.45.28:580][603]LogModuleManager: Shutting down and abandoning module LevelEditor (259)
[2018.06.16-17.45.28:582][603]LogModuleManager: Shutting down and abandoning module PixelInspectorModule (258)
[2018.06.16-17.45.28:583][603]LogModuleManager: Shutting down and abandoning module CommonMenuExtensions (256)
[2018.06.16-17.45.28:588][603]LogModuleManager: Shutting down and abandoning module MainFrame (254)
[2018.06.16-17.45.28:588][603]LogModuleManager: Shutting down and abandoning module HotReload (253)
[2018.06.16-17.45.28:589][603]LogModuleManager: Shutting down and abandoning module ContentBrowser (249)
[2018.06.16-17.45.28:590][603]LogModuleManager: Shutting down and abandoning module TreeMap (247)
[2018.06.16-17.45.28:591][603]LogModuleManager: Shutting down and abandoning module LightPropagationVolumeRuntime (244)
[2018.06.16-17.45.28:591][603]LogModuleManager: Shutting down and abandoning module LiveLinkEditor (242)
[2018.06.16-17.45.28:592][603]LogModuleManager: Shutting down and abandoning module LiveLink (240)
[2018.06.16-17.45.28:796][603]LogModuleManager: Shutting down and abandoning module Paper2D (238)
[2018.06.16-17.45.28:796][603]LogModuleManager: Shutting down and abandoning module WindowsMoviePlayer (236)
[2018.06.16-17.45.28:798][603]LogModuleManager: Shutting down and abandoning module WmfMedia (234)
[2018.06.16-17.45.28:800][603]LogModuleManager: Shutting down and abandoning module Media (233)
[2018.06.16-17.45.28:813][603]LogModuleManager: Shutting down and abandoning module PacketHandler (230)
[2018.06.16-17.45.28:813][603]LogModuleManager: Shutting down and abandoning module ClothingSystemEditor (228)
[2018.06.16-17.45.28:814][603]LogModuleManager: Shutting down and abandoning module ClothingSystemRuntime (226)
[2018.06.16-17.45.28:833][603]LogModuleManager: Shutting down and abandoning module MediaAssets (224)
[2018.06.16-17.45.28:833][603]LogModuleManager: Shutting down and abandoning module Overlay (222)
[2018.06.16-17.45.28:833][603]LogModuleManager: Shutting down and abandoning module OverlayEditor (221)
[2018.06.16-17.45.28:833][603]LogModuleManager: Shutting down and abandoning module VREditor (218)
[2018.06.16-17.45.28:834][603]LogModuleManager: Shutting down and abandoning module StringTableEditor (216)
[2018.06.16-17.45.28:834][603]LogModuleManager: Shutting down and abandoning module GameplayTasksEditor (214)
[2018.06.16-17.45.28:834][603]LogModuleManager: Shutting down and abandoning module BehaviorTreeEditor (212)
[2018.06.16-17.45.28:835][603]LogModuleManager: Shutting down and abandoning module FunctionalTesting (210)
[2018.06.16-17.45.28:835][603]LogModuleManager: Shutting down and abandoning module CollisionAnalyzer (208)
[2018.06.16-17.45.28:836][603]LogModuleManager: Shutting down and abandoning module WorkspaceMenuStructure (207)
[2018.06.16-17.45.28:838][603]LogModuleManager: Shutting down and abandoning module UMG (204)
[2018.06.16-17.45.28:838][603]LogModuleManager: Shutting down and abandoning module UMGEditor (203)
[2018.06.16-17.45.28:839][603]LogModuleManager: Shutting down and abandoning module Sequencer (202)
[2018.06.16-17.45.28:841][603]LogModuleManager: Shutting down and abandoning module MessageLog (199)
[2018.06.16-17.45.28:841][603]LogModuleManager: Shutting down and abandoning module SlateReflector (194)
[2018.06.16-17.45.28:844][603]LogModuleManager: Shutting down and abandoning module Slate (192)
[2018.06.16-17.45.28:844][603]LogModuleManager: Shutting down and abandoning module EditorStyle (190)
[2018.06.16-17.45.28:849][603]LogModuleManager: Shutting down and abandoning module MRMesh (188)
[2018.06.16-17.45.28:849][603]LogModuleManager: Shutting down and abandoning module SourceCodeAccess (186)
[2018.06.16-17.45.28:849][603]LogModuleManager: Shutting down and abandoning module HeadMountedDisplay (184)
[2018.06.16-17.45.28:849][603]LogModuleManager: Shutting down and abandoning module XAudio2 (182)
[2018.06.16-17.45.28:849][603]LogModuleManager: Shutting down and abandoning module Networking (180)
[2018.06.16-17.45.28:849][603]LogModuleManager: Shutting down and abandoning module Core (178)
[2018.06.16-17.45.28:849][603]LogModuleManager: Shutting down and abandoning module LevelSequence (176)
[2018.06.16-17.45.28:849][603]LogModuleManager: Shutting down and abandoning module KismetCompiler (174)
[2018.06.16-17.45.28:849][603]LogModuleManager: Shutting down and abandoning module MeshUtilities (172)
[2018.06.16-17.45.28:850][603]LogModuleManager: Shutting down and abandoning module MeshMergeUtilities (171)
[2018.06.16-17.45.28:851][603]LogModuleManager: Shutting down and abandoning module MeshReductionInterface (170)
[2018.06.16-17.45.28:851][603]LogModuleManager: Shutting down and abandoning module SimplygonSwarm (169)
[2018.06.16-17.45.28:852][603]LogModuleManager: Shutting down and abandoning module SimplygonMeshReduction (167)
[2018.06.16-17.45.28:852][603]LogModuleManager: Shutting down and abandoning module QuadricMeshReduction (165)
[2018.06.16-17.45.28:852][603]LogModuleManager: Shutting down and abandoning module MaterialBaking (161)
[2018.06.16-17.45.28:853][603]LogModuleManager: Shutting down and abandoning module DirectoryWatcher (157)
[2018.06.16-17.45.28:853][603]LogModuleManager: Shutting down and abandoning module DerivedDataCache (154)
[2018.06.16-17.45.28:906][603]LogDerivedDataCache: Shutdown
[2018.06.16-17.45.28:906][603]LogModuleManager: Shutting down and abandoning module XGEController (152)
[2018.06.16-17.45.28:907][603]LogXGEController: Cleaning working directory: C:/Users/Tyrone/AppData/Local/Temp/UnrealXGEWorkingDir/
[2018.06.16-17.45.28:907][603]LogModuleManager: Shutting down and abandoning module TargetPlatform (150)
[2018.06.16-17.45.28:908][603]LogModuleManager: Shutting down and abandoning module VulkanShaderFormat (149)
[2018.06.16-17.45.28:908][603]LogModuleManager: Shutting down and abandoning module ShaderFormatVectorVM (147)
[2018.06.16-17.45.28:909][603]LogModuleManager: Shutting down and abandoning module ShaderFormatOpenGL (145)
[2018.06.16-17.45.28:910][603]LogModuleManager: Shutting down and abandoning module ShaderFormatD3D (143)
[2018.06.16-17.45.28:910][603]LogModuleManager: Shutting down and abandoning module MetalShaderFormat (141)
[2018.06.16-17.45.28:911][603]LogModuleManager: Shutting down and abandoning module TextureFormatUncompressed (139)
[2018.06.16-17.45.28:911][603]LogModuleManager: Shutting down and abandoning module TextureFormatPVR (137)
[2018.06.16-17.45.28:911][603]LogModuleManager: Shutting down and abandoning module TextureFormatDXT (135)
[2018.06.16-17.45.28:911][603]LogModuleManager: Shutting down and abandoning module TextureFormatIntelISPCTexComp (133)
[2018.06.16-17.45.28:913][603]LogModuleManager: Shutting down and abandoning module TextureFormatASTC (131)
[2018.06.16-17.45.28:913][603]LogModuleManager: Shutting down and abandoning module ImageWrapper (130)
[2018.06.16-17.45.28:913][603]LogModuleManager: Shutting down and abandoning module TextureFormatAndroid (127)
[2018.06.16-17.45.28:913][603]LogModuleManager: Shutting down and abandoning module AudioFormatOpus (125)
[2018.06.16-17.45.28:913][603]LogModuleManager: Shutting down and abandoning module AudioFormatOgg (123)
[2018.06.16-17.45.28:914][603]LogModuleManager: Shutting down and abandoning module AudioFormatADPCM (121)
[2018.06.16-17.45.28:915][603]LogModuleManager: Shutting down and abandoning module LinuxTargetPlatform (119)
[2018.06.16-17.45.28:915][603]LogModuleManager: Shutting down and abandoning module LinuxServerTargetPlatform (117)
[2018.06.16-17.45.28:915][603]LogModuleManager: Shutting down and abandoning module LinuxNoEditorTargetPlatform (115)
[2018.06.16-17.45.28:915][603]LogModuleManager: Shutting down and abandoning module LinuxClientTargetPlatform (113)
[2018.06.16-17.45.28:916][603]LogModuleManager: Shutting down and abandoning module TVOSTargetPlatform (111)
[2018.06.16-17.45.28:916][603]LogModuleManager: Shutting down and abandoning module Messaging (109)
[2018.06.16-17.45.28:916][603]LogModuleManager: Shutting down and abandoning module IOSTargetPlatform (107)
[2018.06.16-17.45.28:916][603]LogModuleManager: Shutting down and abandoning module HTML5TargetPlatform (105)
[2018.06.16-17.45.28:916][603]LogModuleManager: Shutting down and abandoning module AndroidTargetPlatform (103)
[2018.06.16-17.45.28:916][603]LogModuleManager: Shutting down and abandoning module Android_PVRTCTargetPlatform (101)
[2018.06.16-17.45.28:916][603]LogModuleManager: Shutting down and abandoning module Android_MultiTargetPlatform (99)
[2018.06.16-17.45.28:916][603]LogModuleManager: Shutting down and abandoning module Android_ETC2TargetPlatform (97)
[2018.06.16-17.45.28:916][603]LogModuleManager: Shutting down and abandoning module Android_ETC1TargetPlatform (95)
[2018.06.16-17.45.28:917][603]LogModuleManager: Shutting down and abandoning module Android_ETC1aTargetPlatform (93)
[2018.06.16-17.45.28:917][603]LogModuleManager: Shutting down and abandoning module Android_DXTTargetPlatform (91)
[2018.06.16-17.45.28:917][603]LogModuleManager: Shutting down and abandoning module Android_ATCTargetPlatform (89)
[2018.06.16-17.45.28:917][603]LogModuleManager: Shutting down and abandoning module Android_ASTCTargetPlatform (87)
[2018.06.16-17.45.28:917][603]LogModuleManager: Shutting down and abandoning module WindowsTargetPlatform (85)
[2018.06.16-17.45.28:917][603]LogModuleManager: Shutting down and abandoning module WindowsServerTargetPlatform (83)
[2018.06.16-17.45.28:917][603]LogModuleManager: Shutting down and abandoning module WindowsNoEditorTargetPlatform (81)
[2018.06.16-17.45.28:918][603]LogModuleManager: Shutting down and abandoning module WindowsClientTargetPlatform (79)
[2018.06.16-17.45.28:918][603]LogModuleManager: Shutting down and abandoning module MacTargetPlatform (77)
[2018.06.16-17.45.28:918][603]LogModuleManager: Shutting down and abandoning module MacServerTargetPlatform (75)
[2018.06.16-17.45.28:918][603]LogModuleManager: Shutting down and abandoning module MacNoEditorTargetPlatform (73)
[2018.06.16-17.45.28:919][603]LogModuleManager: Shutting down and abandoning module MacClientTargetPlatform (71)
[2018.06.16-17.45.28:919][603]LogModuleManager: Shutting down and abandoning module AllDesktopTargetPlatform (69)
[2018.06.16-17.45.28:919][603]LogModuleManager: Shutting down and abandoning module InputCore (66)
[2018.06.16-17.45.28:919][603]LogModuleManager: Shutting down and abandoning module Settings (64)
[2018.06.16-17.45.28:919][603]LogModuleManager: Shutting down and abandoning module PhysXCooking (62)
[2018.06.16-17.45.28:919][603]LogModuleManager: Shutting down and abandoning module SteamVR (60)
[2018.06.16-17.45.28:919][603]LogModuleManager: Shutting down and abandoning module OculusHMD (58)
[2018.06.16-17.45.28:919][603]LogModuleManager: Shutting down and abandoning module ExampleDeviceProfileSelector (56)
[2018.06.16-17.45.28:920][603]LogModuleManager: Shutting down and abandoning module AppleARKit (54)
[2018.06.16-17.45.28:920][603]LogModuleManager: Shutting down and abandoning module AugmentedReality (51)
[2018.06.16-17.45.28:920][603]LogModuleManager: Shutting down and abandoning module OnlineBlueprintSupport (48)
[2018.06.16-17.45.28:920][603]LogModuleManager: Shutting down and abandoning module OnlineSubsystem (44)
[2018.06.16-17.45.28:921][603]LogModuleManager: Shutting down and abandoning module XMPP (43)
[2018.06.16-17.45.28:923][603]LogModuleManager: Shutting down and abandoning module HTTP (41)
[2018.06.16-17.45.28:923][603]LogHttp: Display: Http module shutting down, but needs to wait on 1 outstanding Http requests:
[2018.06.16-17.45.28:923][603]LogHttp: Display: 	verb=[POST] url=[https://datarouter.ol.epicgames.com/datarouter/api/v1/public/data?SessionID=%7B2F0C1705-4165-D6B6-D4AC-CFA0F862CB15%7D&AppID=UEEditor.Rocket.Release&AppVersion=4.19.2-4033788%2B%2B%2BUE4%2BRelease-4.19&UserID=7604bb244ac4635f854ff4957451a75c%7C4f43e5917cc24c80aa80b74866912d9d%7C651f25d6-3cca-4a0b-9c9a-74cefa8a7ded&AppEnvironment=datacollector-binary&UploadType=eteventstream] status=Processing
[2018.06.16-17.45.28:963][603]LogModuleManager: Shutting down and abandoning module SSL (40)
[2018.06.16-17.45.28:967][603]LogModuleManager: Shutting down and abandoning module AnimationModifiers (36)
[2018.06.16-17.45.28:967][603]LogModuleManager: Shutting down and abandoning module PropertyEditor (35)
[2018.06.16-17.45.28:969][603]LogModuleManager: Shutting down and abandoning module AudioEditor (32)
[2018.06.16-17.45.28:970][603]LogModuleManager: Shutting down and abandoning module TextureCompressor (30)
[2018.06.16-17.45.28:973][603]LogModuleManager: Shutting down and abandoning module ShaderCore (28)
[2018.06.16-17.45.28:973][603]LogModuleManager: Shutting down and abandoning module Landscape (26)
[2018.06.16-17.45.28:973][603]LogModuleManager: Shutting down and abandoning module SlateRHIRenderer (24)
[2018.06.16-17.45.28:976][603]LogModuleManager: Shutting down and abandoning module OpenGLDrv (22)
[2018.06.16-17.45.28:976][603]LogModuleManager: Shutting down and abandoning module D3D11RHI (20)
[2018.06.16-17.45.28:976][603]LogModuleManager: Shutting down and abandoning module AnimGraphRuntime (18)
[2018.06.16-17.45.28:976][603]LogModuleManager: Shutting down and abandoning module Renderer (16)
[2018.06.16-17.45.28:976][603]LogModuleManager: Shutting down and abandoning module Engine (14)
[2018.06.16-17.45.28:977][603]LogModuleManager: Shutting down and abandoning module CoreUObject (12)
[2018.06.16-17.45.28:977][603]LogModuleManager: Shutting down and abandoning module NetworkFile (10)
[2018.06.16-17.45.28:977][603]LogModuleManager: Shutting down and abandoning module CookedIterativeFile (8)
[2018.06.16-17.45.28:977][603]LogModuleManager: Shutting down and abandoning module StreamingFile (6)
[2018.06.16-17.45.28:977][603]LogModuleManager: Shutting down and abandoning module SandboxFile (4)
[2018.06.16-17.45.28:977][603]LogModuleManager: Shutting down and abandoning module PakFile (2)
[2018.06.16-17.45.28:979][603]LogExit: Exiting.
[2018.06.16-17.45.29:098][603]Log file closed, 06/16/18 13:45:29
